<?xml version="1.0" encoding="UTF-8"?>
<!-- Generated by org.testng.reporters.JUnitReportReporter -->
<testsuite hostname="DESKTOP-VL2N6EH" failures="0" tests="1" name="Day_024_Advanced_Xpaths.TC009_Preceding" time="8.326" errors="0" timestamp="2020-02-04T20:42:38 IST" skipped="0">
  <testcase classname="Day_024_Advanced_Xpaths.TC009_Preceding" name="Test1" time="8.326"/>
</testsuite> <!-- Day_024_Advanced_Xpaths.TC009_Preceding -->
