<?xml version="1.0" encoding="UTF-8"?>
<!-- Generated by org.testng.reporters.JUnitReportReporter -->
<testsuite hostname="DESKTOP-VL2N6EH" failures="0" tests="1" name="Day_022_Action_class.TC04_Drag_And_Drop" time="11.026" errors="0" timestamp="2020-01-29T21:03:25 IST" skipped="0">
  <testcase classname="Day_022_Action_class.TC04_Drag_And_Drop" name="Login_Test" time="11.026"/>
</testsuite> <!-- Day_022_Action_class.TC04_Drag_And_Drop -->
