<?xml version="1.0" encoding="UTF-8"?>
<!-- Generated by org.testng.reporters.JUnitReportReporter -->
<testsuite hostname="admin-PC" failures="0" tests="3" name="Pavan2.ScreenShot_Example2" time="39.979" errors="0" timestamp="04 Aug 2019 16:07:17 GMT" skipped="0">
  <testcase classname="Pavan2.ScreenShot_Example2" name="Test4" time="12.593"/>
  <testcase classname="Pavan2.ScreenShot_Example2" name="Test5" time="12.664"/>
  <testcase classname="Pavan2.ScreenShot_Example2" name="Test3" time="14.722"/>
</testsuite> <!-- Pavan2.ScreenShot_Example2 -->
