<?xml version="1.0" encoding="UTF-8"?>
<!-- Generated by org.testng.reporters.JUnitReportReporter -->
<testsuite hostname="admin-PC" failures="0" tests="2" name="Pavan1.mercurytest2" time="82.427" errors="0" timestamp="30 Jul 2019 13:55:25 GMT" skipped="0">
  <testcase classname="Pavan1.mercurytest2" name="Test2" time="42.079"/>
  <testcase classname="Pavan1.mercurytest2" name="Test1" time="40.348"/>
</testsuite> <!-- Pavan1.mercurytest2 -->
