<?xml version="1.0" encoding="UTF-8"?>
<!-- Generated by org.testng.reporters.JUnitReportReporter -->
<testsuite hostname="Saryu-PC" failures="0" tests="1" name="Day_020_Multiple_Windows.MultipleWindows3" time="36.812" errors="0" timestamp="16 Oct 2019 14:53:32 GMT" skipped="0">
  <testcase classname="Day_020_Multiple_Windows.MultipleWindows3" name="MultipleWindows2" time="36.812"/>
</testsuite> <!-- Day_020_Multiple_Windows.MultipleWindows3 -->
