<?xml version="1.0" encoding="UTF-8"?>
<!-- Generated by org.testng.reporters.JUnitReportReporter -->
<testsuite hostname="DESKTOP-VL2N6EH" failures="0" tests="1" name="Day_018_Waits.TC04_Thread_Sleep" time="25.358" errors="0" timestamp="2020-01-27T21:06:13 IST" skipped="0">
  <testcase classname="Day_018_Waits.TC04_Thread_Sleep" name="Login_Test" time="25.358"/>
</testsuite> <!-- Day_018_Waits.TC04_Thread_Sleep -->
