<?xml version="1.0" encoding="UTF-8"?>
<!-- Generated by org.testng.reporters.JUnitReportReporter -->
<testsuite hostname="DESKTOP-VL2N6EH" failures="0" tests="1" name="Day_40_Key_Word_Driven1.TC01_Nationality" time="21.485" errors="0" timestamp="2020-01-28T06:39:49 IST" skipped="0">
  <testcase classname="Day_40_Key_Word_Driven1.TC01_Nationality" name="TC01_Test" time="21.485"/>
</testsuite> <!-- Day_40_Key_Word_Driven1.TC01_Nationality -->
