<?xml version="1.0" encoding="UTF-8"?>
<!-- Generated by org.testng.reporters.JUnitReportReporter -->
<testsuite hostname="Saryu-PC" failures="0" tests="2" name="Day_016_ParallelMethods.OrangeHRMTest2" time="19.146" errors="0" timestamp="17 Oct 2019 09:43:26 GMT" skipped="0">
  <testcase classname="Day_016_ParallelMethods.OrangeHRMTest2" name="TC01_Test1" time="11.702"/>
  <testcase classname="Day_016_ParallelMethods.OrangeHRMTest2" name="TC02_Test2" time="7.444"/>
</testsuite> <!-- Day_016_ParallelMethods.OrangeHRMTest2 -->
