<?xml version="1.0" encoding="UTF-8"?>
<!-- Generated by org.testng.reporters.JUnitReportReporter -->
<testsuite hostname="Saryu-PC" failures="0" tests="1" name="Day_015_ParallelTests.MercuryTest" time="10.632" errors="0" timestamp="2019-12-20T06:15:14 IST" skipped="0">
  <testcase classname="Day_015_ParallelTests.MercuryTest" name="Open_Mercury" time="10.632"/>
</testsuite> <!-- Day_015_ParallelTests.MercuryTest -->
