<?xml version="1.0" encoding="UTF-8"?>
<!-- Generated by org.testng.reporters.JUnitReportReporter -->
<testsuite hostname="Sudhakar-PC" failures="0" tests="1" name="Employee.AddEmpDataProvider4" time="203.434" errors="0" timestamp="07 Jul 2019 11:06:04 GMT" skipped="0">
  <testcase classname="Employee.AddEmpDataProvider4" name="AddEmployee_call_allmethods" time="203.434"/>
</testsuite> <!-- Employee.AddEmpDataProvider4 -->
