<?xml version="1.0" encoding="UTF-8"?>
<!-- Generated by org.testng.reporters.JUnitReportReporter -->
<testsuite hostname="admin-PC" failures="0" tests="1" name="Pavan1.FaceBook" time="32.546" errors="0" timestamp="29 Jul 2019 13:25:33 GMT" skipped="0">
  <testcase classname="Pavan1.FaceBook" name="FacebookApp" time="32.546"/>
</testsuite> <!-- Pavan1.FaceBook -->
