<?xml version="1.0" encoding="UTF-8"?>
<!-- Generated by org.testng.reporters.JUnitReportReporter -->
<testsuite hostname="Saryu-PC" failures="0" tests="1" name="Day_40_Key_Word_Driven.TC01_Mercury" time="15.592" errors="0" timestamp="2019-12-18T06:10:32 IST" skipped="0">
  <testcase classname="Day_40_Key_Word_Driven.TC01_Mercury" name="TC01_Test" time="15.592"/>
</testsuite> <!-- Day_40_Key_Word_Driven.TC01_Mercury -->
