<?xml version="1.0" encoding="UTF-8"?>
<!-- Generated by org.testng.reporters.JUnitReportReporter -->
<testsuite hostname="Saryu-PC" failures="0" tests="1" name="Day_012_TestNG_Paraneters.TC02_Login_Static_Paarameters1" time="71.336" errors="0" timestamp="2019-11-08T20:44:56 IST" skipped="0">
  <testcase classname="Day_012_TestNG_Paraneters.TC02_Login_Static_Paarameters1" name="Login_Test" time="71.336"/>
</testsuite> <!-- Day_012_TestNG_Paraneters.TC02_Login_Static_Paarameters1 -->
