<?xml version="1.0" encoding="UTF-8"?>
<!-- Generated by org.testng.reporters.JUnitReportReporter -->
<testsuite hostname="DESKTOP-VL2N6EH" failures="0" tests="1" name="Day_019_Frames.Switch_Frame_By_WebElement" time="8.109" errors="0" timestamp="2020-01-27T21:29:46 IST" skipped="0">
  <testcase classname="Day_019_Frames.Switch_Frame_By_WebElement" name="Login_Test" time="8.109"/>
</testsuite> <!-- Day_019_Frames.Switch_Frame_By_WebElement -->
