<?xml version="1.0" encoding="UTF-8"?>
<!-- Generated by org.testng.reporters.JUnitReportReporter -->
<testsuite hostname="admin-PC" failures="0" tests="3" name="TestNG_DataProvider_Lab1.OrangeHRM_DataProvider_Lab2" time="171.663" errors="0" timestamp="29 Aug 2019 13:31:37 GMT" skipped="0">
  <testcase classname="TestNG_DataProvider_Lab1.OrangeHRM_DataProvider_Lab2" name="Test1" time="37.870"/>
  <testcase classname="TestNG_DataProvider_Lab1.OrangeHRM_DataProvider_Lab2" name="Test1" time="99.529"/>
  <testcase classname="TestNG_DataProvider_Lab1.OrangeHRM_DataProvider_Lab2" name="Test1" time="34.264"/>
</testsuite> <!-- TestNG_DataProvider_Lab1.OrangeHRM_DataProvider_Lab2 -->
