<?xml version="1.0" encoding="UTF-8"?>
<!-- Generated by org.testng.reporters.JUnitReportReporter -->
<testsuite hostname="Sudhakar-PC" failures="0" tests="1" name="ScreenShot.Test2" time="89.165" errors="0" timestamp="08 Oct 2019 04:12:11 GMT" skipped="0">
  <testcase classname="ScreenShot.Test2" name="AddNationalitiess" time="89.165"/>
</testsuite> <!-- ScreenShot.Test2 -->
