<?xml version="1.0" encoding="UTF-8"?>
<!-- Generated by org.testng.reporters.JUnitReportReporter -->
<testsuite hostname="Sudhakar-PC" failures="0" tests="1" name="Multiple_Windows.MultipleFrames" time="67.897" errors="0" timestamp="03 Oct 2019 23:28:15 GMT" skipped="0">
  <testcase classname="Multiple_Windows.MultipleFrames" name="Login_Test" time="67.897"/>
</testsuite> <!-- Multiple_Windows.MultipleFrames -->
