<?xml version="1.0" encoding="UTF-8"?>
<!-- Generated by org.testng.reporters.JUnitReportReporter -->
<testsuite hostname="Saryu-PC" failures="0" tests="1" name="Day_023_File_Upload_Download.TC05_KeyBoard_Inputs" time="22.081" errors="0" timestamp="2019-11-16T04:27:43 IST" skipped="0">
  <testcase classname="Day_023_File_Upload_Download.TC05_KeyBoard_Inputs" name="OpeningNewTab1" time="22.081"/>
</testsuite> <!-- Day_023_File_Upload_Download.TC05_KeyBoard_Inputs -->
