<?xml version="1.0" encoding="UTF-8"?>
<!-- Generated by org.testng.reporters.JUnitReportReporter -->
<testsuite hostname="Sudhakar-PC" failures="0" tests="2" name="TestNG_DataProvider_Lab2.TC02_Login_Static_Paarameters" time="103.726" errors="0" timestamp="17 Sep 2019 01:23:14 GMT" skipped="0">
  <testcase classname="TestNG_DataProvider_Lab2.TC02_Login_Static_Paarameters" name="Login_Test" time="29.777"/>
  <testcase classname="TestNG_DataProvider_Lab2.TC02_Login_Static_Paarameters" name="Login_Test" time="73.949"/>
</testsuite> <!-- TestNG_DataProvider_Lab2.TC02_Login_Static_Paarameters -->
