<?xml version="1.0" encoding="UTF-8"?>
<!-- Generated by org.testng.reporters.JUnitReportReporter -->
<testsuite hostname="Saryu-PC" failures="0" tests="2" name="Day_006_TestNG_DataProvider_Lab2.TC03_Login_Static_Paarameters1" time="34.578" errors="0" timestamp="03 Nov 2019 04:27:36 GMT" skipped="0">
  <testcase classname="Day_006_TestNG_DataProvider_Lab2.TC03_Login_Static_Paarameters1" name="Login_Test" time="17.911"/>
  <testcase classname="Day_006_TestNG_DataProvider_Lab2.TC03_Login_Static_Paarameters1" name="Login_Test" time="16.667"/>
</testsuite> <!-- Day_006_TestNG_DataProvider_Lab2.TC03_Login_Static_Paarameters1 -->
