<?xml version="1.0" encoding="UTF-8"?>
<!-- Generated by org.testng.reporters.JUnitReportReporter -->
<testsuite hostname="Sudhakar-PC" failures="0" tests="1" name="Action_class.mercurytest3" time="86.367" errors="0" timestamp="27 Sep 2019 15:20:52 GMT" skipped="0">
  <testcase classname="Action_class.mercurytest3" name="Test1" time="86.367"/>
</testsuite> <!-- Action_class.mercurytest3 -->
