<?xml version="1.0" encoding="UTF-8"?>
<!-- Generated by org.testng.reporters.JUnitReportReporter -->
<testsuite hostname="Sudhakar-PC" failures="0" tests="1" name="StaticMethods_Example.StaticMethods" time="23.954" errors="1" timestamp="08 Sep 2019 13:53:29 GMT" skipped="0">
  <testcase classname="StaticMethods_Example.StaticMethods" name="TC01_Add_Nationalitiess" time="23.954">
    <error type="java.lang.StackOverflowError">
      <![CDATA[java.lang.StackOverflowError
at StaticMethods_Example.StaticMethods.findElement(StaticMethods.java:163)
at StaticMethods_Example.StaticMethods.findElement(StaticMethods.java:163)
at StaticMethods_Example.StaticMethods.findElement(StaticMethods.java:163)
at StaticMethods_Example.StaticMethods.findElement(StaticMethods.java:163)
at StaticMethods_Example.StaticMethods.findElement(StaticMethods.java:163)
at StaticMethods_Example.StaticMethods.findElement(StaticMethods.java:163)
at StaticMethods_Example.StaticMethods.findElement(StaticMethods.java:163)
at StaticMethods_Example.StaticMethods.findElement(StaticMethods.java:163)
at StaticMethods_Example.StaticMethods.findElement(StaticMethods.java:163)
at StaticMethods_Example.StaticMethods.findElement(StaticMethods.java:163)
at StaticMethods_Example.StaticMethods.findElement(StaticMethods.java:163)
at StaticMethods_Example.StaticMethods.findElement(StaticMethods.java:163)
at StaticMethods_Example.StaticMethods.findElement(StaticMethods.java:163)
at StaticMethods_Example.StaticMethods.findElement(StaticMethods.java:163)
at StaticMethods_Example.StaticMethods.findElement(StaticMethods.java:163)
at StaticMethods_Example.StaticMethods.findElement(StaticMethods.java:163)
at StaticMethods_Example.StaticMethods.findElement(StaticMethods.java:163)
at StaticMethods_Example.StaticMethods.findElement(StaticMethods.java:163)
at StaticMethods_Example.StaticMethods.findElement(StaticMethods.java:163)
at StaticMethods_Example.StaticMethods.findElement(StaticMethods.java:163)
at StaticMethods_Example.StaticMethods.findElement(StaticMethods.java:163)
at StaticMethods_Example.StaticMethods.findElement(StaticMethods.java:163)
at StaticMethods_Example.StaticMethods.findElement(StaticMethods.java:163)
at StaticMethods_Example.StaticMethods.findElement(StaticMethods.java:163)
at StaticMethods_Example.StaticMethods.findElement(StaticMethods.java:163)
at StaticMethods_Example.StaticMethods.findElement(StaticMethods.java:163)
at StaticMethods_Example.StaticMethods.findElement(StaticMethods.java:163)
at StaticMethods_Example.StaticMethods.findElement(StaticMethods.java:163)
at StaticMethods_Example.StaticMethods.findElement(StaticMethods.java:163)
at StaticMethods_Example.StaticMethods.findElement(StaticMethods.java:163)
at StaticMethods_Example.StaticMethods.findElement(StaticMethods.java:163)
at StaticMethods_Example.StaticMethods.findElement(StaticMethods.java:163)
at StaticMethods_Example.StaticMethods.findElement(StaticMethods.java:163)
at StaticMethods_Example.StaticMethods.findElement(StaticMethods.java:163)
at StaticMethods_Example.StaticMethods.findElement(StaticMethods.java:163)
at StaticMethods_Example.StaticMethods.findElement(StaticMethods.java:163)
at StaticMethods_Example.StaticMethods.findElement(StaticMethods.java:163)
at StaticMethods_Example.StaticMethods.findElement(StaticMethods.java:163)
at StaticMethods_Example.StaticMethods.findElement(StaticMethods.java:163)
at StaticMethods_Example.StaticMethods.findElement(StaticMethods.java:163)
at StaticMethods_Example.StaticMethods.findElement(StaticMethods.java:163)
at StaticMethods_Example.StaticMethods.findElement(StaticMethods.java:163)
at StaticMethods_Example.StaticMethods.findElement(StaticMethods.java:163)
at StaticMethods_Example.StaticMethods.findElement(StaticMethods.java:163)
at StaticMethods_Example.StaticMethods.findElement(StaticMethods.java:163)
at StaticMethods_Example.StaticMethods.findElement(StaticMethods.java:163)
at StaticMethods_Example.StaticMethods.findElement(StaticMethods.java:163)
at StaticMethods_Example.StaticMethods.findElement(StaticMethods.java:163)
at StaticMethods_Example.StaticMethods.findElement(StaticMethods.java:163)
at StaticMethods_Example.StaticMethods.findElement(StaticMethods.java:163)
at StaticMethods_Example.StaticMethods.findElement(StaticMethods.java:163)
at StaticMethods_Example.StaticMethods.findElement(StaticMethods.java:163)
at StaticMethods_Example.StaticMethods.findElement(StaticMethods.java:163)
at StaticMethods_Example.StaticMethods.findElement(StaticMethods.java:163)
at StaticMethods_Example.StaticMethods.findElement(StaticMethods.java:163)
at StaticMethods_Example.StaticMethods.findElement(StaticMethods.java:163)
at StaticMethods_Example.StaticMethods.findElement(StaticMethods.java:163)
at StaticMethods_Example.StaticMethods.findElement(StaticMethods.java:163)
at StaticMethods_Example.StaticMethods.findElement(StaticMethods.java:163)
at StaticMethods_Example.StaticMethods.findElement(StaticMethods.java:163)
at StaticMethods_Example.StaticMethods.findElement(StaticMethods.java:163)
at StaticMethods_Example.StaticMethods.findElement(StaticMethods.java:163)
at StaticMethods_Example.StaticMethods.findElement(StaticMethods.java:163)
at StaticMethods_Example.StaticMethods.findElement(StaticMethods.java:163)
at StaticMethods_Example.StaticMethods.findElement(StaticMethods.java:163)
at StaticMethods_Example.StaticMethods.findElement(StaticMethods.java:163)
at StaticMethods_Example.StaticMethods.findElement(StaticMethods.java:163)
at StaticMethods_Example.StaticMethods.findElement(StaticMethods.java:163)
at StaticMethods_Example.StaticMethods.findElement(StaticMethods.java:163)
at StaticMethods_Example.StaticMethods.findElement(StaticMethods.java:163)
at StaticMethods_Example.StaticMethods.findElement(StaticMethods.java:163)
at StaticMethods_Example.StaticMethods.findElement(StaticMethods.java:163)
at StaticMethods_Example.StaticMethods.findElement(StaticMethods.java:163)
at StaticMethods_Example.StaticMethods.findElement(StaticMethods.java:163)
at StaticMethods_Example.StaticMethods.findElement(StaticMethods.java:163)
at StaticMethods_Example.StaticMethods.findElement(StaticMethods.java:163)
at StaticMethods_Example.StaticMethods.findElement(StaticMethods.java:163)
at StaticMethods_Example.StaticMethods.findElement(StaticMethods.java:163)
at StaticMethods_Example.StaticMethods.findElement(StaticMethods.java:163)
at StaticMethods_Example.StaticMethods.findElement(StaticMethods.java:163)
at StaticMethods_Example.StaticMethods.findElement(StaticMethods.java:163)
at StaticMethods_Example.StaticMethods.findElement(StaticMethods.java:163)
at StaticMethods_Example.StaticMethods.findElement(StaticMethods.java:163)
at StaticMethods_Example.StaticMethods.findElement(StaticMethods.java:163)
at StaticMethods_Example.StaticMethods.findElement(StaticMethods.java:163)
at StaticMethods_Example.StaticMethods.findElement(StaticMethods.java:163)
at StaticMethods_Example.StaticMethods.findElement(StaticMethods.java:163)
at StaticMethods_Example.StaticMethods.findElement(StaticMethods.java:163)
at StaticMethods_Example.StaticMethods.findElement(StaticMethods.java:163)
at StaticMethods_Example.StaticMethods.findElement(StaticMethods.java:163)
at StaticMethods_Example.StaticMethods.findElement(StaticMethods.java:163)
at StaticMethods_Example.StaticMethods.findElement(StaticMethods.java:163)
at StaticMethods_Example.StaticMethods.findElement(StaticMethods.java:163)
at StaticMethods_Example.StaticMethods.findElement(StaticMethods.java:163)
at StaticMethods_Example.StaticMethods.findElement(StaticMethods.java:163)
at StaticMethods_Example.StaticMethods.findElement(StaticMethods.java:163)
at StaticMethods_Example.StaticMethods.findElement(StaticMethods.java:163)
at StaticMethods_Example.StaticMethods.findElement(StaticMethods.java:163)
at StaticMethods_Example.StaticMethods.findElement(StaticMethods.java:163)
at StaticMethods_Example.StaticMethods.findElement(StaticMethods.java:163)
at StaticMethods_Example.StaticMethods.findElement(StaticMethods.java:163)
at StaticMethods_Example.StaticMethods.findElement(StaticMethods.java:163)
at StaticMethods_Example.StaticMethods.findElement(StaticMethods.java:163)
at StaticMethods_Example.StaticMethods.findElement(StaticMethods.java:163)
at StaticMethods_Example.StaticMethods.findElement(StaticMethods.java:163)
at StaticMethods_Example.StaticMethods.findElement(StaticMethods.java:163)
at StaticMethods_Example.StaticMethods.findElement(StaticMethods.java:163)
at StaticMethods_Example.StaticMethods.findElement(StaticMethods.java:163)
at StaticMethods_Example.StaticMethods.findElement(StaticMethods.java:163)
at StaticMethods_Example.StaticMethods.findElement(StaticMethods.java:163)
at StaticMethods_Example.StaticMethods.findElement(StaticMethods.java:163)
at StaticMethods_Example.StaticMethods.findElement(StaticMethods.java:163)
at StaticMethods_Example.StaticMethods.findElement(StaticMethods.java:163)
at StaticMethods_Example.StaticMethods.findElement(StaticMethods.java:163)
at StaticMethods_Example.StaticMethods.findElement(StaticMethods.java:163)
at StaticMethods_Example.StaticMethods.findElement(StaticMethods.java:163)
at StaticMethods_Example.StaticMethods.findElement(StaticMethods.java:163)
at StaticMethods_Example.StaticMethods.findElement(StaticMethods.java:163)
at StaticMethods_Example.StaticMethods.findElement(StaticMethods.java:163)
at StaticMethods_Example.StaticMethods.findElement(StaticMethods.java:163)
at StaticMethods_Example.StaticMethods.findElement(StaticMethods.java:163)
at StaticMethods_Example.StaticMethods.findElement(StaticMethods.java:163)
at StaticMethods_Example.StaticMethods.findElement(StaticMethods.java:163)
at StaticMethods_Example.StaticMethods.findElement(StaticMethods.java:163)
at StaticMethods_Example.StaticMethods.findElement(StaticMethods.java:163)
at StaticMethods_Example.StaticMethods.findElement(StaticMethods.java:163)
at StaticMethods_Example.StaticMethods.findElement(StaticMethods.java:163)
at StaticMethods_Example.StaticMethods.findElement(StaticMethods.java:163)
at StaticMethods_Example.StaticMethods.findElement(StaticMethods.java:163)
at StaticMethods_Example.StaticMethods.findElement(StaticMethods.java:163)
at StaticMethods_Example.StaticMethods.findElement(StaticMethods.java:163)
at StaticMethods_Example.StaticMethods.findElement(StaticMethods.java:163)
at StaticMethods_Example.StaticMethods.findElement(StaticMethods.java:163)
at StaticMethods_Example.StaticMethods.findElement(StaticMethods.java:163)
at StaticMethods_Example.StaticMethods.findElement(StaticMethods.java:163)
at StaticMethods_Example.StaticMethods.findElement(StaticMethods.java:163)
at StaticMethods_Example.StaticMethods.findElement(StaticMethods.java:163)
at StaticMethods_Example.StaticMethods.findElement(StaticMethods.java:163)
at StaticMethods_Example.StaticMethods.findElement(StaticMethods.java:163)
at StaticMethods_Example.StaticMethods.findElement(StaticMethods.java:163)
at StaticMethods_Example.StaticMethods.findElement(StaticMethods.java:163)
at StaticMethods_Example.StaticMethods.findElement(StaticMethods.java:163)
at StaticMethods_Example.StaticMethods.findElement(StaticMethods.java:163)
at StaticMethods_Example.StaticMethods.findElement(StaticMethods.java:163)
at StaticMethods_Example.StaticMethods.findElement(StaticMethods.java:163)
at StaticMethods_Example.StaticMethods.findElement(StaticMethods.java:163)
at StaticMethods_Example.StaticMethods.findElement(StaticMethods.java:163)
at StaticMethods_Example.StaticMethods.findElement(StaticMethods.java:163)
at StaticMethods_Example.StaticMethods.findElement(StaticMethods.java:163)
at StaticMethods_Example.StaticMethods.findElement(StaticMethods.java:163)
at StaticMethods_Example.StaticMethods.findElement(StaticMethods.java:163)
at StaticMethods_Example.StaticMethods.findElement(StaticMethods.java:163)
at StaticMethods_Example.StaticMethods.findElement(StaticMethods.java:163)
at StaticMethods_Example.StaticMethods.findElement(StaticMethods.java:163)
at StaticMethods_Example.StaticMethods.findElement(StaticMethods.java:163)
at StaticMethods_Example.StaticMethods.findElement(StaticMethods.java:163)
at StaticMethods_Example.StaticMethods.findElement(StaticMethods.java:163)
at StaticMethods_Example.StaticMethods.findElement(StaticMethods.java:163)
at StaticMethods_Example.StaticMethods.findElement(StaticMethods.java:163)
at StaticMethods_Example.StaticMethods.findElement(StaticMethods.java:163)
at StaticMethods_Example.StaticMethods.findElement(StaticMethods.java:163)
at StaticMethods_Example.StaticMethods.findElement(StaticMethods.java:163)
at StaticMethods_Example.StaticMethods.findElement(StaticMethods.java:163)
at StaticMethods_Example.StaticMethods.findElement(StaticMethods.java:163)
at StaticMethods_Example.StaticMethods.findElement(StaticMethods.java:163)
at StaticMethods_Example.StaticMethods.findElement(StaticMethods.java:163)
at StaticMethods_Example.StaticMethods.findElement(StaticMethods.java:163)
at StaticMethods_Example.StaticMethods.findElement(StaticMethods.java:163)
at StaticMethods_Example.StaticMethods.findElement(StaticMethods.java:163)
at StaticMethods_Example.StaticMethods.findElement(StaticMethods.java:163)
at StaticMethods_Example.StaticMethods.findElement(StaticMethods.java:163)
at StaticMethods_Example.StaticMethods.findElement(StaticMethods.java:163)
at StaticMethods_Example.StaticMethods.findElement(StaticMethods.java:163)
at StaticMethods_Example.StaticMethods.findElement(StaticMethods.java:163)
at StaticMethods_Example.StaticMethods.findElement(StaticMethods.java:163)
at StaticMethods_Example.StaticMethods.findElement(StaticMethods.java:163)
at StaticMethods_Example.StaticMethods.findElement(StaticMethods.java:163)
at StaticMethods_Example.StaticMethods.findElement(StaticMethods.java:163)
at StaticMethods_Example.StaticMethods.findElement(StaticMethods.java:163)
at StaticMethods_Example.StaticMethods.findElement(StaticMethods.java:163)
at StaticMethods_Example.StaticMethods.findElement(StaticMethods.java:163)
at StaticMethods_Example.StaticMethods.findElement(StaticMethods.java:163)
at StaticMethods_Example.StaticMethods.findElement(StaticMethods.java:163)
at StaticMethods_Example.StaticMethods.findElement(StaticMethods.java:163)
at StaticMethods_Example.StaticMethods.findElement(StaticMethods.java:163)
at StaticMethods_Example.StaticMethods.findElement(StaticMethods.java:163)
at StaticMethods_Example.StaticMethods.findElement(StaticMethods.java:163)
at StaticMethods_Example.StaticMethods.findElement(StaticMethods.java:163)
at StaticMethods_Example.StaticMethods.findElement(StaticMethods.java:163)
at StaticMethods_Example.StaticMethods.findElement(StaticMethods.java:163)
at StaticMethods_Example.StaticMethods.findElement(StaticMethods.java:163)
at StaticMethods_Example.StaticMethods.findElement(StaticMethods.java:163)
at StaticMethods_Example.StaticMethods.findElement(StaticMethods.java:163)
at StaticMethods_Example.StaticMethods.findElement(StaticMethods.java:163)
at StaticMethods_Example.StaticMethods.findElement(StaticMethods.java:163)
at StaticMethods_Example.StaticMethods.findElement(StaticMethods.java:163)
at StaticMethods_Example.StaticMethods.findElement(StaticMethods.java:163)
at StaticMethods_Example.StaticMethods.findElement(StaticMethods.java:163)
at StaticMethods_Example.StaticMethods.findElement(StaticMethods.java:163)
at StaticMethods_Example.StaticMethods.findElement(StaticMethods.java:163)
at StaticMethods_Example.StaticMethods.findElement(StaticMethods.java:163)
at StaticMethods_Example.StaticMethods.findElement(StaticMethods.java:163)
at StaticMethods_Example.StaticMethods.findElement(StaticMethods.java:163)
at StaticMethods_Example.StaticMethods.findElement(StaticMethods.java:163)
at StaticMethods_Example.StaticMethods.findElement(StaticMethods.java:163)
at StaticMethods_Example.StaticMethods.findElement(StaticMethods.java:163)
at StaticMethods_Example.StaticMethods.findElement(StaticMethods.java:163)
at StaticMethods_Example.StaticMethods.findElement(StaticMethods.java:163)
at StaticMethods_Example.StaticMethods.findElement(StaticMethods.java:163)
at StaticMethods_Example.StaticMethods.findElement(StaticMethods.java:163)
at StaticMethods_Example.StaticMethods.findElement(StaticMethods.java:163)
at StaticMethods_Example.StaticMethods.findElement(StaticMethods.java:163)
at StaticMethods_Example.StaticMethods.findElement(StaticMethods.java:163)
at StaticMethods_Example.StaticMethods.findElement(StaticMethods.java:163)
at StaticMethods_Example.StaticMethods.findElement(StaticMethods.java:163)
at StaticMethods_Example.StaticMethods.findElement(StaticMethods.java:163)
at StaticMethods_Example.StaticMethods.findElement(StaticMethods.java:163)
at StaticMethods_Example.StaticMethods.findElement(StaticMethods.java:163)
at StaticMethods_Example.StaticMethods.findElement(StaticMethods.java:163)
at StaticMethods_Example.StaticMethods.findElement(StaticMethods.java:163)
at StaticMethods_Example.StaticMethods.findElement(StaticMethods.java:163)
at StaticMethods_Example.StaticMethods.findElement(StaticMethods.java:163)
at StaticMethods_Example.StaticMethods.findElement(StaticMethods.java:163)
at StaticMethods_Example.StaticMethods.findElement(StaticMethods.java:163)
at StaticMethods_Example.StaticMethods.findElement(StaticMethods.java:163)
at StaticMethods_Example.StaticMethods.findElement(StaticMethods.java:163)
at StaticMethods_Example.StaticMethods.findElement(StaticMethods.java:163)
at StaticMethods_Example.StaticMethods.findElement(StaticMethods.java:163)
at StaticMethods_Example.StaticMethods.findElement(StaticMethods.java:163)
at StaticMethods_Example.StaticMethods.findElement(StaticMethods.java:163)
at StaticMethods_Example.StaticMethods.findElement(StaticMethods.java:163)
at StaticMethods_Example.StaticMethods.findElement(StaticMethods.java:163)
at StaticMethods_Example.StaticMethods.findElement(StaticMethods.java:163)
at StaticMethods_Example.StaticMethods.findElement(StaticMethods.java:163)
at StaticMethods_Example.StaticMethods.findElement(StaticMethods.java:163)
at StaticMethods_Example.StaticMethods.findElement(StaticMethods.java:163)
at StaticMethods_Example.StaticMethods.findElement(StaticMethods.java:163)
at StaticMethods_Example.StaticMethods.findElement(StaticMethods.java:163)
at StaticMethods_Example.StaticMethods.findElement(StaticMethods.java:163)
at StaticMethods_Example.StaticMethods.findElement(StaticMethods.java:163)
at StaticMethods_Example.StaticMethods.findElement(StaticMethods.java:163)
at StaticMethods_Example.StaticMethods.findElement(StaticMethods.java:163)
at StaticMethods_Example.StaticMethods.findElement(StaticMethods.java:163)
at StaticMethods_Example.StaticMethods.findElement(StaticMethods.java:163)
at StaticMethods_Example.StaticMethods.findElement(StaticMethods.java:163)
at StaticMethods_Example.StaticMethods.findElement(StaticMethods.java:163)
at StaticMethods_Example.StaticMethods.findElement(StaticMethods.java:163)
at StaticMethods_Example.StaticMethods.findElement(StaticMethods.java:163)
at StaticMethods_Example.StaticMethods.findElement(StaticMethods.java:163)
at StaticMethods_Example.StaticMethods.findElement(StaticMethods.java:163)
at StaticMethods_Example.StaticMethods.findElement(StaticMethods.java:163)
at StaticMethods_Example.StaticMethods.findElement(StaticMethods.java:163)
at StaticMethods_Example.StaticMethods.findElement(StaticMethods.java:163)
at StaticMethods_Example.StaticMethods.findElement(StaticMethods.java:163)
at StaticMethods_Example.StaticMethods.findElement(StaticMethods.java:163)
at StaticMethods_Example.StaticMethods.findElement(StaticMethods.java:163)
at StaticMethods_Example.StaticMethods.findElement(StaticMethods.java:163)
at StaticMethods_Example.StaticMethods.findElement(StaticMethods.java:163)
at StaticMethods_Example.StaticMethods.findElement(StaticMethods.java:163)
at StaticMethods_Example.StaticMethods.findElement(StaticMethods.java:163)
at StaticMethods_Example.StaticMethods.findElement(StaticMethods.java:163)
at StaticMethods_Example.StaticMethods.findElement(StaticMethods.java:163)
at StaticMethods_Example.StaticMethods.findElement(StaticMethods.java:163)
at StaticMethods_Example.StaticMethods.findElement(StaticMethods.java:163)
at StaticMethods_Example.StaticMethods.findElement(StaticMethods.java:163)
at StaticMethods_Example.StaticMethods.findElement(StaticMethods.java:163)
at StaticMethods_Example.StaticMethods.findElement(StaticMethods.java:163)
at StaticMethods_Example.StaticMethods.findElement(StaticMethods.java:163)
at StaticMethods_Example.StaticMethods.findElement(StaticMethods.java:163)
at StaticMethods_Example.StaticMethods.findElement(StaticMethods.java:163)
at StaticMethods_Example.StaticMethods.findElement(StaticMethods.java:163)
at StaticMethods_Example.StaticMethods.findElement(StaticMethods.java:163)
at StaticMethods_Example.StaticMethods.findElement(StaticMethods.java:163)
at StaticMethods_Example.StaticMethods.findElement(StaticMethods.java:163)
at StaticMethods_Example.StaticMethods.findElement(StaticMethods.java:163)
at StaticMethods_Example.StaticMethods.findElement(StaticMethods.java:163)
at StaticMethods_Example.StaticMethods.findElement(StaticMethods.java:163)
at StaticMethods_Example.StaticMethods.findElement(StaticMethods.java:163)
at StaticMethods_Example.StaticMethods.findElement(StaticMethods.java:163)
at StaticMethods_Example.StaticMethods.findElement(StaticMethods.java:163)
at StaticMethods_Example.StaticMethods.findElement(StaticMethods.java:163)
at StaticMethods_Example.StaticMethods.findElement(StaticMethods.java:163)
at StaticMethods_Example.StaticMethods.findElement(StaticMethods.java:163)
at StaticMethods_Example.StaticMethods.findElement(StaticMethods.java:163)
at StaticMethods_Example.StaticMethods.findElement(StaticMethods.java:163)
at StaticMethods_Example.StaticMethods.findElement(StaticMethods.java:163)
at StaticMethods_Example.StaticMethods.findElement(StaticMethods.java:163)
at StaticMethods_Example.StaticMethods.findElement(StaticMethods.java:163)
at StaticMethods_Example.StaticMethods.findElement(StaticMethods.java:163)
at StaticMethods_Example.StaticMethods.findElement(StaticMethods.java:163)
at StaticMethods_Example.StaticMethods.findElement(StaticMethods.java:163)
at StaticMethods_Example.StaticMethods.findElement(StaticMethods.java:163)
at StaticMethods_Example.StaticMethods.findElement(StaticMethods.java:163)
at StaticMethods_Example.StaticMethods.findElement(StaticMethods.java:163)
at StaticMethods_Example.StaticMethods.findElement(StaticMethods.java:163)
at StaticMethods_Example.StaticMethods.findElement(StaticMethods.java:163)
at StaticMethods_Example.StaticMethods.findElement(StaticMethods.java:163)
at StaticMethods_Example.StaticMethods.findElement(StaticMethods.java:163)
at StaticMethods_Example.StaticMethods.findElement(StaticMethods.java:163)
at StaticMethods_Example.StaticMethods.findElement(StaticMethods.java:163)
at StaticMethods_Example.StaticMethods.findElement(StaticMethods.java:163)
at StaticMethods_Example.StaticMethods.findElement(StaticMethods.java:163)
at StaticMethods_Example.StaticMethods.findElement(StaticMethods.java:163)
at StaticMethods_Example.StaticMethods.findElement(StaticMethods.java:163)
at StaticMethods_Example.StaticMethods.findElement(StaticMethods.java:163)
at StaticMethods_Example.StaticMethods.findElement(StaticMethods.java:163)
at StaticMethods_Example.StaticMethods.findElement(StaticMethods.java:163)
at StaticMethods_Example.StaticMethods.findElement(StaticMethods.java:163)
at StaticMethods_Example.StaticMethods.findElement(StaticMethods.java:163)
at StaticMethods_Example.StaticMethods.findElement(StaticMethods.java:163)
at StaticMethods_Example.StaticMethods.findElement(StaticMethods.java:163)
at StaticMethods_Example.StaticMethods.findElement(StaticMethods.java:163)
at StaticMethods_Example.StaticMethods.findElement(StaticMethods.java:163)
at StaticMethods_Example.StaticMethods.findElement(StaticMethods.java:163)
at StaticMethods_Example.StaticMethods.findElement(StaticMethods.java:163)
at StaticMethods_Example.StaticMethods.findElement(StaticMethods.java:163)
at StaticMethods_Example.StaticMethods.findElement(StaticMethods.java:163)
at StaticMethods_Example.StaticMethods.findElement(StaticMethods.java:163)
at StaticMethods_Example.StaticMethods.findElement(StaticMethods.java:163)
at StaticMethods_Example.StaticMethods.findElement(StaticMethods.java:163)
at StaticMethods_Example.StaticMethods.findElement(StaticMethods.java:163)
at StaticMethods_Example.StaticMethods.findElement(StaticMethods.java:163)
at StaticMethods_Example.StaticMethods.findElement(StaticMethods.java:163)
at StaticMethods_Example.StaticMethods.findElement(StaticMethods.java:163)
at StaticMethods_Example.StaticMethods.findElement(StaticMethods.java:163)
at StaticMethods_Example.StaticMethods.findElement(StaticMethods.java:163)
at StaticMethods_Example.StaticMethods.findElement(StaticMethods.java:163)
at StaticMethods_Example.StaticMethods.findElement(StaticMethods.java:163)
at StaticMethods_Example.StaticMethods.findElement(StaticMethods.java:163)
at StaticMethods_Example.StaticMethods.findElement(StaticMethods.java:163)
at StaticMethods_Example.StaticMethods.findElement(StaticMethods.java:163)
at StaticMethods_Example.StaticMethods.findElement(StaticMethods.java:163)
at StaticMethods_Example.StaticMethods.findElement(StaticMethods.java:163)
at StaticMethods_Example.StaticMethods.findElement(StaticMethods.java:163)
at StaticMethods_Example.StaticMethods.findElement(StaticMethods.java:163)
at StaticMethods_Example.StaticMethods.findElement(StaticMethods.java:163)
at StaticMethods_Example.StaticMethods.findElement(StaticMethods.java:163)
at StaticMethods_Example.StaticMethods.findElement(StaticMethods.java:163)
at StaticMethods_Example.StaticMethods.findElement(StaticMethods.java:163)
at StaticMethods_Example.StaticMethods.findElement(StaticMethods.java:163)
at StaticMethods_Example.StaticMethods.findElement(StaticMethods.java:163)
at StaticMethods_Example.StaticMethods.findElement(StaticMethods.java:163)
at StaticMethods_Example.StaticMethods.findElement(StaticMethods.java:163)
at StaticMethods_Example.StaticMethods.findElement(StaticMethods.java:163)
at StaticMethods_Example.StaticMethods.findElement(StaticMethods.java:163)
at StaticMethods_Example.StaticMethods.findElement(StaticMethods.java:163)
at StaticMethods_Example.StaticMethods.findElement(StaticMethods.java:163)
at StaticMethods_Example.StaticMethods.findElement(StaticMethods.java:163)
at StaticMethods_Example.StaticMethods.findElement(StaticMethods.java:163)
at StaticMethods_Example.StaticMethods.findElement(StaticMethods.java:163)
at StaticMethods_Example.StaticMethods.findElement(StaticMethods.java:163)
at StaticMethods_Example.StaticMethods.findElement(StaticMethods.java:163)
at StaticMethods_Example.StaticMethods.findElement(StaticMethods.java:163)
at StaticMethods_Example.StaticMethods.findElement(StaticMethods.java:163)
at StaticMethods_Example.StaticMethods.findElement(StaticMethods.java:163)
at StaticMethods_Example.StaticMethods.findElement(StaticMethods.java:163)
at StaticMethods_Example.StaticMethods.findElement(StaticMethods.java:163)
at StaticMethods_Example.StaticMethods.findElement(StaticMethods.java:163)
at StaticMethods_Example.StaticMethods.findElement(StaticMethods.java:163)
at StaticMethods_Example.StaticMethods.findElement(StaticMethods.java:163)
at StaticMethods_Example.StaticMethods.findElement(StaticMethods.java:163)
at StaticMethods_Example.StaticMethods.findElement(StaticMethods.java:163)
at StaticMethods_Example.StaticMethods.findElement(StaticMethods.java:163)
at StaticMethods_Example.StaticMethods.findElement(StaticMethods.java:163)
at StaticMethods_Example.StaticMethods.findElement(StaticMethods.java:163)
at StaticMethods_Example.StaticMethods.findElement(StaticMethods.java:163)
at StaticMethods_Example.StaticMethods.findElement(StaticMethods.java:163)
at StaticMethods_Example.StaticMethods.findElement(StaticMethods.java:163)
at StaticMethods_Example.StaticMethods.findElement(StaticMethods.java:163)
at StaticMethods_Example.StaticMethods.findElement(StaticMethods.java:163)
at StaticMethods_Example.StaticMethods.findElement(StaticMethods.java:163)
at StaticMethods_Example.StaticMethods.findElement(StaticMethods.java:163)
at StaticMethods_Example.StaticMethods.findElement(StaticMethods.java:163)
at StaticMethods_Example.StaticMethods.findElement(StaticMethods.java:163)
at StaticMethods_Example.StaticMethods.findElement(StaticMethods.java:163)
at StaticMethods_Example.StaticMethods.findElement(StaticMethods.java:163)
at StaticMethods_Example.StaticMethods.findElement(StaticMethods.java:163)
at StaticMethods_Example.StaticMethods.findElement(StaticMethods.java:163)
at StaticMethods_Example.StaticMethods.findElement(StaticMethods.java:163)
at StaticMethods_Example.StaticMethods.findElement(StaticMethods.java:163)
at StaticMethods_Example.StaticMethods.findElement(StaticMethods.java:163)
at StaticMethods_Example.StaticMethods.findElement(StaticMethods.java:163)
at StaticMethods_Example.StaticMethods.findElement(StaticMethods.java:163)
at StaticMethods_Example.StaticMethods.findElement(StaticMethods.java:163)
at StaticMethods_Example.StaticMethods.findElement(StaticMethods.java:163)
at StaticMethods_Example.StaticMethods.findElement(StaticMethods.java:163)
at StaticMethods_Example.StaticMethods.findElement(StaticMethods.java:163)
at StaticMethods_Example.StaticMethods.findElement(StaticMethods.java:163)
at StaticMethods_Example.StaticMethods.findElement(StaticMethods.java:163)
at StaticMethods_Example.StaticMethods.findElement(StaticMethods.java:163)
at StaticMethods_Example.StaticMethods.findElement(StaticMethods.java:163)
at StaticMethods_Example.StaticMethods.findElement(StaticMethods.java:163)
at StaticMethods_Example.StaticMethods.findElement(StaticMethods.java:163)
at StaticMethods_Example.StaticMethods.findElement(StaticMethods.java:163)
at StaticMethods_Example.StaticMethods.findElement(StaticMethods.java:163)
at StaticMethods_Example.StaticMethods.findElement(StaticMethods.java:163)
at StaticMethods_Example.StaticMethods.findElement(StaticMethods.java:163)
at StaticMethods_Example.StaticMethods.findElement(StaticMethods.java:163)
at StaticMethods_Example.StaticMethods.findElement(StaticMethods.java:163)
at StaticMethods_Example.StaticMethods.findElement(StaticMethods.java:163)
at StaticMethods_Example.StaticMethods.findElement(StaticMethods.java:163)
at StaticMethods_Example.StaticMethods.findElement(StaticMethods.java:163)
at StaticMethods_Example.StaticMethods.findElement(StaticMethods.java:163)
at StaticMethods_Example.StaticMethods.findElement(StaticMethods.java:163)
at StaticMethods_Example.StaticMethods.findElement(StaticMethods.java:163)
at StaticMethods_Example.StaticMethods.findElement(StaticMethods.java:163)
at StaticMethods_Example.StaticMethods.findElement(StaticMethods.java:163)
at StaticMethods_Example.StaticMethods.findElement(StaticMethods.java:163)
at StaticMethods_Example.StaticMethods.findElement(StaticMethods.java:163)
at StaticMethods_Example.StaticMethods.findElement(StaticMethods.java:163)
at StaticMethods_Example.StaticMethods.findElement(StaticMethods.java:163)
at StaticMethods_Example.StaticMethods.findElement(StaticMethods.java:163)
at StaticMethods_Example.StaticMethods.findElement(StaticMethods.java:163)
at StaticMethods_Example.StaticMethods.findElement(StaticMethods.java:163)
at StaticMethods_Example.StaticMethods.findElement(StaticMethods.java:163)
at StaticMethods_Example.StaticMethods.findElement(StaticMethods.java:163)
at StaticMethods_Example.StaticMethods.findElement(StaticMethods.java:163)
at StaticMethods_Example.StaticMethods.findElement(StaticMethods.java:163)
at StaticMethods_Example.StaticMethods.findElement(StaticMethods.java:163)
at StaticMethods_Example.StaticMethods.findElement(StaticMethods.java:163)
at StaticMethods_Example.StaticMethods.findElement(StaticMethods.java:163)
at StaticMethods_Example.StaticMethods.findElement(StaticMethods.java:163)
at StaticMethods_Example.StaticMethods.findElement(StaticMethods.java:163)
at StaticMethods_Example.StaticMethods.findElement(StaticMethods.java:163)
at StaticMethods_Example.StaticMethods.findElement(StaticMethods.java:163)
at StaticMethods_Example.StaticMethods.findElement(StaticMethods.java:163)
at StaticMethods_Example.StaticMethods.findElement(StaticMethods.java:163)
at StaticMethods_Example.StaticMethods.findElement(StaticMethods.java:163)
at StaticMethods_Example.StaticMethods.findElement(StaticMethods.java:163)
at StaticMethods_Example.StaticMethods.findElement(StaticMethods.java:163)
at StaticMethods_Example.StaticMethods.findElement(StaticMethods.java:163)
at StaticMethods_Example.StaticMethods.findElement(StaticMethods.java:163)
at StaticMethods_Example.StaticMethods.findElement(StaticMethods.java:163)
at StaticMethods_Example.StaticMethods.findElement(StaticMethods.java:163)
at StaticMethods_Example.StaticMethods.findElement(StaticMethods.java:163)
at StaticMethods_Example.StaticMethods.findElement(StaticMethods.java:163)
at StaticMethods_Example.StaticMethods.findElement(StaticMethods.java:163)
at StaticMethods_Example.StaticMethods.findElement(StaticMethods.java:163)
at StaticMethods_Example.StaticMethods.findElement(StaticMethods.java:163)
at StaticMethods_Example.StaticMethods.findElement(StaticMethods.java:163)
at StaticMethods_Example.StaticMethods.findElement(StaticMethods.java:163)
at StaticMethods_Example.StaticMethods.findElement(StaticMethods.java:163)
at StaticMethods_Example.StaticMethods.findElement(StaticMethods.java:163)
at StaticMethods_Example.StaticMethods.findElement(StaticMethods.java:163)
at StaticMethods_Example.StaticMethods.findElement(StaticMethods.java:163)
at StaticMethods_Example.StaticMethods.findElement(StaticMethods.java:163)
at StaticMethods_Example.StaticMethods.findElement(StaticMethods.java:163)
at StaticMethods_Example.StaticMethods.findElement(StaticMethods.java:163)
at StaticMethods_Example.StaticMethods.findElement(StaticMethods.java:163)
at StaticMethods_Example.StaticMethods.findElement(StaticMethods.java:163)
at StaticMethods_Example.StaticMethods.findElement(StaticMethods.java:163)
at StaticMethods_Example.StaticMethods.findElement(StaticMethods.java:163)
at StaticMethods_Example.StaticMethods.findElement(StaticMethods.java:163)
at StaticMethods_Example.StaticMethods.findElement(StaticMethods.java:163)
at StaticMethods_Example.StaticMethods.findElement(StaticMethods.java:163)
at StaticMethods_Example.StaticMethods.findElement(StaticMethods.java:163)
at StaticMethods_Example.StaticMethods.findElement(StaticMethods.java:163)
at StaticMethods_Example.StaticMethods.findElement(StaticMethods.java:163)
at StaticMethods_Example.StaticMethods.findElement(StaticMethods.java:163)
at StaticMethods_Example.StaticMethods.findElement(StaticMethods.java:163)
at StaticMethods_Example.StaticMethods.findElement(StaticMethods.java:163)
at StaticMethods_Example.StaticMethods.findElement(StaticMethods.java:163)
at StaticMethods_Example.StaticMethods.findElement(StaticMethods.java:163)
at StaticMethods_Example.StaticMethods.findElement(StaticMethods.java:163)
at StaticMethods_Example.StaticMethods.findElement(StaticMethods.java:163)
at StaticMethods_Example.StaticMethods.findElement(StaticMethods.java:163)
at StaticMethods_Example.StaticMethods.findElement(StaticMethods.java:163)
at StaticMethods_Example.StaticMethods.findElement(StaticMethods.java:163)
at StaticMethods_Example.StaticMethods.findElement(StaticMethods.java:163)
at StaticMethods_Example.StaticMethods.findElement(StaticMethods.java:163)
at StaticMethods_Example.StaticMethods.findElement(StaticMethods.java:163)
at StaticMethods_Example.StaticMethods.findElement(StaticMethods.java:163)
at StaticMethods_Example.StaticMethods.findElement(StaticMethods.java:163)
at StaticMethods_Example.StaticMethods.findElement(StaticMethods.java:163)
at StaticMethods_Example.StaticMethods.findElement(StaticMethods.java:163)
at StaticMethods_Example.StaticMethods.findElement(StaticMethods.java:163)
at StaticMethods_Example.StaticMethods.findElement(StaticMethods.java:163)
at StaticMethods_Example.StaticMethods.findElement(StaticMethods.java:163)
at StaticMethods_Example.StaticMethods.findElement(StaticMethods.java:163)
at StaticMethods_Example.StaticMethods.findElement(StaticMethods.java:163)
at StaticMethods_Example.StaticMethods.findElement(StaticMethods.java:163)
at StaticMethods_Example.StaticMethods.findElement(StaticMethods.java:163)
at StaticMethods_Example.StaticMethods.findElement(StaticMethods.java:163)
at StaticMethods_Example.StaticMethods.findElement(StaticMethods.java:163)
at StaticMethods_Example.StaticMethods.findElement(StaticMethods.java:163)
at StaticMethods_Example.StaticMethods.findElement(StaticMethods.java:163)
at StaticMethods_Example.StaticMethods.findElement(StaticMethods.java:163)
at StaticMethods_Example.StaticMethods.findElement(StaticMethods.java:163)
at StaticMethods_Example.StaticMethods.findElement(StaticMethods.java:163)
at StaticMethods_Example.StaticMethods.findElement(StaticMethods.java:163)
at StaticMethods_Example.StaticMethods.findElement(StaticMethods.java:163)
at StaticMethods_Example.StaticMethods.findElement(StaticMethods.java:163)
at StaticMethods_Example.StaticMethods.findElement(StaticMethods.java:163)
at StaticMethods_Example.StaticMethods.findElement(StaticMethods.java:163)
at StaticMethods_Example.StaticMethods.findElement(StaticMethods.java:163)
at StaticMethods_Example.StaticMethods.findElement(StaticMethods.java:163)
at StaticMethods_Example.StaticMethods.findElement(StaticMethods.java:163)
at StaticMethods_Example.StaticMethods.findElement(StaticMethods.java:163)
at StaticMethods_Example.StaticMethods.findElement(StaticMethods.java:163)
at StaticMethods_Example.StaticMethods.findElement(StaticMethods.java:163)
at StaticMethods_Example.StaticMethods.findElement(StaticMethods.java:163)
at StaticMethods_Example.StaticMethods.findElement(StaticMethods.java:163)
at StaticMethods_Example.StaticMethods.findElement(StaticMethods.java:163)
at StaticMethods_Example.StaticMethods.findElement(StaticMethods.java:163)
at StaticMethods_Example.StaticMethods.findElement(StaticMethods.java:163)
at StaticMethods_Example.StaticMethods.findElement(StaticMethods.java:163)
at StaticMethods_Example.StaticMethods.findElement(StaticMethods.java:163)
at StaticMethods_Example.StaticMethods.findElement(StaticMethods.java:163)
at StaticMethods_Example.StaticMethods.findElement(StaticMethods.java:163)
at StaticMethods_Example.StaticMethods.findElement(StaticMethods.java:163)
at StaticMethods_Example.StaticMethods.findElement(StaticMethods.java:163)
at StaticMethods_Example.StaticMethods.findElement(StaticMethods.java:163)
at StaticMethods_Example.StaticMethods.findElement(StaticMethods.java:163)
at StaticMethods_Example.StaticMethods.findElement(StaticMethods.java:163)
at StaticMethods_Example.StaticMethods.findElement(StaticMethods.java:163)
at StaticMethods_Example.StaticMethods.findElement(StaticMethods.java:163)
at StaticMethods_Example.StaticMethods.findElement(StaticMethods.java:163)
at StaticMethods_Example.StaticMethods.findElement(StaticMethods.java:163)
at StaticMethods_Example.StaticMethods.findElement(StaticMethods.java:163)
at StaticMethods_Example.StaticMethods.findElement(StaticMethods.java:163)
at StaticMethods_Example.StaticMethods.findElement(StaticMethods.java:163)
at StaticMethods_Example.StaticMethods.findElement(StaticMethods.java:163)
at StaticMethods_Example.StaticMethods.findElement(StaticMethods.java:163)
at StaticMethods_Example.StaticMethods.findElement(StaticMethods.java:163)
at StaticMethods_Example.StaticMethods.findElement(StaticMethods.java:163)
at StaticMethods_Example.StaticMethods.findElement(StaticMethods.java:163)
at StaticMethods_Example.StaticMethods.findElement(StaticMethods.java:163)
at StaticMethods_Example.StaticMethods.findElement(StaticMethods.java:163)
at StaticMethods_Example.StaticMethods.findElement(StaticMethods.java:163)
at StaticMethods_Example.StaticMethods.findElement(StaticMethods.java:163)
at StaticMethods_Example.StaticMethods.findElement(StaticMethods.java:163)
at StaticMethods_Example.StaticMethods.findElement(StaticMethods.java:163)
at StaticMethods_Example.StaticMethods.findElement(StaticMethods.java:163)
at StaticMethods_Example.StaticMethods.findElement(StaticMethods.java:163)
at StaticMethods_Example.StaticMethods.findElement(StaticMethods.java:163)
at StaticMethods_Example.StaticMethods.findElement(StaticMethods.java:163)
at StaticMethods_Example.StaticMethods.findElement(StaticMethods.java:163)
at StaticMethods_Example.StaticMethods.findElement(StaticMethods.java:163)
at StaticMethods_Example.StaticMethods.findElement(StaticMethods.java:163)
at StaticMethods_Example.StaticMethods.findElement(StaticMethods.java:163)
at StaticMethods_Example.StaticMethods.findElement(StaticMethods.java:163)
at StaticMethods_Example.StaticMethods.findElement(StaticMethods.java:163)
at StaticMethods_Example.StaticMethods.findElement(StaticMethods.java:163)
at StaticMethods_Example.StaticMethods.findElement(StaticMethods.java:163)
at StaticMethods_Example.StaticMethods.findElement(StaticMethods.java:163)
at StaticMethods_Example.StaticMethods.findElement(StaticMethods.java:163)
at StaticMethods_Example.StaticMethods.findElement(StaticMethods.java:163)
at StaticMethods_Example.StaticMethods.findElement(StaticMethods.java:163)
at StaticMethods_Example.StaticMethods.findElement(StaticMethods.java:163)
at StaticMethods_Example.StaticMethods.findElement(StaticMethods.java:163)
at StaticMethods_Example.StaticMethods.findElement(StaticMethods.java:163)
at StaticMethods_Example.StaticMethods.findElement(StaticMethods.java:163)
at StaticMethods_Example.StaticMethods.findElement(StaticMethods.java:163)
at StaticMethods_Example.StaticMethods.findElement(StaticMethods.java:163)
at StaticMethods_Example.StaticMethods.findElement(StaticMethods.java:163)
at StaticMethods_Example.StaticMethods.findElement(StaticMethods.java:163)
at StaticMethods_Example.StaticMethods.findElement(StaticMethods.java:163)
at StaticMethods_Example.StaticMethods.findElement(StaticMethods.java:163)
at StaticMethods_Example.StaticMethods.findElement(StaticMethods.java:163)
at StaticMethods_Example.StaticMethods.findElement(StaticMethods.java:163)
at StaticMethods_Example.StaticMethods.findElement(StaticMethods.java:163)
at StaticMethods_Example.StaticMethods.findElement(StaticMethods.java:163)
at StaticMethods_Example.StaticMethods.findElement(StaticMethods.java:163)
at StaticMethods_Example.StaticMethods.findElement(StaticMethods.java:163)
at StaticMethods_Example.StaticMethods.findElement(StaticMethods.java:163)
at StaticMethods_Example.StaticMethods.findElement(StaticMethods.java:163)
at StaticMethods_Example.StaticMethods.findElement(StaticMethods.java:163)
at StaticMethods_Example.StaticMethods.findElement(StaticMethods.java:163)
at StaticMethods_Example.StaticMethods.findElement(StaticMethods.java:163)
at StaticMethods_Example.StaticMethods.findElement(StaticMethods.java:163)
at StaticMethods_Example.StaticMethods.findElement(StaticMethods.java:163)
at StaticMethods_Example.StaticMethods.findElement(StaticMethods.java:163)
at StaticMethods_Example.StaticMethods.findElement(StaticMethods.java:163)
at StaticMethods_Example.StaticMethods.findElement(StaticMethods.java:163)
at StaticMethods_Example.StaticMethods.findElement(StaticMethods.java:163)
at StaticMethods_Example.StaticMethods.findElement(StaticMethods.java:163)
at StaticMethods_Example.StaticMethods.findElement(StaticMethods.java:163)
at StaticMethods_Example.StaticMethods.findElement(StaticMethods.java:163)
at StaticMethods_Example.StaticMethods.findElement(StaticMethods.java:163)
at StaticMethods_Example.StaticMethods.findElement(StaticMethods.java:163)
at StaticMethods_Example.StaticMethods.findElement(StaticMethods.java:163)
at StaticMethods_Example.StaticMethods.findElement(StaticMethods.java:163)
at StaticMethods_Example.StaticMethods.findElement(StaticMethods.java:163)
at StaticMethods_Example.StaticMethods.findElement(StaticMethods.java:163)
at StaticMethods_Example.StaticMethods.findElement(StaticMethods.java:163)
at StaticMethods_Example.StaticMethods.findElement(StaticMethods.java:163)
at StaticMethods_Example.StaticMethods.findElement(StaticMethods.java:163)
at StaticMethods_Example.StaticMethods.findElement(StaticMethods.java:163)
at StaticMethods_Example.StaticMethods.findElement(StaticMethods.java:163)
at StaticMethods_Example.StaticMethods.findElement(StaticMethods.java:163)
at StaticMethods_Example.StaticMethods.findElement(StaticMethods.java:163)
at StaticMethods_Example.StaticMethods.findElement(StaticMethods.java:163)
at StaticMethods_Example.StaticMethods.findElement(StaticMethods.java:163)
at StaticMethods_Example.StaticMethods.findElement(StaticMethods.java:163)
at StaticMethods_Example.StaticMethods.findElement(StaticMethods.java:163)
at StaticMethods_Example.StaticMethods.findElement(StaticMethods.java:163)
at StaticMethods_Example.StaticMethods.findElement(StaticMethods.java:163)
at StaticMethods_Example.StaticMethods.findElement(StaticMethods.java:163)
at StaticMethods_Example.StaticMethods.findElement(StaticMethods.java:163)
at StaticMethods_Example.StaticMethods.findElement(StaticMethods.java:163)
at StaticMethods_Example.StaticMethods.findElement(StaticMethods.java:163)
at StaticMethods_Example.StaticMethods.findElement(StaticMethods.java:163)
at StaticMethods_Example.StaticMethods.findElement(StaticMethods.java:163)
at StaticMethods_Example.StaticMethods.findElement(StaticMethods.java:163)
at StaticMethods_Example.StaticMethods.findElement(StaticMethods.java:163)
at StaticMethods_Example.StaticMethods.findElement(StaticMethods.java:163)
at StaticMethods_Example.StaticMethods.findElement(StaticMethods.java:163)
at StaticMethods_Example.StaticMethods.findElement(StaticMethods.java:163)
at StaticMethods_Example.StaticMethods.findElement(StaticMethods.java:163)
at StaticMethods_Example.StaticMethods.findElement(StaticMethods.java:163)
at StaticMethods_Example.StaticMethods.findElement(StaticMethods.java:163)
at StaticMethods_Example.StaticMethods.findElement(StaticMethods.java:163)
at StaticMethods_Example.StaticMethods.findElement(StaticMethods.java:163)
at StaticMethods_Example.StaticMethods.findElement(StaticMethods.java:163)
at StaticMethods_Example.StaticMethods.findElement(StaticMethods.java:163)
at StaticMethods_Example.StaticMethods.findElement(StaticMethods.java:163)
at StaticMethods_Example.StaticMethods.findElement(StaticMethods.java:163)
at StaticMethods_Example.StaticMethods.findElement(StaticMethods.java:163)
at StaticMethods_Example.StaticMethods.findElement(StaticMethods.java:163)
at StaticMethods_Example.StaticMethods.findElement(StaticMethods.java:163)
at StaticMethods_Example.StaticMethods.findElement(StaticMethods.java:163)
at StaticMethods_Example.StaticMethods.findElement(StaticMethods.java:163)
at StaticMethods_Example.StaticMethods.findElement(StaticMethods.java:163)
at StaticMethods_Example.StaticMethods.findElement(StaticMethods.java:163)
at StaticMethods_Example.StaticMethods.findElement(StaticMethods.java:163)
at StaticMethods_Example.StaticMethods.findElement(StaticMethods.java:163)
at StaticMethods_Example.StaticMethods.findElement(StaticMethods.java:163)
at StaticMethods_Example.StaticMethods.findElement(StaticMethods.java:163)
at StaticMethods_Example.StaticMethods.findElement(StaticMethods.java:163)
at StaticMethods_Example.StaticMethods.findElement(StaticMethods.java:163)
at StaticMethods_Example.StaticMethods.findElement(StaticMethods.java:163)
at StaticMethods_Example.StaticMethods.findElement(StaticMethods.java:163)
at StaticMethods_Example.StaticMethods.findElement(StaticMethods.java:163)
at StaticMethods_Example.StaticMethods.findElement(StaticMethods.java:163)
at StaticMethods_Example.StaticMethods.findElement(StaticMethods.java:163)
at StaticMethods_Example.StaticMethods.findElement(StaticMethods.java:163)
at StaticMethods_Example.StaticMethods.findElement(StaticMethods.java:163)
at StaticMethods_Example.StaticMethods.findElement(StaticMethods.java:163)
at StaticMethods_Example.StaticMethods.findElement(StaticMethods.java:163)
at StaticMethods_Example.StaticMethods.findElement(StaticMethods.java:163)
at StaticMethods_Example.StaticMethods.findElement(StaticMethods.java:163)
at StaticMethods_Example.StaticMethods.findElement(StaticMethods.java:163)
at StaticMethods_Example.StaticMethods.findElement(StaticMethods.java:163)
at StaticMethods_Example.StaticMethods.findElement(StaticMethods.java:163)
at StaticMethods_Example.StaticMethods.findElement(StaticMethods.java:163)
at StaticMethods_Example.StaticMethods.findElement(StaticMethods.java:163)
at StaticMethods_Example.StaticMethods.findElement(StaticMethods.java:163)
at StaticMethods_Example.StaticMethods.findElement(StaticMethods.java:163)
at StaticMethods_Example.StaticMethods.findElement(StaticMethods.java:163)
at StaticMethods_Example.StaticMethods.findElement(StaticMethods.java:163)
at StaticMethods_Example.StaticMethods.findElement(StaticMethods.java:163)
at StaticMethods_Example.StaticMethods.findElement(StaticMethods.java:163)
at StaticMethods_Example.StaticMethods.findElement(StaticMethods.java:163)
at StaticMethods_Example.StaticMethods.findElement(StaticMethods.java:163)
at StaticMethods_Example.StaticMethods.findElement(StaticMethods.java:163)
at StaticMethods_Example.StaticMethods.findElement(StaticMethods.java:163)
at StaticMethods_Example.StaticMethods.findElement(StaticMethods.java:163)
at StaticMethods_Example.StaticMethods.findElement(StaticMethods.java:163)
at StaticMethods_Example.StaticMethods.findElement(StaticMethods.java:163)
at StaticMethods_Example.StaticMethods.findElement(StaticMethods.java:163)
at StaticMethods_Example.StaticMethods.findElement(StaticMethods.java:163)
at StaticMethods_Example.StaticMethods.findElement(StaticMethods.java:163)
at StaticMethods_Example.StaticMethods.findElement(StaticMethods.java:163)
at StaticMethods_Example.StaticMethods.findElement(StaticMethods.java:163)
at StaticMethods_Example.StaticMethods.findElement(StaticMethods.java:163)
at StaticMethods_Example.StaticMethods.findElement(StaticMethods.java:163)
at StaticMethods_Example.StaticMethods.findElement(StaticMethods.java:163)
at StaticMethods_Example.StaticMethods.findElement(StaticMethods.java:163)
at StaticMethods_Example.StaticMethods.findElement(StaticMethods.java:163)
at StaticMethods_Example.StaticMethods.findElement(StaticMethods.java:163)
at StaticMethods_Example.StaticMethods.findElement(StaticMethods.java:163)
at StaticMethods_Example.StaticMethods.findElement(StaticMethods.java:163)
at StaticMethods_Example.StaticMethods.findElement(StaticMethods.java:163)
at StaticMethods_Example.StaticMethods.findElement(StaticMethods.java:163)
at StaticMethods_Example.StaticMethods.findElement(StaticMethods.java:163)
at StaticMethods_Example.StaticMethods.findElement(StaticMethods.java:163)
at StaticMethods_Example.StaticMethods.findElement(StaticMethods.java:163)
at StaticMethods_Example.StaticMethods.findElement(StaticMethods.java:163)
at StaticMethods_Example.StaticMethods.findElement(StaticMethods.java:163)
at StaticMethods_Example.StaticMethods.findElement(StaticMethods.java:163)
at StaticMethods_Example.StaticMethods.findElement(StaticMethods.java:163)
at StaticMethods_Example.StaticMethods.findElement(StaticMethods.java:163)
at StaticMethods_Example.StaticMethods.findElement(StaticMethods.java:163)
at StaticMethods_Example.StaticMethods.findElement(StaticMethods.java:163)
at StaticMethods_Example.StaticMethods.findElement(StaticMethods.java:163)
at StaticMethods_Example.StaticMethods.findElement(StaticMethods.java:163)
at StaticMethods_Example.StaticMethods.findElement(StaticMethods.java:163)
at StaticMethods_Example.StaticMethods.findElement(StaticMethods.java:163)
at StaticMethods_Example.StaticMethods.findElement(StaticMethods.java:163)
at StaticMethods_Example.StaticMethods.findElement(StaticMethods.java:163)
at StaticMethods_Example.StaticMethods.findElement(StaticMethods.java:163)
at StaticMethods_Example.StaticMethods.findElement(StaticMethods.java:163)
at StaticMethods_Example.StaticMethods.findElement(StaticMethods.java:163)
at StaticMethods_Example.StaticMethods.findElement(StaticMethods.java:163)
at StaticMethods_Example.StaticMethods.findElement(StaticMethods.java:163)
at StaticMethods_Example.StaticMethods.findElement(StaticMethods.java:163)
at StaticMethods_Example.StaticMethods.findElement(StaticMethods.java:163)
at StaticMethods_Example.StaticMethods.findElement(StaticMethods.java:163)
at StaticMethods_Example.StaticMethods.findElement(StaticMethods.java:163)
at StaticMethods_Example.StaticMethods.findElement(StaticMethods.java:163)
at StaticMethods_Example.StaticMethods.findElement(StaticMethods.java:163)
at StaticMethods_Example.StaticMethods.findElement(StaticMethods.java:163)
at StaticMethods_Example.StaticMethods.findElement(StaticMethods.java:163)
at StaticMethods_Example.StaticMethods.findElement(StaticMethods.java:163)
at StaticMethods_Example.StaticMethods.findElement(StaticMethods.java:163)
at StaticMethods_Example.StaticMethods.findElement(StaticMethods.java:163)
at StaticMethods_Example.StaticMethods.findElement(StaticMethods.java:163)
at StaticMethods_Example.StaticMethods.findElement(StaticMethods.java:163)
at StaticMethods_Example.StaticMethods.findElement(StaticMethods.java:163)
at StaticMethods_Example.StaticMethods.findElement(StaticMethods.java:163)
at StaticMethods_Example.StaticMethods.findElement(StaticMethods.java:163)
at StaticMethods_Example.StaticMethods.findElement(StaticMethods.java:163)
at StaticMethods_Example.StaticMethods.findElement(StaticMethods.java:163)
at StaticMethods_Example.StaticMethods.findElement(StaticMethods.java:163)
at StaticMethods_Example.StaticMethods.findElement(StaticMethods.java:163)
at StaticMethods_Example.StaticMethods.findElement(StaticMethods.java:163)
at StaticMethods_Example.StaticMethods.findElement(StaticMethods.java:163)
at StaticMethods_Example.StaticMethods.findElement(StaticMethods.java:163)
at StaticMethods_Example.StaticMethods.findElement(StaticMethods.java:163)
at StaticMethods_Example.StaticMethods.findElement(StaticMethods.java:163)
at StaticMethods_Example.StaticMethods.findElement(StaticMethods.java:163)
at StaticMethods_Example.StaticMethods.findElement(StaticMethods.java:163)
at StaticMethods_Example.StaticMethods.findElement(StaticMethods.java:163)
at StaticMethods_Example.StaticMethods.findElement(StaticMethods.java:163)
at StaticMethods_Example.StaticMethods.findElement(StaticMethods.java:163)
at StaticMethods_Example.StaticMethods.findElement(StaticMethods.java:163)
at StaticMethods_Example.StaticMethods.findElement(StaticMethods.java:163)
at StaticMethods_Example.StaticMethods.findElement(StaticMethods.java:163)
at StaticMethods_Example.StaticMethods.findElement(StaticMethods.java:163)
at StaticMethods_Example.StaticMethods.findElement(StaticMethods.java:163)
at StaticMethods_Example.StaticMethods.findElement(StaticMethods.java:163)
at StaticMethods_Example.StaticMethods.findElement(StaticMethods.java:163)
at StaticMethods_Example.StaticMethods.findElement(StaticMethods.java:163)
at StaticMethods_Example.StaticMethods.findElement(StaticMethods.java:163)
at StaticMethods_Example.StaticMethods.findElement(StaticMethods.java:163)
at StaticMethods_Example.StaticMethods.findElement(StaticMethods.java:163)
at StaticMethods_Example.StaticMethods.findElement(StaticMethods.java:163)
at StaticMethods_Example.StaticMethods.findElement(StaticMethods.java:163)
at StaticMethods_Example.StaticMethods.findElement(StaticMethods.java:163)
at StaticMethods_Example.StaticMethods.findElement(StaticMethods.java:163)
at StaticMethods_Example.StaticMethods.findElement(StaticMethods.java:163)
at StaticMethods_Example.StaticMethods.findElement(StaticMethods.java:163)
at StaticMethods_Example.StaticMethods.findElement(StaticMethods.java:163)
at StaticMethods_Example.StaticMethods.findElement(StaticMethods.java:163)
at StaticMethods_Example.StaticMethods.findElement(StaticMethods.java:163)
at StaticMethods_Example.StaticMethods.findElement(StaticMethods.java:163)
at StaticMethods_Example.StaticMethods.findElement(StaticMethods.java:163)
at StaticMethods_Example.StaticMethods.findElement(StaticMethods.java:163)
at StaticMethods_Example.StaticMethods.findElement(StaticMethods.java:163)
at StaticMethods_Example.StaticMethods.findElement(StaticMethods.java:163)
at StaticMethods_Example.StaticMethods.findElement(StaticMethods.java:163)
at StaticMethods_Example.StaticMethods.findElement(StaticMethods.java:163)
at StaticMethods_Example.StaticMethods.findElement(StaticMethods.java:163)
at StaticMethods_Example.StaticMethods.findElement(StaticMethods.java:163)
at StaticMethods_Example.StaticMethods.findElement(StaticMethods.java:163)
at StaticMethods_Example.StaticMethods.findElement(StaticMethods.java:163)
at StaticMethods_Example.StaticMethods.findElement(StaticMethods.java:163)
at StaticMethods_Example.StaticMethods.findElement(StaticMethods.java:163)
at StaticMethods_Example.StaticMethods.findElement(StaticMethods.java:163)
at StaticMethods_Example.StaticMethods.findElement(StaticMethods.java:163)
at StaticMethods_Example.StaticMethods.findElement(StaticMethods.java:163)
at StaticMethods_Example.StaticMethods.findElement(StaticMethods.java:163)
at StaticMethods_Example.StaticMethods.findElement(StaticMethods.java:163)
at StaticMethods_Example.StaticMethods.findElement(StaticMethods.java:163)
at StaticMethods_Example.StaticMethods.findElement(StaticMethods.java:163)
at StaticMethods_Example.StaticMethods.findElement(StaticMethods.java:163)
at StaticMethods_Example.StaticMethods.findElement(StaticMethods.java:163)
at StaticMethods_Example.StaticMethods.findElement(StaticMethods.java:163)
at StaticMethods_Example.StaticMethods.findElement(StaticMethods.java:163)
at StaticMethods_Example.StaticMethods.findElement(StaticMethods.java:163)
at StaticMethods_Example.StaticMethods.findElement(StaticMethods.java:163)
at StaticMethods_Example.StaticMethods.findElement(StaticMethods.java:163)
at StaticMethods_Example.StaticMethods.findElement(StaticMethods.java:163)
at StaticMethods_Example.StaticMethods.findElement(StaticMethods.java:163)
at StaticMethods_Example.StaticMethods.findElement(StaticMethods.java:163)
at StaticMethods_Example.StaticMethods.findElement(StaticMethods.java:163)
at StaticMethods_Example.StaticMethods.findElement(StaticMethods.java:163)
at StaticMethods_Example.StaticMethods.findElement(StaticMethods.java:163)
at StaticMethods_Example.StaticMethods.findElement(StaticMethods.java:163)
at StaticMethods_Example.StaticMethods.findElement(StaticMethods.java:163)
at StaticMethods_Example.StaticMethods.findElement(StaticMethods.java:163)
at StaticMethods_Example.StaticMethods.findElement(StaticMethods.java:163)
at StaticMethods_Example.StaticMethods.findElement(StaticMethods.java:163)
at StaticMethods_Example.StaticMethods.findElement(StaticMethods.java:163)
at StaticMethods_Example.StaticMethods.findElement(StaticMethods.java:163)
at StaticMethods_Example.StaticMethods.findElement(StaticMethods.java:163)
at StaticMethods_Example.StaticMethods.findElement(StaticMethods.java:163)
at StaticMethods_Example.StaticMethods.findElement(StaticMethods.java:163)
at StaticMethods_Example.StaticMethods.findElement(StaticMethods.java:163)
at StaticMethods_Example.StaticMethods.findElement(StaticMethods.java:163)
at StaticMethods_Example.StaticMethods.findElement(StaticMethods.java:163)
at StaticMethods_Example.StaticMethods.findElement(StaticMethods.java:163)
at StaticMethods_Example.StaticMethods.findElement(StaticMethods.java:163)
at StaticMethods_Example.StaticMethods.findElement(StaticMethods.java:163)
at StaticMethods_Example.StaticMethods.findElement(StaticMethods.java:163)
at StaticMethods_Example.StaticMethods.findElement(StaticMethods.java:163)
at StaticMethods_Example.StaticMethods.findElement(StaticMethods.java:163)
at StaticMethods_Example.StaticMethods.findElement(StaticMethods.java:163)
at StaticMethods_Example.StaticMethods.findElement(StaticMethods.java:163)
at StaticMethods_Example.StaticMethods.findElement(StaticMethods.java:163)
at StaticMethods_Example.StaticMethods.findElement(StaticMethods.java:163)
at StaticMethods_Example.StaticMethods.findElement(StaticMethods.java:163)
at StaticMethods_Example.StaticMethods.findElement(StaticMethods.java:163)
at StaticMethods_Example.StaticMethods.findElement(StaticMethods.java:163)
at StaticMethods_Example.StaticMethods.findElement(StaticMethods.java:163)
at StaticMethods_Example.StaticMethods.findElement(StaticMethods.java:163)
at StaticMethods_Example.StaticMethods.findElement(StaticMethods.java:163)
at StaticMethods_Example.StaticMethods.findElement(StaticMethods.java:163)
at StaticMethods_Example.StaticMethods.findElement(StaticMethods.java:163)
at StaticMethods_Example.StaticMethods.findElement(StaticMethods.java:163)
at StaticMethods_Example.StaticMethods.findElement(StaticMethods.java:163)
at StaticMethods_Example.StaticMethods.findElement(StaticMethods.java:163)
at StaticMethods_Example.StaticMethods.findElement(StaticMethods.java:163)
at StaticMethods_Example.StaticMethods.findElement(StaticMethods.java:163)
at StaticMethods_Example.StaticMethods.findElement(StaticMethods.java:163)
at StaticMethods_Example.StaticMethods.findElement(StaticMethods.java:163)
at StaticMethods_Example.StaticMethods.findElement(StaticMethods.java:163)
at StaticMethods_Example.StaticMethods.findElement(StaticMethods.java:163)
at StaticMethods_Example.StaticMethods.findElement(StaticMethods.java:163)
at StaticMethods_Example.StaticMethods.findElement(StaticMethods.java:163)
at StaticMethods_Example.StaticMethods.findElement(StaticMethods.java:163)
at StaticMethods_Example.StaticMethods.findElement(StaticMethods.java:163)
at StaticMethods_Example.StaticMethods.findElement(StaticMethods.java:163)
at StaticMethods_Example.StaticMethods.findElement(StaticMethods.java:163)
at StaticMethods_Example.StaticMethods.findElement(StaticMethods.java:163)
at StaticMethods_Example.StaticMethods.findElement(StaticMethods.java:163)
at StaticMethods_Example.StaticMethods.findElement(StaticMethods.java:163)
at StaticMethods_Example.StaticMethods.findElement(StaticMethods.java:163)
at StaticMethods_Example.StaticMethods.findElement(StaticMethods.java:163)
at StaticMethods_Example.StaticMethods.findElement(StaticMethods.java:163)
at StaticMethods_Example.StaticMethods.findElement(StaticMethods.java:163)
at StaticMethods_Example.StaticMethods.findElement(StaticMethods.java:163)
at StaticMethods_Example.StaticMethods.findElement(StaticMethods.java:163)
at StaticMethods_Example.StaticMethods.findElement(StaticMethods.java:163)
at StaticMethods_Example.StaticMethods.findElement(StaticMethods.java:163)
at StaticMethods_Example.StaticMethods.findElement(StaticMethods.java:163)
at StaticMethods_Example.StaticMethods.findElement(StaticMethods.java:163)
at StaticMethods_Example.StaticMethods.findElement(StaticMethods.java:163)
at StaticMethods_Example.StaticMethods.findElement(StaticMethods.java:163)
at StaticMethods_Example.StaticMethods.findElement(StaticMethods.java:163)
at StaticMethods_Example.StaticMethods.findElement(StaticMethods.java:163)
at StaticMethods_Example.StaticMethods.findElement(StaticMethods.java:163)
at StaticMethods_Example.StaticMethods.findElement(StaticMethods.java:163)
at StaticMethods_Example.StaticMethods.findElement(StaticMethods.java:163)
at StaticMethods_Example.StaticMethods.findElement(StaticMethods.java:163)
at StaticMethods_Example.StaticMethods.findElement(StaticMethods.java:163)
at StaticMethods_Example.StaticMethods.findElement(StaticMethods.java:163)
at StaticMethods_Example.StaticMethods.findElement(StaticMethods.java:163)
at StaticMethods_Example.StaticMethods.findElement(StaticMethods.java:163)
at StaticMethods_Example.StaticMethods.findElement(StaticMethods.java:163)
at StaticMethods_Example.StaticMethods.findElement(StaticMethods.java:163)
at StaticMethods_Example.StaticMethods.findElement(StaticMethods.java:163)
at StaticMethods_Example.StaticMethods.findElement(StaticMethods.java:163)
at StaticMethods_Example.StaticMethods.findElement(StaticMethods.java:163)
at StaticMethods_Example.StaticMethods.findElement(StaticMethods.java:163)
at StaticMethods_Example.StaticMethods.findElement(StaticMethods.java:163)
at StaticMethods_Example.StaticMethods.findElement(StaticMethods.java:163)
at StaticMethods_Example.StaticMethods.findElement(StaticMethods.java:163)
at StaticMethods_Example.StaticMethods.findElement(StaticMethods.java:163)
at StaticMethods_Example.StaticMethods.findElement(StaticMethods.java:163)
at StaticMethods_Example.StaticMethods.findElement(StaticMethods.java:163)
at StaticMethods_Example.StaticMethods.findElement(StaticMethods.java:163)
at StaticMethods_Example.StaticMethods.findElement(StaticMethods.java:163)
at StaticMethods_Example.StaticMethods.findElement(StaticMethods.java:163)
at StaticMethods_Example.StaticMethods.findElement(StaticMethods.java:163)
at StaticMethods_Example.StaticMethods.findElement(StaticMethods.java:163)
at StaticMethods_Example.StaticMethods.findElement(StaticMethods.java:163)
at StaticMethods_Example.StaticMethods.findElement(StaticMethods.java:163)
at StaticMethods_Example.StaticMethods.findElement(StaticMethods.java:163)
at StaticMethods_Example.StaticMethods.findElement(StaticMethods.java:163)
at StaticMethods_Example.StaticMethods.findElement(StaticMethods.java:163)
at StaticMethods_Example.StaticMethods.findElement(StaticMethods.java:163)
at StaticMethods_Example.StaticMethods.findElement(StaticMethods.java:163)
at StaticMethods_Example.StaticMethods.findElement(StaticMethods.java:163)
at StaticMethods_Example.StaticMethods.findElement(StaticMethods.java:163)
at StaticMethods_Example.StaticMethods.findElement(StaticMethods.java:163)
at StaticMethods_Example.StaticMethods.findElement(StaticMethods.java:163)
at StaticMethods_Example.StaticMethods.findElement(StaticMethods.java:163)
at StaticMethods_Example.StaticMethods.findElement(StaticMethods.java:163)
at StaticMethods_Example.StaticMethods.findElement(StaticMethods.java:163)
at StaticMethods_Example.StaticMethods.findElement(StaticMethods.java:163)
at StaticMethods_Example.StaticMethods.findElement(StaticMethods.java:163)
at StaticMethods_Example.StaticMethods.findElement(StaticMethods.java:163)
at StaticMethods_Example.StaticMethods.findElement(StaticMethods.java:163)
at StaticMethods_Example.StaticMethods.findElement(StaticMethods.java:163)
at StaticMethods_Example.StaticMethods.findElement(StaticMethods.java:163)
at StaticMethods_Example.StaticMethods.findElement(StaticMethods.java:163)
at StaticMethods_Example.StaticMethods.findElement(StaticMethods.java:163)
at StaticMethods_Example.StaticMethods.findElement(StaticMethods.java:163)
at StaticMethods_Example.StaticMethods.findElement(StaticMethods.java:163)
at StaticMethods_Example.StaticMethods.findElement(StaticMethods.java:163)
at StaticMethods_Example.StaticMethods.findElement(StaticMethods.java:163)
at StaticMethods_Example.StaticMethods.findElement(StaticMethods.java:163)
at StaticMethods_Example.StaticMethods.findElement(StaticMethods.java:163)
at StaticMethods_Example.StaticMethods.findElement(StaticMethods.java:163)
at StaticMethods_Example.StaticMethods.findElement(StaticMethods.java:163)
at StaticMethods_Example.StaticMethods.findElement(StaticMethods.java:163)
at StaticMethods_Example.StaticMethods.findElement(StaticMethods.java:163)
at StaticMethods_Example.StaticMethods.findElement(StaticMethods.java:163)
at StaticMethods_Example.StaticMethods.findElement(StaticMethods.java:163)
at StaticMethods_Example.StaticMethods.findElement(StaticMethods.java:163)
at StaticMethods_Example.StaticMethods.findElement(StaticMethods.java:163)
at StaticMethods_Example.StaticMethods.findElement(StaticMethods.java:163)
at StaticMethods_Example.StaticMethods.findElement(StaticMethods.java:163)
at StaticMethods_Example.StaticMethods.findElement(StaticMethods.java:163)
at StaticMethods_Example.StaticMethods.findElement(StaticMethods.java:163)
at StaticMethods_Example.StaticMethods.findElement(StaticMethods.java:163)
at StaticMethods_Example.StaticMethods.findElement(StaticMethods.java:163)
at StaticMethods_Example.StaticMethods.findElement(StaticMethods.java:163)
at StaticMethods_Example.StaticMethods.findElement(StaticMethods.java:163)
at StaticMethods_Example.StaticMethods.findElement(StaticMethods.java:163)
at StaticMethods_Example.StaticMethods.findElement(StaticMethods.java:163)
at StaticMethods_Example.StaticMethods.findElement(StaticMethods.java:163)
at StaticMethods_Example.StaticMethods.findElement(StaticMethods.java:163)
at StaticMethods_Example.StaticMethods.findElement(StaticMethods.java:163)
at StaticMethods_Example.StaticMethods.findElement(StaticMethods.java:163)
at StaticMethods_Example.StaticMethods.findElement(StaticMethods.java:163)
at StaticMethods_Example.StaticMethods.findElement(StaticMethods.java:163)
at StaticMethods_Example.StaticMethods.findElement(StaticMethods.java:163)
at StaticMethods_Example.StaticMethods.findElement(StaticMethods.java:163)
at StaticMethods_Example.StaticMethods.findElement(StaticMethods.java:163)
at StaticMethods_Example.StaticMethods.findElement(StaticMethods.java:163)
at StaticMethods_Example.StaticMethods.findElement(StaticMethods.java:163)
at StaticMethods_Example.StaticMethods.findElement(StaticMethods.java:163)
at StaticMethods_Example.StaticMethods.findElement(StaticMethods.java:163)
at StaticMethods_Example.StaticMethods.findElement(StaticMethods.java:163)
at StaticMethods_Example.StaticMethods.findElement(StaticMethods.java:163)
at StaticMethods_Example.StaticMethods.findElement(StaticMethods.java:163)
at StaticMethods_Example.StaticMethods.findElement(StaticMethods.java:163)
at StaticMethods_Example.StaticMethods.findElement(StaticMethods.java:163)
at StaticMethods_Example.StaticMethods.findElement(StaticMethods.java:163)
at StaticMethods_Example.StaticMethods.findElement(StaticMethods.java:163)
at StaticMethods_Example.StaticMethods.findElement(StaticMethods.java:163)
at StaticMethods_Example.StaticMethods.findElement(StaticMethods.java:163)
at StaticMethods_Example.StaticMethods.findElement(StaticMethods.java:163)
at StaticMethods_Example.StaticMethods.findElement(StaticMethods.java:163)
at StaticMethods_Example.StaticMethods.findElement(StaticMethods.java:163)
at StaticMethods_Example.StaticMethods.findElement(StaticMethods.java:163)
at StaticMethods_Example.StaticMethods.findElement(StaticMethods.java:163)
at StaticMethods_Example.StaticMethods.findElement(StaticMethods.java:163)
at StaticMethods_Example.StaticMethods.findElement(StaticMethods.java:163)
at StaticMethods_Example.StaticMethods.findElement(StaticMethods.java:163)
at StaticMethods_Example.StaticMethods.findElement(StaticMethods.java:163)
at StaticMethods_Example.StaticMethods.findElement(StaticMethods.java:163)
at StaticMethods_Example.StaticMethods.findElement(StaticMethods.java:163)
at StaticMethods_Example.StaticMethods.findElement(StaticMethods.java:163)
at StaticMethods_Example.StaticMethods.findElement(StaticMethods.java:163)
at StaticMethods_Example.StaticMethods.findElement(StaticMethods.java:163)
at StaticMethods_Example.StaticMethods.findElement(StaticMethods.java:163)
at StaticMethods_Example.StaticMethods.findElement(StaticMethods.java:163)
at StaticMethods_Example.StaticMethods.findElement(StaticMethods.java:163)
at StaticMethods_Example.StaticMethods.findElement(StaticMethods.java:163)
at StaticMethods_Example.StaticMethods.findElement(StaticMethods.java:163)
at StaticMethods_Example.StaticMethods.findElement(StaticMethods.java:163)
at StaticMethods_Example.StaticMethods.findElement(StaticMethods.java:163)
at StaticMethods_Example.StaticMethods.findElement(StaticMethods.java:163)
at StaticMethods_Example.StaticMethods.findElement(StaticMethods.java:163)
at StaticMethods_Example.StaticMethods.findElement(StaticMethods.java:163)
at StaticMethods_Example.StaticMethods.findElement(StaticMethods.java:163)
at StaticMethods_Example.StaticMethods.findElement(StaticMethods.java:163)
at StaticMethods_Example.StaticMethods.findElement(StaticMethods.java:163)
at StaticMethods_Example.StaticMethods.findElement(StaticMethods.java:163)
at StaticMethods_Example.StaticMethods.findElement(StaticMethods.java:163)
at StaticMethods_Example.StaticMethods.findElement(StaticMethods.java:163)
at StaticMethods_Example.StaticMethods.findElement(StaticMethods.java:163)
at StaticMethods_Example.StaticMethods.findElement(StaticMethods.java:163)
at StaticMethods_Example.StaticMethods.findElement(StaticMethods.java:163)
at StaticMethods_Example.StaticMethods.findElement(StaticMethods.java:163)
at StaticMethods_Example.StaticMethods.findElement(StaticMethods.java:163)
at StaticMethods_Example.StaticMethods.findElement(StaticMethods.java:163)
at StaticMethods_Example.StaticMethods.findElement(StaticMethods.java:163)
at StaticMethods_Example.StaticMethods.findElement(StaticMethods.java:163)
at StaticMethods_Example.StaticMethods.findElement(StaticMethods.java:163)
at StaticMethods_Example.StaticMethods.findElement(StaticMethods.java:163)
at StaticMethods_Example.StaticMethods.findElement(StaticMethods.java:163)
at StaticMethods_Example.StaticMethods.findElement(StaticMethods.java:163)
at StaticMethods_Example.StaticMethods.findElement(StaticMethods.java:163)
at StaticMethods_Example.StaticMethods.findElement(StaticMethods.java:163)
at StaticMethods_Example.StaticMethods.findElement(StaticMethods.java:163)
at StaticMethods_Example.StaticMethods.findElement(StaticMethods.java:163)
at StaticMethods_Example.StaticMethods.findElement(StaticMethods.java:163)
at StaticMethods_Example.StaticMethods.findElement(StaticMethods.java:163)
at StaticMethods_Example.StaticMethods.findElement(StaticMethods.java:163)
at StaticMethods_Example.StaticMethods.findElement(StaticMethods.java:163)
at StaticMethods_Example.StaticMethods.findElement(StaticMethods.java:163)
at StaticMethods_Example.StaticMethods.findElement(StaticMethods.java:163)
at StaticMethods_Example.StaticMethods.findElement(StaticMethods.java:163)
at StaticMethods_Example.StaticMethods.findElement(StaticMethods.java:163)
at StaticMethods_Example.StaticMethods.findElement(StaticMethods.java:163)
at StaticMethods_Example.StaticMethods.findElement(StaticMethods.java:163)
at StaticMethods_Example.StaticMethods.findElement(StaticMethods.java:163)
at StaticMethods_Example.StaticMethods.findElement(StaticMethods.java:163)
at StaticMethods_Example.StaticMethods.findElement(StaticMethods.java:163)
at StaticMethods_Example.StaticMethods.findElement(StaticMethods.java:163)
at StaticMethods_Example.StaticMethods.findElement(StaticMethods.java:163)
at StaticMethods_Example.StaticMethods.findElement(StaticMethods.java:163)
at StaticMethods_Example.StaticMethods.findElement(StaticMethods.java:163)
at StaticMethods_Example.StaticMethods.findElement(StaticMethods.java:163)
at StaticMethods_Example.StaticMethods.findElement(StaticMethods.java:163)
at StaticMethods_Example.StaticMethods.findElement(StaticMethods.java:163)
at StaticMethods_Example.StaticMethods.findElement(StaticMethods.java:163)
at StaticMethods_Example.StaticMethods.findElement(StaticMethods.java:163)
at StaticMethods_Example.StaticMethods.findElement(StaticMethods.java:163)
at StaticMethods_Example.StaticMethods.findElement(StaticMethods.java:163)
at StaticMethods_Example.StaticMethods.findElement(StaticMethods.java:163)
at StaticMethods_Example.StaticMethods.findElement(StaticMethods.java:163)
at StaticMethods_Example.StaticMethods.findElement(StaticMethods.java:163)
at StaticMethods_Example.StaticMethods.findElement(StaticMethods.java:163)
at StaticMethods_Example.StaticMethods.findElement(StaticMethods.java:163)
at StaticMethods_Example.StaticMethods.findElement(StaticMethods.java:163)
at StaticMethods_Example.StaticMethods.findElement(StaticMethods.java:163)
at StaticMethods_Example.StaticMethods.findElement(StaticMethods.java:163)
at StaticMethods_Example.StaticMethods.findElement(StaticMethods.java:163)
at StaticMethods_Example.StaticMethods.findElement(StaticMethods.java:163)
at StaticMethods_Example.StaticMethods.findElement(StaticMethods.java:163)
at StaticMethods_Example.StaticMethods.findElement(StaticMethods.java:163)
at StaticMethods_Example.StaticMethods.findElement(StaticMethods.java:163)
at StaticMethods_Example.StaticMethods.findElement(StaticMethods.java:163)
at StaticMethods_Example.StaticMethods.findElement(StaticMethods.java:163)
at StaticMethods_Example.StaticMethods.findElement(StaticMethods.java:163)
at StaticMethods_Example.StaticMethods.findElement(StaticMethods.java:163)
at StaticMethods_Example.StaticMethods.findElement(StaticMethods.java:163)
at StaticMethods_Example.StaticMethods.findElement(StaticMethods.java:163)
at StaticMethods_Example.StaticMethods.findElement(StaticMethods.java:163)
]]>
    </error>
  </testcase> <!-- TC01_Add_Nationalitiess -->
</testsuite> <!-- StaticMethods_Example.StaticMethods -->
