<?xml version="1.0" encoding="UTF-8"?>
<!-- Generated by org.testng.reporters.JUnitReportReporter -->
<testsuite hostname="Sudhakar-PC" failures="0" tests="1" name="RestAssured3.PostMethod" time="4.497" errors="0" timestamp="03 May 2019 15:17:52 GMT" skipped="0">
  <testcase classname="RestAssured3.PostMethod" name="RegistrationSuccessful1" time="4.497"/>
</testsuite> <!-- RestAssured3.PostMethod -->
