<?xml version="1.0" encoding="UTF-8"?>
<!-- Generated by org.testng.reporters.JUnitReportReporter -->
<testsuite hostname="Sudhakar-PC" failures="0" tests="1" name="Waits.TC03_Fluent_Wait" time="27.574" errors="0" timestamp="16 Sep 2019 00:39:59 GMT" skipped="0">
  <testcase classname="Waits.TC03_Fluent_Wait" name="Login_Test" time="27.574"/>
</testsuite> <!-- Waits.TC03_Fluent_Wait -->
