<?xml version="1.0" encoding="UTF-8"?>
<!-- Generated by org.testng.reporters.JUnitReportReporter -->
<testsuite hostname="admin-PC" failures="0" tests="1" name="Nationality.Highlight3" time="23.829" errors="0" timestamp="22 Jul 2019 14:57:03 GMT" skipped="0">
  <testcase classname="Nationality.Highlight3" name="Test3" time="23.829"/>
</testsuite> <!-- Nationality.Highlight3 -->
