<?xml version="1.0" encoding="UTF-8"?>
<!-- Generated by org.testng.reporters.JUnitReportReporter -->
<testsuite hostname="admin-PC" failures="0" tests="1" name="Pavan2.ScreenShot_Example3" time="98.494" errors="0" timestamp="09 Aug 2019 08:06:30 GMT" skipped="0">
  <testcase classname="Pavan2.ScreenShot_Example3" name="Test6" time="98.494"/>
</testsuite> <!-- Pavan2.ScreenShot_Example3 -->
