<?xml version="1.0" encoding="UTF-8"?>
<!-- Generated by org.testng.reporters.JUnitReportReporter -->
<testsuite hostname="Saryu-PC" failures="0" tests="1" name="Day_003_Locators.TC05_partialLinkText" time="15.072" errors="0" timestamp="2019-12-17T01:16:59 IST" skipped="0">
  <testcase classname="Day_003_Locators.TC05_partialLinkText" name="testTC02" time="15.072"/>
</testsuite> <!-- Day_003_Locators.TC05_partialLinkText -->
