<?xml version="1.0" encoding="UTF-8"?>
<!-- Generated by org.testng.reporters.JUnitReportReporter -->
<testsuite hostname="DESKTOP-VL2N6EH" failures="0" tests="1" name="Day_003_Locators.TC03_xpath" time="14.684" errors="0" timestamp="2020-02-06T20:11:16 IST" skipped="0">
  <testcase classname="Day_003_Locators.TC03_xpath" name="Test2" time="14.684"/>
</testsuite> <!-- Day_003_Locators.TC03_xpath -->
