<?xml version="1.0" encoding="UTF-8"?>
<!-- Generated by org.testng.reporters.JUnitReportReporter -->
<testsuite hostname="Saryu-PC" failures="0" tests="1" name="Day_016_ParallelClasses.MercuryTest" time="16.745" errors="0" timestamp="2019-11-08T21:14:34 IST" skipped="0">
  <testcase classname="Day_016_ParallelClasses.MercuryTest" name="Open_Mercury" time="16.745"/>
</testsuite> <!-- Day_016_ParallelClasses.MercuryTest -->
