<?xml version="1.0" encoding="UTF-8"?>
<!-- Generated by org.testng.reporters.JUnitReportReporter -->
<testsuite hostname="admin-PC" failures="0" tests="1" name="Pavan2.Create_Append_WordDoc" time="7.036" errors="0" timestamp="27 Aug 2019 00:46:24 GMT" skipped="0">
  <testcase classname="Pavan2.Create_Append_WordDoc" name="Test6" time="7.036"/>
</testsuite> <!-- Pavan2.Create_Append_WordDoc -->
