<?xml version="1.0" encoding="UTF-8"?>
<!-- Generated by org.testng.reporters.JUnitReportReporter -->
<testsuite hostname="admin-PC" failures="0" tests="1" name="Vamsi.addemployes" time="79.677" errors="0" timestamp="02 Aug 2019 02:28:35 GMT" skipped="0">
  <testcase classname="Vamsi.addemployes" name="Add_employees" time="79.677"/>
</testsuite> <!-- Vamsi.addemployes -->
