<?xml version="1.0" encoding="UTF-8"?>
<!-- Generated by org.testng.reporters.JUnitReportReporter -->
<testsuite hostname="admin-PC" failures="0" tests="1" name="PageObjectModel_MercuryTests.Test1" time="7.853" errors="0" timestamp="21 Jul 2019 04:57:39 GMT" skipped="0">
  <testcase classname="PageObjectModel_MercuryTests.Test1" name="Book_OneWay_Flight" time="7.853"/>
</testsuite> <!-- PageObjectModel_MercuryTests.Test1 -->
