<?xml version="1.0" encoding="UTF-8"?>
<!-- Generated by org.testng.reporters.JUnitReportReporter -->
<testsuite hostname="Sudhakar-PC" failures="0" tests="1" name="RestAssured2.circuits" time="12.092" errors="0" timestamp="01 May 2019 14:11:29 GMT" skipped="0">
  <testcase classname="RestAssured2.circuits" name="WeatherMessageBody" time="12.092"/>
</testsuite> <!-- RestAssured2.circuits -->
