<?xml version="1.0" encoding="UTF-8"?>
<!-- Generated by org.testng.reporters.JUnitReportReporter -->
<testsuite hostname="Sudhakar-PC" failures="0" tests="1" name="Examples_Locators.TC01_Xpath" time="45.920" errors="0" timestamp="19 Sep 2019 15:41:55 GMT" skipped="0">
  <testcase classname="Examples_Locators.TC01_Xpath" name="Test2" time="45.920"/>
</testsuite> <!-- Examples_Locators.TC01_Xpath -->
