<?xml version="1.0" encoding="UTF-8"?>
<!-- Generated by org.testng.reporters.JUnitReportReporter -->
<testsuite hostname="Sudhakar-PC" failures="0" tests="2" name="TestNG_Paraneters.TC02_Login_Static_Paarameters1" time="100.848" errors="0" timestamp="16 Sep 2019 15:41:07 GMT" skipped="0">
  <testcase classname="TestNG_Paraneters.TC02_Login_Static_Paarameters1" name="Login_Test" time="67.334"/>
  <testcase classname="TestNG_Paraneters.TC02_Login_Static_Paarameters1" name="Login_Test" time="33.514"/>
</testsuite> <!-- TestNG_Paraneters.TC02_Login_Static_Paarameters1 -->
