<?xml version="1.0" encoding="UTF-8"?>
<!-- Generated by org.testng.reporters.JUnitReportReporter -->
<testsuite hostname="DESKTOP-VL2N6EH" failures="0" tests="2" name="ABC_Demo1.TC03_Login_Static_Paarameters" time="46.575" errors="0" timestamp="2020-02-07T20:07:49 IST" skipped="0">
  <testcase classname="ABC_Demo1.TC03_Login_Static_Paarameters" name="Login_Test" time="21.102"/>
  <testcase classname="ABC_Demo1.TC03_Login_Static_Paarameters" name="Login_Test" time="25.473"/>
</testsuite> <!-- ABC_Demo1.TC03_Login_Static_Paarameters -->
