<?xml version="1.0" encoding="UTF-8"?>
<!-- Generated by org.testng.reporters.JUnitReportReporter -->
<testsuite hostname="Saryu-PC" failures="0" tests="1" name="Day_011_Custimize_EmailableReport_Lab2.TC01_Test" time="15.785" errors="0" timestamp="17 Oct 2019 09:35:31 GMT" skipped="0">
  <testcase classname="Day_011_Custimize_EmailableReport_Lab2.TC01_Test" name="TC01_Report_Test" time="15.785"/>
</testsuite> <!-- Day_011_Custimize_EmailableReport_Lab2.TC01_Test -->
