<?xml version="1.0" encoding="UTF-8"?>
<!-- Generated by org.testng.reporters.JUnitReportReporter -->
<testsuite hostname="DESKTOP-VL2N6EH" failures="0" tests="1" name="Day_018_Waits.TC03_Implicit_Wait" time="15.487" errors="0" timestamp="2020-01-27T20:34:29 IST" skipped="0">
  <testcase classname="Day_018_Waits.TC03_Implicit_Wait" name="Login_Test" time="15.487"/>
</testsuite> <!-- Day_018_Waits.TC03_Implicit_Wait -->
