<?xml version="1.0" encoding="UTF-8"?>
<!-- Generated by org.testng.reporters.JUnitReportReporter -->
<testsuite hostname="admin-PC" failures="0" tests="3" name="Nationality.Qua_Skills" time="95.402" errors="0" timestamp="15 Jul 2019 15:34:30 GMT" skipped="0">
  <testcase classname="Nationality.Qua_Skills" name="Qua_Skills_call_allmethods" time="84.490"/>
  <testcase classname="Nationality.Qua_Skills" name="Qua_Skills_call_allmethods" time="6.356"/>
  <testcase classname="Nationality.Qua_Skills" name="Qua_Skills_call_allmethods" time="4.556"/>
</testsuite> <!-- Nationality.Qua_Skills -->
