<?xml version="1.0" encoding="UTF-8"?>
<!-- Generated by org.testng.reporters.JUnitReportReporter -->
<testsuite hostname="Sudhakar-PC" failures="0" tests="1" name="First_Anusha.TC01_Login" time="74.259" errors="0" timestamp="26 Sep 2019 15:01:56 GMT" skipped="0">
  <testcase classname="First_Anusha.TC01_Login" name="Login_Test" time="74.259"/>
</testsuite> <!-- First_Anusha.TC01_Login -->
