<?xml version="1.0" encoding="UTF-8"?>
<!-- Generated by org.testng.reporters.JUnitReportReporter -->
<testsuite hostname="Sudhakar-PC" failures="0" tests="1" name="Reporter_Example2.ExtentReport_Test" time="129.392" errors="0" timestamp="08 Oct 2019 02:05:43 GMT" skipped="0">
  <testcase classname="Reporter_Example2.ExtentReport_Test" name="Report3_Test" time="129.392"/>
</testsuite> <!-- Reporter_Example2.ExtentReport_Test -->
