<?xml version="1.0" encoding="UTF-8"?>
<!-- Generated by org.testng.reporters.JUnitReportReporter -->
<testsuite hostname="Saryu-PC" failures="0" tests="4" name="Day_013_TestNG_Paraneters1.BrowserTesting_DataProvider3" time="42.763" errors="0" timestamp="2019-11-08T20:59:23 IST" skipped="0">
  <testcase classname="Day_013_TestNG_Paraneters1.BrowserTesting_DataProvider3" name="Test3" time="7.762"/>
  <testcase classname="Day_013_TestNG_Paraneters1.BrowserTesting_DataProvider3" name="Test3" time="8.514"/>
  <testcase classname="Day_013_TestNG_Paraneters1.BrowserTesting_DataProvider3" name="Test3" time="8.405"/>
  <testcase classname="Day_013_TestNG_Paraneters1.BrowserTesting_DataProvider3" name="Test3" time="18.082"/>
</testsuite> <!-- Day_013_TestNG_Paraneters1.BrowserTesting_DataProvider3 -->
