<?xml version="1.0" encoding="UTF-8"?>
<!-- Generated by org.testng.reporters.JUnitReportReporter -->
<testsuite hostname="Saryu-PC" failures="0" tests="1" name="Day_024_Advanced_Xpaths.TC012_self" time="21.328" errors="0" timestamp="01 Nov 2019 22:20:54 GMT" skipped="0">
  <testcase classname="Day_024_Advanced_Xpaths.TC012_self" name="Test1" time="21.328"/>
</testsuite> <!-- Day_024_Advanced_Xpaths.TC012_self -->
