<?xml version="1.0" encoding="UTF-8"?>
<!-- Generated by org.testng.reporters.JUnitReportReporter -->
<testsuite hostname="DESKTOP-VL2N6EH" failures="0" tests="1" name="Day_003_Locators.TC08_tagName" time="10.384" errors="0" timestamp="2020-02-06T20:27:12 IST" skipped="0">
  <testcase classname="Day_003_Locators.TC08_tagName" name="Test2" time="10.384"/>
</testsuite> <!-- Day_003_Locators.TC08_tagName -->
