<?xml version="1.0" encoding="UTF-8"?>
<!-- Generated by org.testng.reporters.JUnitReportReporter -->
<testsuite hostname="Saryu-PC" failures="0" tests="1" name="demo8.class5" time="11.203" errors="0" timestamp="28 Oct 2019 09:40:53 GMT" skipped="0">
  <testcase classname="demo8.class5" name="test1" time="11.203"/>
</testsuite> <!-- demo8.class5 -->
