<?xml version="1.0" encoding="UTF-8"?>
<!-- Generated by org.testng.reporters.JUnitReportReporter -->
<testsuite hostname="DESKTOP-VL2N6EH" failures="0" tests="1" name="Day_008_Emailable_Report.TestExample" time="21.033" errors="0" timestamp="2020-02-10T20:36:26 IST" skipped="0">
  <testcase classname="Day_008_Emailable_Report.TestExample" name="Test1" time="21.033"/>
</testsuite> <!-- Day_008_Emailable_Report.TestExample -->
