<?xml version="1.0" encoding="UTF-8"?>
<!-- Generated by org.testng.reporters.JUnitReportReporter -->
<testsuite hostname="Sudhakar-PC" failures="0" tests="1" name="Waits.TC03_Implicit_Wait" time="68.343" errors="0" timestamp="22 Sep 2019 22:56:11 GMT" skipped="0">
  <testcase classname="Waits.TC03_Implicit_Wait" name="Login_Test" time="68.343"/>
</testsuite> <!-- Waits.TC03_Implicit_Wait -->
