<?xml version="1.0" encoding="UTF-8"?>
<!-- Generated by org.testng.reporters.JUnitReportReporter -->
<testsuite hostname="DESKTOP-VL2N6EH" failures="0" tests="1" name="Day_024_Advanced_Xpaths.TC005_Contains" time="12.998" errors="0" timestamp="2020-02-03T21:09:17 IST" skipped="0">
  <testcase classname="Day_024_Advanced_Xpaths.TC005_Contains" name="Test1" time="12.998"/>
</testsuite> <!-- Day_024_Advanced_Xpaths.TC005_Contains -->
