<?xml version="1.0" encoding="UTF-8"?>
<!-- Generated by org.testng.reporters.JUnitReportReporter -->
<testsuite hostname="Saryu-PC" failures="0" tests="1" name="Day_003_Locators.TC07_className" time="12.312" errors="0" timestamp="2019-12-17T01:21:33 IST" skipped="0">
  <testcase classname="Day_003_Locators.TC07_className" name="Test2" time="12.312"/>
</testsuite> <!-- Day_003_Locators.TC07_className -->
