<?xml version="1.0" encoding="UTF-8"?>
<!-- Generated by org.testng.reporters.JUnitReportReporter -->
<testsuite hostname="admin-PC" failures="0" tests="1" name="Nationality.Highlight5" time="30.728" errors="0" timestamp="27 Jul 2019 05:31:27 GMT" skipped="0">
  <testcase classname="Nationality.Highlight5" name="Test1" time="30.728"/>
</testsuite> <!-- Nationality.Highlight5 -->
