<?xml version="1.0" encoding="UTF-8"?>
<!-- Generated by org.testng.reporters.JUnitReportReporter -->
<testsuite hostname="Saryu-PC" failures="0" tests="1" name="Day_001_Demo.TC03_Login3" time="10.225" errors="0" timestamp="2019-11-14T05:38:20 IST" skipped="0">
  <testcase classname="Day_001_Demo.TC03_Login3" name="login_test" time="10.225"/>
</testsuite> <!-- Day_001_Demo.TC03_Login3 -->
