<?xml version="1.0" encoding="UTF-8"?>
<!-- Generated by org.testng.reporters.JUnitReportReporter -->
<testsuite hostname="Sudhakar-PC" failures="0" tests="1" name="Open_New_Tab.TC01_Login" time="25.401" errors="0" timestamp="01 Oct 2019 10:26:41 GMT" skipped="0">
  <testcase classname="Open_New_Tab.TC01_Login" name="Login_Test" time="25.401"/>
</testsuite> <!-- Open_New_Tab.TC01_Login -->
