<?xml version="1.0" encoding="UTF-8"?>
<!-- Generated by org.testng.reporters.JUnitReportReporter -->
<testsuite hostname="Saryu-PC" failures="0" tests="1" name="Day_001_Demo.TC03_Driver_Navigate_Commands" time="18.376" errors="0" timestamp="2019-11-14T21:07:54 IST" skipped="0">
  <testcase classname="Day_001_Demo.TC03_Driver_Navigate_Commands" name="login_test" time="18.376"/>
</testsuite> <!-- Day_001_Demo.TC03_Driver_Navigate_Commands -->
