<?xml version="1.0" encoding="UTF-8"?>
<!-- Generated by org.testng.reporters.JUnitReportReporter -->
<testsuite hostname="DESKTOP-VL2N6EH" failures="0" tests="1" name="ABC_Demo1.TC01_Login" time="19.972" errors="0" timestamp="2020-01-21T11:22:39 IST" skipped="0">
  <testcase classname="ABC_Demo1.TC01_Login" name="LoginTest" time="19.972"/>
</testsuite> <!-- ABC_Demo1.TC01_Login -->
