<?xml version="1.0" encoding="UTF-8"?>
<!-- Generated by org.testng.reporters.JUnitReportReporter -->
<testsuite hostname="Sudhakar-PC" failures="0" tests="1" name="Multiple_Windows.WindlowsExam" time="206.486" errors="0" timestamp="24 Sep 2019 15:45:41 GMT" skipped="0">
  <testcase classname="Multiple_Windows.WindlowsExam" name="Openapp" time="206.486"/>
</testsuite> <!-- Multiple_Windows.WindlowsExam -->
