<?xml version="1.0" encoding="UTF-8"?>
<!-- Generated by org.testng.reporters.JUnitReportReporter -->
<testsuite hostname="Sudhakar-PC" failures="0" tests="1" name="RestAssured3.PostRequestEmployee" time="14.310" errors="0" timestamp="20 May 2019 15:24:01 GMT" skipped="0">
  <testcase classname="RestAssured3.PostRequestEmployee" name="createEmployee" time="14.310"/>
</testsuite> <!-- RestAssured3.PostRequestEmployee -->
