<?xml version="1.0" encoding="UTF-8"?>
<!-- Generated by org.testng.reporters.JUnitReportReporter -->
<testsuite hostname="Saryu-PC" failures="0" tests="1" name="Day_004_Dropdown.Listbox" time="19.790" errors="0" timestamp="2019-11-14T06:08:27 IST" skipped="0">
  <testcase classname="Day_004_Dropdown.Listbox" name="Test1" time="19.790"/>
</testsuite> <!-- Day_004_Dropdown.Listbox -->
