<?xml version="1.0" encoding="UTF-8"?>
<!-- Generated by org.testng.reporters.JUnitReportReporter -->
<testsuite hostname="Sudhakar-PC" failures="0" tests="1" name="File_Upload_Download.FileUpload" time="57.683" errors="0" timestamp="20 Sep 2019 15:34:15 GMT" skipped="0">
  <testcase classname="File_Upload_Download.FileUpload" name="File_Download" time="57.683"/>
</testsuite> <!-- File_Upload_Download.FileUpload -->
