<?xml version="1.0" encoding="UTF-8"?>
<!-- Generated by org.testng.reporters.JUnitReportReporter -->
<testsuite hostname="admin-PC" failures="0" tests="2" name="Nationality.Highlight6" time="48.715" errors="0" timestamp="26 Jul 2019 00:15:04 GMT" skipped="0">
  <testcase classname="Nationality.Highlight6" name="Test2" time="17.307"/>
  <testcase classname="Nationality.Highlight6" name="Test1" time="31.408"/>
</testsuite> <!-- Nationality.Highlight6 -->
