<?xml version="1.0" encoding="UTF-8"?>
<!-- Generated by org.testng.reporters.JUnitReportReporter -->
<testsuite hostname="admin-PC" failures="0" tests="1" name="Parallal.TestsExample5" time="39.968" errors="0" timestamp="28 Jul 2019 11:45:14 GMT" skipped="0">
  <testcase classname="Parallal.TestsExample5" name="google_com" time="39.968"/>
</testsuite> <!-- Parallal.TestsExample5 -->
