<?xml version="1.0" encoding="UTF-8"?>
<!-- Generated by org.testng.reporters.JUnitReportReporter -->
<testsuite hostname="admin-PC" failures="0" tests="2" name="HTMLReport.Katalon" time="36.645" errors="0" timestamp="10 Aug 2019 10:23:37 GMT" skipped="0">
  <testcase classname="HTMLReport.Katalon" name="Login" time="27.806"/>
  <testcase classname="HTMLReport.Katalon" name="Serach_Employee" time="8.839"/>
</testsuite> <!-- HTMLReport.Katalon -->
