<?xml version="1.0" encoding="UTF-8"?>
<!-- Generated by org.testng.reporters.JUnitReportReporter -->
<testsuite hostname="Saryu-PC" failures="0" tests="1" name="Day_001_Demo.first" time="10.514" errors="0" timestamp="28 Oct 2019 08:41:22 GMT" skipped="0">
  <testcase classname="Day_001_Demo.first" name="first_test" time="10.514"/>
</testsuite> <!-- Day_001_Demo.first -->
