<?xml version="1.0" encoding="UTF-8"?>
<!-- Generated by org.testng.reporters.JUnitReportReporter -->
<testsuite hostname="Saryu-PC" failures="0" tests="1" name="First_Demo.TC01_Login" time="11.628" errors="0" timestamp="2019-11-11T19:23:31 IST" skipped="0">
  <testcase classname="First_Demo.TC01_Login" name="login_Test" time="11.628"/>
</testsuite> <!-- First_Demo.TC01_Login -->
