<?xml version="1.0" encoding="UTF-8"?>
<!-- Generated by org.testng.reporters.JUnitReportReporter -->
<testsuite hostname="Sudhakar-PC" failures="0" tests="1" name="RestAssured3.SoapRequest6" time="4.990" errors="0" timestamp="08 May 2019 02:29:12 GMT" skipped="0">
  <testcase classname="RestAssured3.SoapRequest6" name="listCountries" time="4.990"/>
</testsuite> <!-- RestAssured3.SoapRequest6 -->
