<?xml version="1.0" encoding="UTF-8"?>
<!-- Generated by org.testng.reporters.JUnitReportReporter -->
<testsuite hostname="Sudhakar-PC" failures="0" tests="1" name="Java_Script_Executer.JavaSE_AsynTest" time="46.322" errors="0" timestamp="20 Sep 2019 23:29:19 GMT" skipped="0">
  <testcase classname="Java_Script_Executer.JavaSE_AsynTest" name="Login" time="46.322"/>
</testsuite> <!-- Java_Script_Executer.JavaSE_AsynTest -->
