<?xml version="1.0" encoding="UTF-8"?>
<!-- Generated by org.testng.reporters.JUnitReportReporter -->
<testsuite hostname="admin-PC" failures="0" tests="1" name="TestNG_Paraneters.MercuryTest_FireFox_Chrome" time="92.327" errors="0" timestamp="30 Aug 2019 21:47:24 GMT" skipped="0">
  <testcase classname="TestNG_Paraneters.MercuryTest_FireFox_Chrome" name="Mercury_Test" time="92.327"/>
</testsuite> <!-- TestNG_Paraneters.MercuryTest_FireFox_Chrome -->
