<?xml version="1.0" encoding="UTF-8"?>
<!-- Generated by org.testng.reporters.JUnitReportReporter -->
<testsuite hostname="Sudhakar-PC" failures="0" tests="1" name="ParallelClasses.MercuryTest" time="17.094" errors="0" timestamp="18 Sep 2019 15:09:08 GMT" skipped="0">
  <testcase classname="ParallelClasses.MercuryTest" name="Open_Mercury" time="17.094"/>
</testsuite> <!-- ParallelClasses.MercuryTest -->
