<?xml version="1.0" encoding="UTF-8"?>
<!-- Generated by org.testng.reporters.JUnitReportReporter -->
<testsuite hostname="Saryu-PC" failures="0" tests="1" name="Day_003_Locators.TC04_linkText" time="17.973" errors="0" timestamp="2019-12-17T01:14:43 IST" skipped="0">
  <testcase classname="Day_003_Locators.TC04_linkText" name="testTC02" time="17.973"/>
</testsuite> <!-- Day_003_Locators.TC04_linkText -->
