<?xml version="1.0" encoding="UTF-8"?>
<!-- Generated by org.testng.reporters.JUnitReportReporter -->
<testsuite hostname="admin-PC" failures="0" tests="2" name="Parallal.TestsExample4" time="65.071" errors="0" timestamp="28 Jul 2019 11:45:14 GMT" skipped="0">
  <testcase classname="Parallal.TestsExample4" name="google_coin" time="40.093"/>
  <testcase classname="Parallal.TestsExample4" name="youtube" time="24.978"/>
</testsuite> <!-- Parallal.TestsExample4 -->
