<?xml version="1.0" encoding="UTF-8"?>
<!-- Generated by org.testng.reporters.JUnitReportReporter -->
<testsuite hostname="Sudhakar-PC" failures="0" tests="1" name="RestAssured3.QueryParameters" time="7.439" errors="0" timestamp="04 May 2019 11:42:31 GMT" skipped="0">
  <testcase classname="RestAssured3.QueryParameters" name="filterUser" time="7.439"/>
</testsuite> <!-- RestAssured3.QueryParameters -->
