<?xml version="1.0" encoding="UTF-8"?>
<!-- Generated by org.testng.reporters.JUnitReportReporter -->
<testsuite hostname="Saryu-PC" failures="0" tests="1" name="Day_030_PageFactory.TC01_Book_OneWay_Flight" time="9.760" errors="0" timestamp="05 Nov 2019 14:19:03 GMT" skipped="0">
  <testcase classname="Day_030_PageFactory.TC01_Book_OneWay_Flight" name="Book_OneWay_Flight" time="9.760"/>
</testsuite> <!-- Day_030_PageFactory.TC01_Book_OneWay_Flight -->
