<?xml version="1.0" encoding="UTF-8"?>
<!-- Generated by org.testng.reporters.JUnitReportReporter -->
<testsuite hostname="admin-PC" failures="0" tests="1" name="Nationality.MercuryParameters" time="68.577" errors="0" timestamp="10 Aug 2019 06:25:46 GMT" skipped="0">
  <testcase classname="Nationality.MercuryParameters" name="Test1" time="68.577"/>
</testsuite> <!-- Nationality.MercuryParameters -->
