<?xml version="1.0" encoding="UTF-8"?>
<!-- Generated by org.testng.reporters.JUnitReportReporter -->
<testsuite hostname="Saryu-PC" failures="0" tests="2" name="Day_007_TestNG_DataProvider_Lab3.TC02_Login_Static_Paarameters" time="105.821" errors="0" timestamp="2019-11-15T06:56:03 IST" skipped="0">
  <testcase classname="Day_007_TestNG_DataProvider_Lab3.TC02_Login_Static_Paarameters" name="Login_Test" time="68.051"/>
  <testcase classname="Day_007_TestNG_DataProvider_Lab3.TC02_Login_Static_Paarameters" name="Login_Test" time="37.770"/>
</testsuite> <!-- Day_007_TestNG_DataProvider_Lab3.TC02_Login_Static_Paarameters -->
