<?xml version="1.0" encoding="UTF-8"?>
<!-- Generated by org.testng.reporters.JUnitReportReporter -->
<testsuite hostname="DESKTOP-VL2N6EH" failures="0" tests="1" name="Day_011_Katalon_Recorder.TC01_login" time="19.756" errors="0" timestamp="2020-01-26T19:23:25 IST" skipped="0">
  <testcase classname="Day_011_Katalon_Recorder.TC01_login" name="testTC01" time="19.756"/>
</testsuite> <!-- Day_011_Katalon_Recorder.TC01_login -->
