<?xml version="1.0" encoding="UTF-8"?>
<!-- Generated by org.testng.reporters.JUnitReportReporter -->
<testsuite hostname="DESKTOP-VL2N6EH" failures="0" tests="1" name="Day_38_Selenium_Grid.SeleniumGrid2" time="24.506" errors="0" timestamp="2020-02-08T15:05:13 IST" skipped="0">
  <testcase classname="Day_38_Selenium_Grid.SeleniumGrid2" name="Test2" time="24.506"/>
</testsuite> <!-- Day_38_Selenium_Grid.SeleniumGrid2 -->
