<?xml version="1.0" encoding="UTF-8"?>
<!-- Generated by org.testng.reporters.JUnitReportReporter -->
<testsuite hostname="Sudhakar-PC" failures="0" tests="1" name="Waits.TC02_Implicit_Wait2" time="44.924" errors="0" timestamp="19 Sep 2019 01:14:52 GMT" skipped="0">
  <testcase classname="Waits.TC02_Implicit_Wait2" name="Login_Test" time="44.924"/>
</testsuite> <!-- Waits.TC02_Implicit_Wait2 -->
