<?xml version="1.0" encoding="UTF-8"?>
<!-- Generated by org.testng.reporters.JUnitReportReporter -->
<testsuite hostname="DESKTOP-VL2N6EH" failures="0" tests="1" name="Day_031_EventFiring_WebDriver.TC01_Web_Element_Border" time="16.136" errors="0" timestamp="2020-02-08T15:14:45 IST" skipped="0">
  <testcase classname="Day_031_EventFiring_WebDriver.TC01_Web_Element_Border" name="Login_Test" time="16.136"/>
</testsuite> <!-- Day_031_EventFiring_WebDriver.TC01_Web_Element_Border -->
