<?xml version="1.0" encoding="UTF-8"?>
<!-- Generated by org.testng.reporters.JUnitReportReporter -->
<testsuite hostname="Sudhakar-PC" failures="0" tests="1" name="Java_Script_Executer.ScrollByPixel" time="123.046" errors="0" timestamp="20 Sep 2019 22:40:05 GMT" skipped="0">
  <testcase classname="Java_Script_Executer.ScrollByPixel" name="ByPixel" time="123.046"/>
</testsuite> <!-- Java_Script_Executer.ScrollByPixel -->
