<?xml version="1.0" encoding="UTF-8"?>
<!-- Generated by org.testng.reporters.JUnitReportReporter -->
<testsuite hostname="admin-PC" failures="0" tests="1" name="HTMLReport.Reporter2" time="108.087" errors="0" timestamp="10 Aug 2019 08:16:17 GMT" skipped="0">
  <testcase classname="HTMLReport.Reporter2" name="Test1" time="108.087"/>
</testsuite> <!-- HTMLReport.Reporter2 -->
