<?xml version="1.0" encoding="UTF-8"?>
<!-- Generated by org.testng.reporters.JUnitReportReporter -->
<testsuite hostname="Sudhakar-PC" failures="0" tests="1" name="ExcelUtil.TC01_Excel_Test" time="67.792" errors="0" timestamp="23 Sep 2019 00:41:46 GMT" skipped="0">
  <testcase classname="ExcelUtil.TC01_Excel_Test" name="hello" time="67.792"/>
</testsuite> <!-- ExcelUtil.TC01_Excel_Test -->
