<?xml version="1.0" encoding="UTF-8"?>
<!-- Generated by org.testng.reporters.JUnitReportReporter -->
<testsuite hostname="Sudhakar-PC" failures="0" tests="1" name="Alerts.AlertDemo" time="62.666" errors="0" timestamp="05 Oct 2019 02:19:46 GMT" skipped="0">
  <testcase classname="Alerts.AlertDemo" name="testWebAlert" time="62.666"/>
</testsuite> <!-- Alerts.AlertDemo -->
