<?xml version="1.0" encoding="UTF-8"?>
<!-- Generated by org.testng.reporters.JUnitReportReporter -->
<testsuite hostname="admin-PC" failures="0" tests="2" name="TestNG_DataProvider_Lab2.OrangeHRM_DataProvider_Lab1" time="45.636" errors="0" timestamp="29 Aug 2019 13:35:16 GMT" skipped="0">
  <testcase classname="TestNG_DataProvider_Lab2.OrangeHRM_DataProvider_Lab1" name="Test1" time="19.025"/>
  <testcase classname="TestNG_DataProvider_Lab2.OrangeHRM_DataProvider_Lab1" name="Test1" time="26.611"/>
</testsuite> <!-- TestNG_DataProvider_Lab2.OrangeHRM_DataProvider_Lab1 -->
