<?xml version="1.0" encoding="UTF-8"?>
<!-- Generated by org.testng.reporters.JUnitReportReporter -->
<testsuite hostname="DESKTOP-VL2N6EH" failures="0" tests="1" name="Day_022_Action_class.TC03_Context_Menu" time="7.890" errors="0" timestamp="2020-01-29T21:00:03 IST" skipped="0">
  <testcase classname="Day_022_Action_class.TC03_Context_Menu" name="Login_Test" time="7.890"/>
</testsuite> <!-- Day_022_Action_class.TC03_Context_Menu -->
