<?xml version="1.0" encoding="UTF-8"?>
<!-- Generated by org.testng.reporters.JUnitReportReporter -->
<testsuite hostname="Saryu-PC" failures="0" tests="1" name="Day_026_TakeScreenShot.Test2" time="16.777" errors="0" timestamp="05 Nov 2019 14:03:00 GMT" skipped="0">
  <testcase classname="Day_026_TakeScreenShot.Test2" name="AddNationalitiess" time="16.777"/>
</testsuite> <!-- Day_026_TakeScreenShot.Test2 -->
