<?xml version="1.0" encoding="UTF-8"?>
<!-- Generated by org.testng.reporters.JUnitReportReporter -->
<testsuite hostname="Saryu-PC" failures="0" tests="1" name="Day_022_Action_class.TC01_Action_single_user_interaction_action" time="20.658" errors="0" timestamp="2019-12-19T04:20:08 IST" skipped="0">
  <testcase classname="Day_022_Action_class.TC01_Action_single_user_interaction_action" name="Login_Test" time="20.658"/>
</testsuite> <!-- Day_022_Action_class.TC01_Action_single_user_interaction_action -->
