<?xml version="1.0" encoding="UTF-8"?>
<!-- Generated by org.testng.reporters.JUnitReportReporter -->
<testsuite hostname="Sudhakar-PC" failures="0" tests="1" name="RestAssured3.PostRequest" time="4.234" errors="0" timestamp="03 May 2019 15:26:54 GMT" skipped="0">
  <testcase classname="RestAssured3.PostRequest" name="createEmployee" time="4.234"/>
</testsuite> <!-- RestAssured3.PostRequest -->
