<?xml version="1.0" encoding="UTF-8"?>
<!-- Generated by org.testng.reporters.JUnitReportReporter -->
<testsuite hostname="Saryu-PC" failures="0" tests="1" name="shdemo1.shclass1" time="24.263" errors="0" timestamp="30 Oct 2019 06:56:34 GMT" skipped="0">
  <testcase classname="shdemo1.shclass1" name="Login_Test" time="24.263"/>
</testsuite> <!-- shdemo1.shclass1 -->
