<?xml version="1.0" encoding="UTF-8"?>
<!-- Generated by org.testng.reporters.JUnitReportReporter -->
<testsuite hostname="admin-PC" failures="0" tests="4" name="Parallal.TestClassA" time="0.015" errors="0" timestamp="28 Jul 2019 04:32:14 GMT" skipped="0">
  <testcase classname="Parallal.TestClassA" name="testDataProvider" time="0.000"/>
  <testcase classname="Parallal.TestClassA" name="testA1" time="0.015"/>
  <testcase classname="Parallal.TestClassA" name="testB1" time="0.000"/>
  <testcase classname="Parallal.TestClassA" name="testDataProvider" time="0.000"/>
</testsuite> <!-- Parallal.TestClassA -->
