<?xml version="1.0" encoding="UTF-8"?>
<!-- Generated by org.testng.reporters.JUnitReportReporter -->
<testsuite hostname="DESKTOP-VL2N6EH" failures="0" tests="1" name="Day_001_Demo.TC02_GitHub_Chrome" time="13.802" errors="0" timestamp="2020-02-07T02:54:28 IST" skipped="0">
  <testcase classname="Day_001_Demo.TC02_GitHub_Chrome" name="login_test" time="13.802"/>
</testsuite> <!-- Day_001_Demo.TC02_GitHub_Chrome -->
