<?xml version="1.0" encoding="UTF-8"?>
<!-- Generated by org.testng.reporters.JUnitReportReporter -->
<testsuite hostname="Saryu-PC" failures="0" tests="1" name="minnu.first" time="8.093" errors="0" timestamp="28 Oct 2019 08:50:11 GMT" skipped="0">
  <testcase classname="minnu.first" name="login_test" time="8.093"/>
</testsuite> <!-- minnu.first -->
