<?xml version="1.0" encoding="UTF-8"?>
<!-- Generated by org.testng.reporters.JUnitReportReporter -->
<testsuite hostname="Saryu-PC" failures="0" tests="1" name="Day_001_Demo.TC03_Driver_Navigate_Forward" time="20.917" errors="0" timestamp="2019-11-14T21:09:57 IST" skipped="0">
  <testcase classname="Day_001_Demo.TC03_Driver_Navigate_Forward" name="login_test" time="20.917"/>
</testsuite> <!-- Day_001_Demo.TC03_Driver_Navigate_Forward -->
