<?xml version="1.0" encoding="UTF-8"?>
<!-- Generated by org.testng.reporters.JUnitReportReporter -->
<testsuite hostname="admin-PC" failures="0" tests="2" name="Nationality.Nationality2" time="44.335" errors="0" timestamp="17 Jul 2019 13:11:58 GMT" skipped="0">
  <testcase classname="Nationality.Nationality2" name="Test2" time="32.301"/>
  <testcase classname="Nationality.Nationality2" name="Test1" time="12.034"/>
</testsuite> <!-- Nationality.Nationality2 -->
