<?xml version="1.0" encoding="UTF-8"?>
<!-- Generated by org.testng.reporters.JUnitReportReporter -->
<testsuite hostname="Saryu-PC" failures="0" tests="1" name="FirstDemo999.TC01_Login" time="21.703" errors="0" timestamp="26 Oct 2019 10:54:10 GMT" skipped="0">
  <testcase classname="FirstDemo999.TC01_Login" name="Test5" time="21.703"/>
</testsuite> <!-- FirstDemo999.TC01_Login -->
