<?xml version="1.0" encoding="UTF-8"?>
<!-- Generated by org.testng.reporters.JUnitReportReporter -->
<testsuite hostname="Saryu-PC" failures="0" tests="1" name="Day_002_Java.TC01_Login" time="15.049" errors="0" timestamp="2019-11-18T03:49:54 IST" skipped="0">
  <testcase classname="Day_002_Java.TC01_Login" name="Login_Test" time="15.049"/>
</testsuite> <!-- Day_002_Java.TC01_Login -->
