<?xml version="1.0" encoding="UTF-8"?>
<!-- Generated by org.testng.reporters.JUnitReportReporter -->
<testsuite hostname="DESKTOP-VL2N6EH" failures="0" tests="1" name="Day_35_Execute_Failed_TestCases.OrangeHRMTest" time="15.727" errors="0" timestamp="2020-02-07T20:52:43 IST" skipped="0">
  <testcase classname="Day_35_Execute_Failed_TestCases.OrangeHRMTest" name="Open_OrangeHRM" time="15.727"/>
</testsuite> <!-- Day_35_Execute_Failed_TestCases.OrangeHRMTest -->
