<?xml version="1.0" encoding="UTF-8"?>
<!-- Generated by org.testng.reporters.JUnitReportReporter -->
<testsuite hostname="Sudhakar-PC" failures="0" tests="1" name="Waits.TC04_Login_NonStatic" time="26.429" errors="0" timestamp="19 Sep 2019 01:01:06 GMT" skipped="0">
  <testcase classname="Waits.TC04_Login_NonStatic" name="Login_Test" time="26.429"/>
</testsuite> <!-- Waits.TC04_Login_NonStatic -->
