<?xml version="1.0" encoding="UTF-8"?>
<!-- Generated by org.testng.reporters.JUnitReportReporter -->
<testsuite hostname="admin-PC" failures="0" tests="1" name="Pavan1.Highlight8" time="28.552" errors="0" timestamp="29 Jul 2019 13:50:37 GMT" skipped="0">
  <testcase classname="Pavan1.Highlight8" name="Test1" time="28.552"/>
</testsuite> <!-- Pavan1.Highlight8 -->
