<?xml version="1.0" encoding="UTF-8"?>
<!-- Generated by org.testng.reporters.JUnitReportReporter -->
<testsuite hostname="Sudhakar-PC" failures="0" tests="1" name="ParallelTests.OrangeHRMTest" time="13.224" errors="0" timestamp="18 Sep 2019 15:12:12 GMT" skipped="0">
  <testcase classname="ParallelTests.OrangeHRMTest" name="Open_OrangeHRM" time="13.224"/>
</testsuite> <!-- ParallelTests.OrangeHRMTest -->
