<?xml version="1.0" encoding="UTF-8"?>
<!-- Generated by org.testng.reporters.JUnitReportReporter -->
<testsuite hostname="Saryu-PC" failures="0" tests="1" name="Day_022_Action_class.TC05_KeyBoard_Inputs" time="12.941" errors="0" timestamp="2019-11-14T05:01:38 IST" skipped="0">
  <testcase classname="Day_022_Action_class.TC05_KeyBoard_Inputs" name="OpeningNewTab" time="12.941"/>
</testsuite> <!-- Day_022_Action_class.TC05_KeyBoard_Inputs -->
