<?xml version="1.0" encoding="UTF-8"?>
<!-- Generated by org.testng.reporters.JUnitReportReporter -->
<testsuite hostname="Saryu-PC" failures="0" tests="1" name="First_Demo99.TC01_Add_Nationality" time="9.577" errors="0" timestamp="26 Oct 2019 10:39:07 GMT" skipped="0">
  <testcase classname="First_Demo99.TC01_Add_Nationality" name="Test1" time="9.577"/>
</testsuite> <!-- First_Demo99.TC01_Add_Nationality -->
