<?xml version="1.0" encoding="UTF-8"?>
<!-- Generated by org.testng.reporters.JUnitReportReporter -->
<testsuite hostname="Saryu-PC" failures="0" tests="1" name="Day_003_Locators.TC02_name" time="14.029" errors="0" timestamp="2019-12-17T01:11:35 IST" skipped="0">
  <testcase classname="Day_003_Locators.TC02_name" name="Test2" time="14.029"/>
</testsuite> <!-- Day_003_Locators.TC02_name -->
