<?xml version="1.0" encoding="UTF-8"?>
<!-- Generated by org.testng.reporters.JUnitReportReporter -->
<testsuite hostname="admin-PC" failures="0" tests="1" name="Highlight_WebElement.WebElement_Border" time="52.765" errors="0" timestamp="31 Aug 2019 15:21:50 GMT" skipped="0">
  <testcase classname="Highlight_WebElement.WebElement_Border" name="TC01_Add_Nationalities" time="52.765"/>
</testsuite> <!-- Highlight_WebElement.WebElement_Border -->
