<?xml version="1.0" encoding="UTF-8"?>
<!-- Generated by org.testng.reporters.JUnitReportReporter -->
<testsuite hostname="Saryu-PC" failures="0" tests="1" name="Day_001_Demo.TC08_FireFoxtestforDesiredCapabilities" time="19.366" errors="0" timestamp="2019-11-14T22:27:25 IST" skipped="0">
  <testcase classname="Day_001_Demo.TC08_FireFoxtestforDesiredCapabilities" name="Login_Test" time="19.366"/>
</testsuite> <!-- Day_001_Demo.TC08_FireFoxtestforDesiredCapabilities -->
