<?xml version="1.0" encoding="UTF-8"?>
<!-- Generated by org.testng.reporters.JUnitReportReporter -->
<testsuite hostname="Sudhakar-PC" failures="0" tests="1" name="RestAssured2.Users2" time="10.949" errors="0" timestamp="01 May 2019 14:03:43 GMT" skipped="0">
  <testcase classname="RestAssured2.Users2" name="WeatherMessageBody" time="10.949"/>
</testsuite> <!-- RestAssured2.Users2 -->
