<?xml version="1.0" encoding="UTF-8"?>
<!-- Generated by org.testng.reporters.JUnitReportReporter -->
<testsuite hostname="DESKTOP-VL2N6EH" failures="0" tests="1" name="Day_018_Waits.TC01_Explicit_Wait" time="17.183" errors="0" timestamp="2020-01-27T20:41:48 IST" skipped="0">
  <testcase classname="Day_018_Waits.TC01_Explicit_Wait" name="Login_Test" time="17.183"/>
</testsuite> <!-- Day_018_Waits.TC01_Explicit_Wait -->
