<?xml version="1.0" encoding="UTF-8"?>
<!-- Generated by org.testng.reporters.JUnitReportReporter -->
<testsuite hostname="Sudhakar-PC" failures="0" tests="6" name="Priorities_Test.TC04_Login_NonStatic" time="49.038" errors="0" timestamp="22 Sep 2019 14:48:57 GMT" skipped="0">
  <testcase classname="Priorities_Test.TC04_Login_NonStatic" name="OpenChromeBrowser" time="16.836"/>
  <testcase classname="Priorities_Test.TC04_Login_NonStatic" name="OpenOrangeHRM" time="12.457"/>
  <testcase classname="Priorities_Test.TC04_Login_NonStatic" name="Login" time="11.784"/>
  <testcase classname="Priorities_Test.TC04_Login_NonStatic" name="Addnatialities" time="4.895"/>
  <testcase classname="Priorities_Test.TC04_Login_NonStatic" name="Logout" time="2.225"/>
  <testcase classname="Priorities_Test.TC04_Login_NonStatic" name="closebrowser" time="0.841"/>
</testsuite> <!-- Priorities_Test.TC04_Login_NonStatic -->
