<?xml version="1.0" encoding="UTF-8"?>
<!-- Generated by org.testng.reporters.JUnitReportReporter -->
<testsuite hostname="admin-PC" failures="0" tests="1" name="Nationality.Highlight4" time="71.291" errors="0" timestamp="03 Aug 2019 03:58:19 GMT" skipped="0">
  <testcase classname="Nationality.Highlight4" name="Test1" time="71.291"/>
</testsuite> <!-- Nationality.Highlight4 -->
