<?xml version="1.0" encoding="UTF-8"?>
<!-- Generated by org.testng.reporters.JUnitReportReporter -->
<testsuite hostname="Saryu-PC" failures="0" tests="1" name="Day_002_Java.TC08_WebElement_isSelected" time="8.641" errors="0" timestamp="2019-11-16T14:21:19 IST" skipped="0">
  <testcase classname="Day_002_Java.TC08_WebElement_isSelected" name="login_test" time="8.641"/>
</testsuite> <!-- Day_002_Java.TC08_WebElement_isSelected -->
