<?xml version="1.0" encoding="UTF-8"?>
<!-- Generated by org.testng.reporters.JUnitReportReporter -->
<testsuite hostname="admin-PC" failures="0" tests="2" name="Nationality.MercuryParameters2FireFox" time="149.948" errors="0" timestamp="19 Jul 2019 00:03:13 GMT" skipped="0">
  <testcase classname="Nationality.MercuryParameters2FireFox" name="Test1" time="86.761"/>
  <testcase classname="Nationality.MercuryParameters2FireFox" name="Test1" time="63.187"/>
</testsuite> <!-- Nationality.MercuryParameters2FireFox -->
