<?xml version="1.0" encoding="UTF-8"?>
<!-- Generated by org.testng.reporters.JUnitReportReporter -->
<testsuite hostname="Saryu-PC" failures="0" tests="1" name="Day_024_Advanced_Xpaths.TC07_Ancestor" time="12.028" errors="0" timestamp="18 Oct 2019 23:41:05 GMT" skipped="0">
  <testcase classname="Day_024_Advanced_Xpaths.TC07_Ancestor" name="Test1" time="12.028"/>
</testsuite> <!-- Day_024_Advanced_Xpaths.TC07_Ancestor -->
