<?xml version="1.0" encoding="UTF-8"?>
<!-- Generated by org.testng.reporters.JUnitReportReporter -->
<testsuite hostname="Saryu-PC" failures="0" tests="1" name="Day_026_TakeScreenShot.Test1" time="22.324" errors="0" timestamp="05 Nov 2019 13:38:25 GMT" skipped="0">
  <testcase classname="Day_026_TakeScreenShot.Test1" name="TC01_Report_Test" time="22.324"/>
</testsuite> <!-- Day_026_TakeScreenShot.Test1 -->
