<?xml version="1.0" encoding="UTF-8"?>
<!-- Generated by org.testng.reporters.JUnitReportReporter -->
<testsuite hostname="Saryu-PC" failures="0" tests="1" name="CommonUtil.TC01_Login1" time="11.648" errors="0" timestamp="2019-11-13T19:53:56 IST" skipped="0">
  <testcase classname="CommonUtil.TC01_Login1" name="Login_Test" time="11.648"/>
</testsuite> <!-- CommonUtil.TC01_Login1 -->
