<?xml version="1.0" encoding="UTF-8"?>
<!-- Generated by org.testng.reporters.JUnitReportReporter -->
<testsuite hostname="admin-PC" failures="0" tests="1" name="PageFactory.TC01_Book_OneWay_Flight" time="10.703" errors="0" timestamp="21 Jul 2019 05:58:40 GMT" skipped="0">
  <testcase classname="PageFactory.TC01_Book_OneWay_Flight" name="Book_OneWay_Flight" time="10.703"/>
</testsuite> <!-- PageFactory.TC01_Book_OneWay_Flight -->
