<?xml version="1.0" encoding="UTF-8"?>
<!-- Generated by org.testng.reporters.JUnitReportReporter -->
<testsuite hostname="DESKTOP-VL2N6EH" failures="0" tests="1" name="Day_002_Java.TC02_Login_Static" time="15.717" errors="0" timestamp="2020-01-31T20:12:20 IST" skipped="0">
  <testcase classname="Day_002_Java.TC02_Login_Static" name="Login_Test" time="15.717"/>
</testsuite> <!-- Day_002_Java.TC02_Login_Static -->
