<?xml version="1.0" encoding="UTF-8"?>
<!-- Generated by org.testng.reporters.JUnitReportReporter -->
<testsuite hostname="DESKTOP-VL2N6EH" failures="0" tests="1" name="ABC_Demo5.TC01_Login_Static_Parameters" time="15.307" errors="0" timestamp="2020-02-06T19:59:02 IST" skipped="0">
  <testcase classname="ABC_Demo5.TC01_Login_Static_Parameters" name="loginTest" time="15.307"/>
</testsuite> <!-- ABC_Demo5.TC01_Login_Static_Parameters -->
