<?xml version="1.0" encoding="UTF-8"?>
<!-- Generated by org.testng.reporters.JUnitReportReporter -->
<testsuite hostname="Saryu-PC" failures="0" tests="6" name="Day_017_Priorities_Test.TC02_Without_Priority" time="32.738" errors="0" timestamp="2019-11-11T20:58:48 IST" skipped="0">
  <testcase classname="Day_017_Priorities_Test.TC02_Without_Priority" name="Test5_Logout" time="7.209"/>
  <testcase classname="Day_017_Priorities_Test.TC02_Without_Priority" name="Test3_Login" time="4.866"/>
  <testcase classname="Day_017_Priorities_Test.TC02_Without_Priority" name="Test1_OpenChromeBrowser" time="9.087"/>
  <testcase classname="Day_017_Priorities_Test.TC02_Without_Priority" name="Test2_OpenOrangeHRM" time="4.963"/>
  <testcase classname="Day_017_Priorities_Test.TC02_Without_Priority" name="Test4_Addnatialities" time="5.834"/>
  <testcase classname="Day_017_Priorities_Test.TC02_Without_Priority" name="Test6_closebrowser" time="0.779"/>
</testsuite> <!-- Day_017_Priorities_Test.TC02_Without_Priority -->
