<?xml version="1.0" encoding="UTF-8"?>
<!-- Generated by org.testng.reporters.JUnitReportReporter -->
<testsuite hostname="Sudhakar-PC" failures="0" tests="1" name="Reporter_Example.TestExample1" time="11.072" errors="0" timestamp="16 Sep 2019 16:02:25 GMT" skipped="0">
  <testcase classname="Reporter_Example.TestExample1" name="Test2" time="11.072"/>
</testsuite> <!-- Reporter_Example.TestExample1 -->
