<?xml version="1.0" encoding="UTF-8"?>
<!-- Generated by org.testng.reporters.JUnitReportReporter -->
<testsuite hostname="admin-PC" failures="0" tests="1" name="HTMLReport.ExtentReportExample" time="109.789" errors="0" timestamp="27 Jul 2019 03:18:12 GMT" skipped="0">
  <testcase classname="HTMLReport.ExtentReportExample" name="Test3" time="109.789"/>
</testsuite> <!-- HTMLReport.ExtentReportExample -->
