<?xml version="1.0" encoding="UTF-8"?>
<!-- Generated by org.testng.reporters.JUnitReportReporter -->
<testsuite hostname="DESKTOP-VL2N6EH" failures="0" tests="1" name="Day_40_Key_Word_Driven1.TC01_Skills" time="18.527" errors="0" timestamp="2020-01-28T06:43:49 IST" skipped="0">
  <testcase classname="Day_40_Key_Word_Driven1.TC01_Skills" name="TC01_Test" time="18.527"/>
</testsuite> <!-- Day_40_Key_Word_Driven1.TC01_Skills -->
