<?xml version="1.0" encoding="UTF-8"?>
<!-- Generated by org.testng.reporters.JUnitReportReporter -->
<testsuite hostname="Sudhakar-PC" failures="0" tests="1" name="Waits.TC02_Implicit_Wait" time="50.192" errors="0" timestamp="19 Sep 2019 01:07:43 GMT" skipped="0">
  <testcase classname="Waits.TC02_Implicit_Wait" name="Login_Test" time="50.192"/>
</testsuite> <!-- Waits.TC02_Implicit_Wait -->
