<?xml version="1.0" encoding="UTF-8"?>
<!-- Generated by org.testng.reporters.JUnitReportReporter -->
<testsuite hostname="Sudhakar-PC" failures="0" tests="1" name="ScreenShot.Test1" time="20.601" errors="0" timestamp="04 Oct 2019 01:30:51 GMT" skipped="0">
  <testcase classname="ScreenShot.Test1" name="AddNationalitiess" time="20.601"/>
</testsuite> <!-- ScreenShot.Test1 -->
