<?xml version="1.0" encoding="UTF-8"?>
<!-- Generated by org.testng.reporters.JUnitReportReporter -->
<testsuite hostname="admin-PC" failures="0" tests="1" name="TestNG_DataProvider_Lab1.OrangeHRM_DataProvider_Lab1" time="150.409" errors="0" timestamp="28 Aug 2019 02:38:28 GMT" skipped="0">
  <testcase classname="TestNG_DataProvider_Lab1.OrangeHRM_DataProvider_Lab1" name="Test1" time="150.409"/>
</testsuite> <!-- TestNG_DataProvider_Lab1.OrangeHRM_DataProvider_Lab1 -->
