<?xml version="1.0" encoding="UTF-8"?>
<!-- Generated by org.testng.reporters.JUnitReportReporter -->
<testsuite hostname="Sudhakar-PC" failures="0" tests="1" name="Frames.Switch_By_FrameName" time="11.332" errors="0" timestamp="04 Oct 2019 00:30:34 GMT" skipped="0">
  <testcase classname="Frames.Switch_By_FrameName" name="Login_Test" time="11.332"/>
</testsuite> <!-- Frames.Switch_By_FrameName -->
