<?xml version="1.0" encoding="UTF-8"?>
<!-- Generated by org.testng.reporters.JUnitReportReporter -->
<testsuite hostname="DESKTOP-VL2N6EH" failures="0" tests="1" name="Day_028_WebTable_Examples.ExportEmployees" time="21.517" errors="0" timestamp="2020-02-06T21:11:42 IST" skipped="0">
  <testcase classname="Day_028_WebTable_Examples.ExportEmployees" name="ExportAllEmployees" time="21.517"/>
</testsuite> <!-- Day_028_WebTable_Examples.ExportEmployees -->
