<?xml version="1.0" encoding="UTF-8"?>
<!-- Generated by org.testng.reporters.JUnitReportReporter -->
<testsuite hostname="DESKTOP-VL2N6EH" failures="0" tests="1" name="Day_021_Java_Script_Executer.TC03_Scroll_by_pixel" time="9.316" errors="0" timestamp="2020-01-29T20:49:13 IST" skipped="0">
  <testcase classname="Day_021_Java_Script_Executer.TC03_Scroll_by_pixel" name="ByPixel" time="9.316"/>
</testsuite> <!-- Day_021_Java_Script_Executer.TC03_Scroll_by_pixel -->
