<?xml version="1.0" encoding="UTF-8"?>
<!-- Generated by org.testng.reporters.JUnitReportReporter -->
<testsuite hostname="admin-PC" failures="0" tests="2" name="HTMLReport.Highlight10" time="59.289" errors="0" timestamp="27 Jul 2019 16:31:16 GMT" skipped="0">
  <testcase classname="HTMLReport.Highlight10" name="Test2" time="15.145"/>
  <testcase classname="HTMLReport.Highlight10" name="Test1" time="44.144"/>
</testsuite> <!-- HTMLReport.Highlight10 -->
