<?xml version="1.0" encoding="UTF-8"?>
<!-- Generated by org.testng.reporters.JUnitReportReporter -->
<testsuite hostname="Sudhakar-PC" failures="0" tests="2" name="TestNG_DataProvider_Lab3.Mercury_Chrome_FireFox" time="56.111" errors="0" timestamp="12 Sep 2019 06:23:02 GMT" skipped="0">
  <testcase classname="TestNG_DataProvider_Lab3.Mercury_Chrome_FireFox" name="Test1" time="22.220"/>
  <testcase classname="TestNG_DataProvider_Lab3.Mercury_Chrome_FireFox" name="Test1" time="33.891"/>
</testsuite> <!-- TestNG_DataProvider_Lab3.Mercury_Chrome_FireFox -->
