<?xml version="1.0" encoding="UTF-8"?>
<!-- Generated by org.testng.reporters.JUnitReportReporter -->
<testsuite hostname="DESKTOP-VL2N6EH" failures="0" tests="1" name="Day_004_Dropdown.Listbox2" time="20.838" errors="0" timestamp="2020-02-10T20:29:27 IST" skipped="0">
  <testcase classname="Day_004_Dropdown.Listbox2" name="Test1" time="20.838"/>
</testsuite> <!-- Day_004_Dropdown.Listbox2 -->
