<?xml version="1.0" encoding="UTF-8"?>
<!-- Generated by org.testng.reporters.JUnitReportReporter -->
<testsuite hostname="DESKTOP-VL2N6EH" failures="0" tests="1" name="Day_032_TestNG_Groups.AllTests" time="15.178" errors="0" timestamp="2020-02-10T21:22:03 IST" skipped="0">
  <testcase classname="Day_032_TestNG_Groups.AllTests" name="OrangeHRM" time="15.178"/>
</testsuite> <!-- Day_032_TestNG_Groups.AllTests -->
