<?xml version="1.0" encoding="UTF-8"?>
<!-- Generated by org.testng.reporters.JUnitReportReporter -->
<testsuite hostname="DESKTOP-VL2N6EH" failures="0" tests="1" name="Day_42_Smart_Search.TC014_Startswith" time="33.895" errors="0" timestamp="2020-02-09T05:29:56 IST" skipped="0">
  <testcase classname="Day_42_Smart_Search.TC014_Startswith" name="Test1" time="33.895"/>
</testsuite> <!-- Day_42_Smart_Search.TC014_Startswith -->
