<?xml version="1.0" encoding="UTF-8"?>
<!-- Generated by org.testng.reporters.JUnitReportReporter -->
<testsuite hostname="admin-PC" failures="0" tests="1" name="Nationality.Highlight" time="164.016" errors="0" timestamp="17 Jul 2019 13:50:44 GMT" skipped="0">
  <testcase classname="Nationality.Highlight" name="Test1" time="164.016"/>
</testsuite> <!-- Nationality.Highlight -->
