<?xml version="1.0" encoding="UTF-8"?>
<!-- Generated by org.testng.reporters.JUnitReportReporter -->
<testsuite hostname="admin-PC" failures="0" tests="1" name="TestNGUtil.TestNGMainClass6" time="102.020" errors="0" timestamp="16 Jul 2019 23:45:00 GMT" skipped="0">
  <testcase classname="TestNGUtil.TestNGMainClass6" name="TCMAIN" time="102.020"/>
</testsuite> <!-- TestNGUtil.TestNGMainClass6 -->
