<?xml version="1.0" encoding="UTF-8"?>
<!-- Generated by org.testng.reporters.JUnitReportReporter -->
<testsuite hostname="Saryu-PC" failures="0" tests="1" name="Day_002_Java.TC01_Login99" time="21.637" errors="0" timestamp="2019-11-11T19:59:57 IST" skipped="0">
  <testcase classname="Day_002_Java.TC01_Login99" name="loginTest1" time="21.637"/>
</testsuite> <!-- Day_002_Java.TC01_Login99 -->
