<?xml version="1.0" encoding="UTF-8"?>
<!-- Generated by org.testng.reporters.JUnitReportReporter -->
<testsuite hostname="DESKTOP-VL2N6EH" failures="0" tests="1" name="Day_024_Advanced_Xpaths.TC007_Ancestor" time="24.045" errors="0" timestamp="2020-02-04T20:38:21 IST" skipped="0">
  <testcase classname="Day_024_Advanced_Xpaths.TC007_Ancestor" name="Test1" time="24.045"/>
</testsuite> <!-- Day_024_Advanced_Xpaths.TC007_Ancestor -->
