<?xml version="1.0" encoding="UTF-8"?>
<!-- Generated by org.testng.reporters.JUnitReportReporter -->
<testsuite hostname="Saryu-PC" failures="0" tests="1" name="Day_001_Demo.TC01_FireFox" time="20.234" errors="0" timestamp="01 Nov 2019 01:11:50 GMT" skipped="0">
  <testcase classname="Day_001_Demo.TC01_FireFox" name="login_test" time="20.234"/>
</testsuite> <!-- Day_001_Demo.TC01_FireFox -->
