<?xml version="1.0" encoding="UTF-8"?>
<!-- Generated by org.testng.reporters.JUnitReportReporter -->
<testsuite hostname="DESKTOP-VL2N6EH" failures="0" tests="1" name="Day_020_Multiple_Windows.TC01_Open_Three_Tabs" time="15.968" errors="0" timestamp="2020-01-29T20:39:41 IST" skipped="0">
  <testcase classname="Day_020_Multiple_Windows.TC01_Open_Three_Tabs" name="Login_Test" time="15.968"/>
</testsuite> <!-- Day_020_Multiple_Windows.TC01_Open_Three_Tabs -->
