<?xml version="1.0" encoding="UTF-8"?>
<!-- Generated by org.testng.reporters.JUnitReportReporter -->
<testsuite hostname="DESKTOP-VL2N6EH" failures="0" tests="1" name="Day_027_Alerts.AlertDemo" time="30.645" errors="0" timestamp="2020-02-07T20:43:08 IST" skipped="0">
  <testcase classname="Day_027_Alerts.AlertDemo" name="testWebAlert" time="30.645"/>
</testsuite> <!-- Day_027_Alerts.AlertDemo -->
