<?xml version="1.0" encoding="UTF-8"?>
<!-- Generated by org.testng.reporters.JUnitReportReporter -->
<testsuite hostname="Sudhakar-PC" failures="0" tests="1" name="First_Anusha.TC02_Login_NonStatic_Paarameters" time="53.633" errors="0" timestamp="09 Sep 2019 16:15:02 GMT" skipped="0">
  <testcase classname="First_Anusha.TC02_Login_NonStatic_Paarameters" name="Login_Test" time="53.633"/>
</testsuite> <!-- First_Anusha.TC02_Login_NonStatic_Paarameters -->
