<?xml version="1.0" encoding="UTF-8"?>
<!-- Generated by org.testng.reporters.JUnitReportReporter -->
<testsuite hostname="Saryu-PC" failures="0" tests="1" name="Day_002_Java.TC02_Login_NonStatic_Example" time="22.830" errors="0" timestamp="28 Oct 2019 12:37:47 GMT" skipped="0">
  <testcase classname="Day_002_Java.TC02_Login_NonStatic_Example" name="Login_Test" time="22.830"/>
</testsuite> <!-- Day_002_Java.TC02_Login_NonStatic_Example -->
