<?xml version="1.0" encoding="UTF-8"?>
<!-- Generated by org.testng.reporters.JUnitReportReporter -->
<testsuite hostname="Sudhakar-PC" failures="0" tests="1" name="RestAssured3.DeleteRequest3" time="4.632" errors="0" timestamp="04 May 2019 00:14:03 GMT" skipped="0">
  <testcase classname="RestAssured3.DeleteRequest3" name="RegistrationSuccessful1" time="4.632"/>
</testsuite> <!-- RestAssured3.DeleteRequest3 -->
