<?xml version="1.0" encoding="UTF-8"?>
<!-- Generated by org.testng.reporters.JUnitReportReporter -->
<testsuite hostname="Saryu-PC" failures="0" tests="1" name="FirstDemo.TC01_Login" time="17.299" errors="0" timestamp="02 Nov 2019 04:25:03 GMT" skipped="0">
  <testcase classname="FirstDemo.TC01_Login" name="login" time="17.299"/>
</testsuite> <!-- FirstDemo.TC01_Login -->
