<?xml version="1.0" encoding="UTF-8"?>
<!-- Generated by org.testng.reporters.JUnitReportReporter -->
<testsuite hostname="Saryu-PC" failures="0" tests="1" name="Day_024_Advanced_Xpaths.TC013_Descendant" time="10.906" errors="0" timestamp="2019-11-10T05:30:47 IST" skipped="0">
  <testcase classname="Day_024_Advanced_Xpaths.TC013_Descendant" name="Test1" time="10.906"/>
</testsuite> <!-- Day_024_Advanced_Xpaths.TC013_Descendant -->
