<?xml version="1.0" encoding="UTF-8"?>
<!-- Generated by org.testng.reporters.JUnitReportReporter -->
<testsuite hostname="Sudhakar-PC" failures="0" tests="1" name="WebTable_Examples.ExportEmployees" time="90.776" errors="0" timestamp="30 Sep 2019 15:46:26 GMT" skipped="0">
  <testcase classname="WebTable_Examples.ExportEmployees" name="ExportAllEmployees" time="90.776"/>
</testsuite> <!-- WebTable_Examples.ExportEmployees -->
