<?xml version="1.0" encoding="UTF-8"?>
<!-- Generated by org.testng.reporters.JUnitReportReporter -->
<testsuite hostname="DESKTOP-VL2N6EH" failures="0" tests="1" name="Day_033_TestNG_Annotations.AllTests" time="0.016" errors="0" timestamp="2020-02-10T21:08:33 IST" skipped="0">
  <testcase classname="Day_033_TestNG_Annotations.AllTests" name="Test4" time="0.016"/>
</testsuite> <!-- Day_033_TestNG_Annotations.AllTests -->
