<?xml version="1.0" encoding="UTF-8"?>
<!-- Generated by org.testng.reporters.JUnitReportReporter -->
<testsuite hostname="DESKTOP-VL2N6EH" failures="0" tests="2" name="Day_007_TestNG_DataProvider_Lab3.TC02_Login_NonStatic_Paarameters" time="84.695" errors="0" timestamp="2020-02-08T15:09:09 IST" skipped="0">
  <testcase classname="Day_007_TestNG_DataProvider_Lab3.TC02_Login_NonStatic_Paarameters" name="Login_Test" time="42.098"/>
  <testcase classname="Day_007_TestNG_DataProvider_Lab3.TC02_Login_NonStatic_Paarameters" name="Login_Test" time="42.597"/>
</testsuite> <!-- Day_007_TestNG_DataProvider_Lab3.TC02_Login_NonStatic_Paarameters -->
