<?xml version="1.0" encoding="UTF-8"?>
<!-- Generated by org.testng.reporters.JUnitReportReporter -->
<testsuite hostname="DESKTOP-VL2N6EH" failures="0" tests="1" name="Day_008_Emailable_Report.TestExample1" time="10.695" errors="0" timestamp="2020-02-10T20:45:23 IST" skipped="0">
  <testcase classname="Day_008_Emailable_Report.TestExample1" name="Test2" time="10.695"/>
</testsuite> <!-- Day_008_Emailable_Report.TestExample1 -->
