<?xml version="1.0" encoding="UTF-8"?>
<!-- Generated by org.testng.reporters.JUnitReportReporter -->
<testsuite hostname="Sudhakar-PC" failures="0" tests="2" name="TestNG_DataProvider_Lab1.TC02_Login_Static_Paarameters" time="72.268" errors="0" timestamp="12 Sep 2019 14:43:25 GMT" skipped="0">
  <testcase classname="TestNG_DataProvider_Lab1.TC02_Login_Static_Paarameters" name="Login_Test" time="45.740"/>
  <testcase classname="TestNG_DataProvider_Lab1.TC02_Login_Static_Paarameters" name="Login_Test" time="26.528"/>
</testsuite> <!-- TestNG_DataProvider_Lab1.TC02_Login_Static_Paarameters -->
