<?xml version="1.0" encoding="UTF-8"?>
<!-- Generated by org.testng.reporters.JUnitReportReporter -->
<testsuite hostname="Saryu-PC" failures="0" tests="1" name="Day_016_ParallelClasses.OrangeHRMTest" time="18.634" errors="0" timestamp="2019-11-08T21:14:34 IST" skipped="0">
  <testcase classname="Day_016_ParallelClasses.OrangeHRMTest" name="Open_OrangeHRM" time="18.634"/>
</testsuite> <!-- Day_016_ParallelClasses.OrangeHRMTest -->
