<?xml version="1.0" encoding="UTF-8"?>
<!-- Generated by org.testng.reporters.JUnitReportReporter -->
<testsuite hostname="Sudhakar-PC" failures="0" tests="1" name="RestAssured3.PUTRequest3" time="5.534" errors="0" timestamp="04 May 2019 00:20:07 GMT" skipped="0">
  <testcase classname="RestAssured3.PUTRequest3" name="RegistrationSuccessful1" time="5.534"/>
</testsuite> <!-- RestAssured3.PUTRequest3 -->
