<?xml version="1.0" encoding="UTF-8"?>
<!-- Generated by org.testng.reporters.JUnitReportReporter -->
<testsuite hostname="Sudhakar-PC" failures="0" tests="1" name="Advanced_Xpaths.TC01_Startswith" time="39.055" errors="0" timestamp="2019-10-12T05:36:08 IST" skipped="0">
  <testcase classname="Advanced_Xpaths.TC01_Startswith" name="Test1" time="39.055"/>
</testsuite> <!-- Advanced_Xpaths.TC01_Startswith -->
