<?xml version="1.0" encoding="UTF-8"?>
<!-- Generated by org.testng.reporters.JUnitReportReporter -->
<testsuite hostname="Sudhakar-PC" failures="0" tests="1" name="Waits.TC01_Explicit_Wait" time="29.196" errors="0" timestamp="19 Sep 2019 15:06:50 GMT" skipped="0">
  <testcase classname="Waits.TC01_Explicit_Wait" name="Login_Test" time="29.196"/>
</testsuite> <!-- Waits.TC01_Explicit_Wait -->
