<?xml version="1.0" encoding="UTF-8"?>
<!-- Generated by org.testng.reporters.JUnitReportReporter -->
<testsuite hostname="DESKTOP-VL2N6EH" failures="0" tests="1" name="Day_023_File_Upload_Download.TC03_FileUpload" time="43.205" errors="0" timestamp="2020-01-30T06:31:48 IST" skipped="0">
  <testcase classname="Day_023_File_Upload_Download.TC03_FileUpload" name="File_upload" time="43.205"/>
</testsuite> <!-- Day_023_File_Upload_Download.TC03_FileUpload -->
