<?xml version="1.0" encoding="UTF-8"?>
<!-- Generated by org.testng.reporters.JUnitReportReporter -->
<testsuite hostname="Saryu-PC" failures="0" tests="2" name="Day_014_ParallelMethods.AllTests" time="41.838" errors="0" timestamp="2019-11-08T21:10:50 IST" skipped="0">
  <testcase classname="Day_014_ParallelMethods.AllTests" name="Mercury" time="19.843"/>
  <testcase classname="Day_014_ParallelMethods.AllTests" name="OrangeHRM" time="21.995"/>
</testsuite> <!-- Day_014_ParallelMethods.AllTests -->
