<?xml version="1.0" encoding="UTF-8"?>
<!-- Generated by org.testng.reporters.JUnitReportReporter -->
<testsuite hostname="Sudhakar-PC" failures="0" tests="1" name="Waits.TC02_Fluent_Wait" time="22.488" errors="0" timestamp="19 Sep 2019 01:20:50 GMT" skipped="0">
  <testcase classname="Waits.TC02_Fluent_Wait" name="Login_Test" time="22.488"/>
</testsuite> <!-- Waits.TC02_Fluent_Wait -->
