<?xml version="1.0" encoding="UTF-8"?>
<!-- Generated by org.testng.reporters.JUnitReportReporter -->
<testsuite hostname="Saryu-PC" failures="0" tests="2" name="Day_012_TestNG_Paraneters.TC02_Login_Static_Paarameters2" time="50.397" errors="0" timestamp="2019-11-08T20:47:38 IST" skipped="0">
  <testcase classname="Day_012_TestNG_Paraneters.TC02_Login_Static_Paarameters2" name="Login_Test" time="22.974"/>
  <testcase classname="Day_012_TestNG_Paraneters.TC02_Login_Static_Paarameters2" name="Login_Test" time="27.423"/>
</testsuite> <!-- Day_012_TestNG_Paraneters.TC02_Login_Static_Paarameters2 -->
