<?xml version="1.0" encoding="UTF-8"?>
<!-- Generated by org.testng.reporters.JUnitReportReporter -->
<testsuite hostname="Saryu-PC" failures="0" tests="1" name="Day_001_Demo.TC05_Driver_Navigate_Forward" time="21.520" errors="0" timestamp="2019-11-14T21:17:00 IST" skipped="0">
  <testcase classname="Day_001_Demo.TC05_Driver_Navigate_Forward" name="login_test" time="21.520"/>
</testsuite> <!-- Day_001_Demo.TC05_Driver_Navigate_Forward -->
