<?xml version="1.0" encoding="UTF-8"?>
<!-- Generated by org.testng.reporters.JUnitReportReporter -->
<testsuite hostname="Saryu-PC" failures="0" tests="1" name="Day_010_Custimize_EmailableReport_Lab1.TC01_Test" time="18.363" errors="0" timestamp="2019-12-17T20:06:42 IST" skipped="0">
  <testcase classname="Day_010_Custimize_EmailableReport_Lab1.TC01_Test" name="TC01_Report_Test" time="18.363"/>
</testsuite> <!-- Day_010_Custimize_EmailableReport_Lab1.TC01_Test -->
