<?xml version="1.0" encoding="UTF-8"?>
<!-- Generated by org.testng.reporters.JUnitReportReporter -->
<testsuite hostname="DESKTOP-VL2N6EH" failures="0" tests="1" name="Day_023_File_Upload_Download.TC02_AddPhoto_Existing_Employee" time="40.044" errors="0" timestamp="2020-01-30T06:17:40 IST" skipped="0">
  <testcase classname="Day_023_File_Upload_Download.TC02_AddPhoto_Existing_Employee" name="AddEmployee_call_allmethods" time="40.044"/>
</testsuite> <!-- Day_023_File_Upload_Download.TC02_AddPhoto_Existing_Employee -->
