<?xml version="1.0" encoding="UTF-8"?>
<!-- Generated by org.testng.reporters.JUnitReportReporter -->
<testsuite hostname="admin-PC" failures="0" tests="1" name="Pavan1.withoutxpaths" time="26.032" errors="0" timestamp="03 Aug 2019 06:56:22 GMT" skipped="0">
  <testcase classname="Pavan1.withoutxpaths" name="Test2" time="26.032"/>
</testsuite> <!-- Pavan1.withoutxpaths -->
