<?xml version="1.0" encoding="UTF-8"?>
<!-- Generated by org.testng.reporters.JUnitReportReporter -->
<testsuite hostname="Sudhakar-PC" failures="0" tests="1" name="ParallelClasses.OrangeHRMTest" time="17.442" errors="0" timestamp="18 Sep 2019 15:09:08 GMT" skipped="0">
  <testcase classname="ParallelClasses.OrangeHRMTest" name="Open_OrangeHRM" time="17.442"/>
</testsuite> <!-- ParallelClasses.OrangeHRMTest -->
