<?xml version="1.0" encoding="UTF-8"?>
<!-- Generated by org.testng.reporters.JUnitReportReporter -->
<testsuite hostname="admin-PC" failures="0" tests="2" name="Parallal.TestsExample1" time="77.920" errors="0" timestamp="28 Jul 2019 00:33:49 GMT" skipped="0">
  <testcase classname="Parallal.TestsExample1" name="Test1_Openmercuty" time="66.944"/>
  <testcase classname="Parallal.TestsExample1" name="Test2_Mercury_Execution" time="10.976"/>
</testsuite> <!-- Parallal.TestsExample1 -->
