<?xml version="1.0" encoding="UTF-8"?>
<!-- Generated by org.testng.reporters.JUnitReportReporter -->
<testsuite hostname="Sudhakar-PC" failures="0" tests="1" name="RestAssured3.SoapRequest7" time="38.478" errors="0" timestamp="13 May 2019 14:56:57 GMT" skipped="0">
  <testcase classname="RestAssured3.SoapRequest7" name="RegistrationSuccessful1" time="38.478"/>
</testsuite> <!-- RestAssured3.SoapRequest7 -->
