<?xml version="1.0" encoding="UTF-8"?>
<!-- Generated by org.testng.reporters.JUnitReportReporter -->
<testsuite hostname="Sudhakar-PC" failures="0" tests="1" name="Reporter_Example1.TC01_Test" time="53.925" errors="0" timestamp="18 Sep 2019 00:38:48 GMT" skipped="0">
  <testcase classname="Reporter_Example1.TC01_Test" name="TC01_Report_Test" time="53.925"/>
</testsuite> <!-- Reporter_Example1.TC01_Test -->
