<?xml version="1.0" encoding="UTF-8"?>
<!-- Generated by org.testng.reporters.JUnitReportReporter -->
<testsuite hostname="admin-PC" failures="0" tests="1" name="Vamsi.mercurytest" time="44.730" errors="0" timestamp="02 Aug 2019 00:32:32 GMT" skipped="0">
  <testcase classname="Vamsi.mercurytest" name="MercuryTest1" time="44.730"/>
</testsuite> <!-- Vamsi.mercurytest -->
