<?xml version="1.0" encoding="UTF-8"?>
<!-- Generated by org.testng.reporters.JUnitReportReporter -->
<testsuite hostname="DESKTOP-VL2N6EH" failures="0" tests="2" name="Day_41_Method_OverLoading.OrangeHRM_DataProvider_Lab1" time="62.989" errors="0" timestamp="2020-02-08T15:22:36 IST" skipped="0">
  <testcase classname="Day_41_Method_OverLoading.OrangeHRM_DataProvider_Lab1" name="Test1" time="28.418"/>
  <testcase classname="Day_41_Method_OverLoading.OrangeHRM_DataProvider_Lab1" name="Test1" time="34.571"/>
</testsuite> <!-- Day_41_Method_OverLoading.OrangeHRM_DataProvider_Lab1 -->
