<?xml version="1.0" encoding="UTF-8"?>
<!-- Generated by org.testng.reporters.JUnitReportReporter -->
<testsuite hostname="Saryu-PC" failures="0" tests="1" name="Day_023_File_Upload_Download.FileUpload" time="51.533" errors="0" timestamp="2019-11-09T13:49:16 IST" skipped="0">
  <testcase classname="Day_023_File_Upload_Download.FileUpload" name="File_upload" time="51.533"/>
</testsuite> <!-- Day_023_File_Upload_Download.FileUpload -->
