<?xml version="1.0" encoding="UTF-8"?>
<!-- Generated by org.testng.reporters.JUnitReportReporter -->
<testsuite hostname="Sudhakar-PC" failures="0" tests="2" name="ParallelMethods.OrangeHRMTest2" time="118.196" errors="0" timestamp="17 Sep 2019 00:38:26 GMT" skipped="0">
  <testcase classname="ParallelMethods.OrangeHRMTest2" name="TC01_Test1" time="102.609"/>
  <testcase classname="ParallelMethods.OrangeHRMTest2" name="TC02_Test2" time="15.587"/>
</testsuite> <!-- ParallelMethods.OrangeHRMTest2 -->
