<?xml version="1.0" encoding="UTF-8"?>
<!-- Generated by org.testng.reporters.JUnitReportReporter -->
<testsuite hostname="Saryu-PC" failures="0" tests="1" name="Day_025_ExcelUtil_Apache_POI.TC04_Excel_Test_xlsx" time="2.949" errors="0" timestamp="31 Oct 2019 15:28:28 GMT" skipped="0">
  <testcase classname="Day_025_ExcelUtil_Apache_POI.TC04_Excel_Test_xlsx" name="hello" time="2.949"/>
</testsuite> <!-- Day_025_ExcelUtil_Apache_POI.TC04_Excel_Test_xlsx -->
