<?xml version="1.0" encoding="UTF-8"?>
<!-- Generated by org.testng.reporters.JUnitReportReporter -->
<testsuite hostname="Sudhakar-PC" failures="0" tests="1" name="Reporter_Example_Word.TC01_Test" time="78.286" errors="0" timestamp="21 Sep 2019 07:56:11 GMT" skipped="0">
  <testcase classname="Reporter_Example_Word.TC01_Test" name="Test1" time="78.286"/>
</testsuite> <!-- Reporter_Example_Word.TC01_Test -->
