<?xml version="1.0" encoding="UTF-8"?>
<!-- Generated by org.testng.reporters.JUnitReportReporter -->
<testsuite hostname="DESKTOP-VL2N6EH" failures="0" tests="1" name="Day_026_TakeScreenShot.Test4" time="14.039" errors="0" timestamp="2020-02-06T06:49:06 IST" skipped="0">
  <testcase classname="Day_026_TakeScreenShot.Test4" name="AddNationalitiess" time="14.039"/>
</testsuite> <!-- Day_026_TakeScreenShot.Test4 -->
