<?xml version="1.0" encoding="UTF-8"?>
<!-- Generated by org.testng.reporters.JUnitReportReporter -->
<testsuite hostname="DESKTOP-VL2N6EH" failures="0" tests="1" name="Day_021_Java_Script_Executer.TC02_Send_Keys" time="12.507" errors="0" timestamp="2020-01-29T20:47:37 IST" skipped="0">
  <testcase classname="Day_021_Java_Script_Executer.TC02_Send_Keys" name="Login" time="12.507"/>
</testsuite> <!-- Day_021_Java_Script_Executer.TC02_Send_Keys -->
