<?xml version="1.0" encoding="UTF-8"?>
<!-- Generated by org.testng.reporters.JUnitReportReporter -->
<testsuite hostname="Sudhakar-PC" failures="0" tests="2" name="TestNG_Paraneters.TC03_Login_Static_Paarameters2" time="52.541" errors="0" timestamp="13 Sep 2019 13:43:01 GMT" skipped="0">
  <testcase classname="TestNG_Paraneters.TC03_Login_Static_Paarameters2" name="Login_Test" time="28.237"/>
  <testcase classname="TestNG_Paraneters.TC03_Login_Static_Paarameters2" name="Login_Test" time="24.304"/>
</testsuite> <!-- TestNG_Paraneters.TC03_Login_Static_Paarameters2 -->
