<?xml version="1.0" encoding="UTF-8"?>
<!-- Generated by org.testng.reporters.JUnitReportReporter -->
<testsuite hostname="DESKTOP-VL2N6EH" failures="0" tests="1" name="Day_001_Demo.TC01_Login" time="11.501" errors="0" timestamp="2020-02-07T02:53:46 IST" skipped="0">
  <testcase classname="Day_001_Demo.TC01_Login" name="login_test" time="11.501"/>
</testsuite> <!-- Day_001_Demo.TC01_Login -->
