<?xml version="1.0" encoding="UTF-8"?>
<!-- Generated by org.testng.reporters.JUnitReportReporter -->
<testsuite hostname="DESKTOP-VL2N6EH" failures="0" tests="1" name="Day_024_Advanced_Xpaths.TC006_Following" time="12.465" errors="0" timestamp="2020-02-03T21:13:20 IST" skipped="0">
  <testcase classname="Day_024_Advanced_Xpaths.TC006_Following" name="Test1" time="12.465"/>
</testsuite> <!-- Day_024_Advanced_Xpaths.TC006_Following -->
