<?xml version="1.0" encoding="UTF-8"?>
<!-- Generated by org.testng.reporters.JUnitReportReporter -->
<testsuite hostname="Saryu-PC" failures="0" tests="1" name="Day_024_Advanced_Xpaths.TC004_Text" time="24.149" errors="0" timestamp="2019-11-12T06:49:20 IST" skipped="0">
  <testcase classname="Day_024_Advanced_Xpaths.TC004_Text" name="Test1" time="24.149"/>
</testsuite> <!-- Day_024_Advanced_Xpaths.TC004_Text -->
