<?xml version="1.0" encoding="UTF-8"?>
<!-- Generated by org.testng.reporters.JUnitReportReporter -->
<testsuite hostname="Sudhakar-PC" failures="0" tests="1" name="StaticMethods_Example.TC01_Nationalities" time="55.669" errors="0" timestamp="09 Sep 2019 15:33:37 GMT" skipped="0">
  <testcase classname="StaticMethods_Example.TC01_Nationalities" name="TC01_Add_Nationalitiess" time="55.669"/>
</testsuite> <!-- StaticMethods_Example.TC01_Nationalities -->
