<?xml version="1.0" encoding="UTF-8"?>
<!-- Generated by org.testng.reporters.JUnitReportReporter -->
<testsuite hostname="DESKTOP-VL2N6EH" failures="0" tests="1" name="Day_024_Advanced_Xpaths.TC011_Parent" time="23.512" errors="0" timestamp="2020-02-04T20:47:24 IST" skipped="0">
  <testcase classname="Day_024_Advanced_Xpaths.TC011_Parent" name="Test1" time="23.512"/>
</testsuite> <!-- Day_024_Advanced_Xpaths.TC011_Parent -->
