<?xml version="1.0" encoding="UTF-8"?>
<!-- Generated by org.testng.reporters.JUnitReportReporter -->
<testsuite hostname="DESKTOP-VL2N6EH" failures="0" tests="1" name="Day_022_Action_class.TC01_Mouse_Hover_Action" time="12.522" errors="0" timestamp="2020-01-29T20:52:38 IST" skipped="0">
  <testcase classname="Day_022_Action_class.TC01_Mouse_Hover_Action" name="Login_Test" time="12.522"/>
</testsuite> <!-- Day_022_Action_class.TC01_Mouse_Hover_Action -->
