<?xml version="1.0" encoding="UTF-8"?>
<!-- Generated by org.testng.reporters.JUnitReportReporter -->
<testsuite hostname="DESKTOP-VL2N6EH" failures="0" tests="1" name="ABC_Demo4.TC01_Login" time="11.316" errors="0" timestamp="2020-02-05T20:06:08 IST" skipped="0">
  <testcase classname="ABC_Demo4.TC01_Login" name="Login_Test" time="11.316"/>
</testsuite> <!-- ABC_Demo4.TC01_Login -->
