<?xml version="1.0" encoding="UTF-8"?>
<!-- Generated by org.testng.reporters.JUnitReportReporter -->
<testsuite hostname="Sudhakar-PC" failures="0" tests="1" name="RestAssured3.PostRequest2" time="5.515" errors="0" timestamp="04 May 2019 00:01:20 GMT" skipped="0">
  <testcase classname="RestAssured3.PostRequest2" name="RegistrationSuccessful1" time="5.515"/>
</testsuite> <!-- RestAssured3.PostRequest2 -->
