<?xml version="1.0" encoding="UTF-8"?>
<!-- Generated by org.testng.reporters.JUnitReportReporter -->
<testsuite hostname="DESKTOP-VL2N6EH" failures="0" tests="1" name="Day_019_Frames.FrameByIndex" time="7.600" errors="0" timestamp="2020-01-27T21:17:30 IST" skipped="0">
  <testcase classname="Day_019_Frames.FrameByIndex" name="Login_Test" time="7.600"/>
</testsuite> <!-- Day_019_Frames.FrameByIndex -->
