<?xml version="1.0" encoding="UTF-8"?>
<!-- Generated by org.testng.reporters.JUnitReportReporter -->
<testsuite hostname="Sudhakar-PC" failures="0" tests="2" name="TestNG_DataProvider_Lab3.TC02_Login_Static_Paarameters" time="187.324" errors="0" timestamp="16 Sep 2019 15:25:19 GMT" skipped="0">
  <testcase classname="TestNG_DataProvider_Lab3.TC02_Login_Static_Paarameters" name="Login_Test" time="130.979"/>
  <testcase classname="TestNG_DataProvider_Lab3.TC02_Login_Static_Paarameters" name="Login_Test" time="56.345"/>
</testsuite> <!-- TestNG_DataProvider_Lab3.TC02_Login_Static_Paarameters -->
