<?xml version="1.0" encoding="UTF-8"?>
<!-- Generated by org.testng.reporters.JUnitReportReporter -->
<testsuite hostname="admin-PC" failures="0" tests="1" name="Pavan2.ImageAttachmentInDocument1" time="3.871" errors="0" timestamp="06 Sep 2019 23:27:55 GMT" skipped="0">
  <testcase classname="Pavan2.ImageAttachmentInDocument1" name="Word_Test" time="3.871"/>
</testsuite> <!-- Pavan2.ImageAttachmentInDocument1 -->
