<?xml version="1.0" encoding="UTF-8"?>
<!-- Generated by org.testng.reporters.JUnitReportReporter -->
<testsuite hostname="admin-PC" failures="0" tests="1" name="Pavan1.StaticTest1" time="57.766" errors="0" timestamp="01 Aug 2019 12:46:12 GMT" skipped="0">
  <testcase classname="Pavan1.StaticTest1" name="Test1" time="57.766"/>
</testsuite> <!-- Pavan1.StaticTest1 -->
