<?xml version="1.0" encoding="UTF-8"?>
<!-- Generated by org.testng.reporters.JUnitReportReporter -->
<testsuite hostname="Sudhakar-PC" failures="0" tests="1" name="First_Demo7.TC01_Add_Employee" time="27.776" errors="0" timestamp="2019-10-12T10:48:05 IST" skipped="0">
  <testcase classname="First_Demo7.TC01_Add_Employee" name="Test1" time="27.776"/>
</testsuite> <!-- First_Demo7.TC01_Add_Employee -->
