<?xml version="1.0" encoding="UTF-8"?>
<!-- Generated by org.testng.reporters.JUnitReportReporter -->
<testsuite hostname="DESKTOP-VL2N6EH" failures="0" tests="1" name="Day_002_Java.TC05_Login_NonStatic_Paarameters" time="15.247" errors="0" timestamp="2020-01-31T20:34:08 IST" skipped="0">
  <testcase classname="Day_002_Java.TC05_Login_NonStatic_Paarameters" name="Login_Test" time="15.247"/>
</testsuite> <!-- Day_002_Java.TC05_Login_NonStatic_Paarameters -->
