<?xml version="1.0" encoding="UTF-8"?>
<!-- Generated by org.testng.reporters.JUnitReportReporter -->
<testsuite hostname="admin-PC" failures="0" tests="1" name="Reporter_Example_Word.ImageAttachmentInDocument1" time="0.043" errors="0" timestamp="07 Sep 2019 13:50:06 GMT" skipped="0">
  <testcase classname="Reporter_Example_Word.ImageAttachmentInDocument1" name="Word_Test" time="0.043"/>
</testsuite> <!-- Reporter_Example_Word.ImageAttachmentInDocument1 -->
