<?xml version="1.0" encoding="UTF-8"?>
<!-- Generated by org.testng.reporters.JUnitReportReporter -->
<testsuite hostname="admin-PC" failures="0" tests="1" name="Nationality.MercuryDataProvider3" time="55.187" errors="0" timestamp="19 Jul 2019 06:13:26 GMT" skipped="0">
  <testcase classname="Nationality.MercuryDataProvider3" name="Test1" time="55.187"/>
</testsuite> <!-- Nationality.MercuryDataProvider3 -->
