<?xml version="1.0" encoding="UTF-8"?>
<!-- Generated by org.testng.reporters.JUnitReportReporter -->
<testsuite hostname="Sudhakar-PC" failures="0" tests="1" name="Action_class.Amajon" time="86.631" errors="0" timestamp="20 Sep 2019 15:12:55 GMT" skipped="0">
  <testcase classname="Action_class.Amajon" name="setBaseURL" time="86.631"/>
</testsuite> <!-- Action_class.Amajon -->
