<?xml version="1.0" encoding="UTF-8"?>
<!-- Generated by org.testng.reporters.JUnitReportReporter -->
<testsuite hostname="DESKTOP-VL2N6EH" failures="0" tests="3" name="Day_029_PageObjectModel1.TC01_Add_Nationalities" time="77.264" errors="0" timestamp="2020-02-21T05:59:15 IST" skipped="0">
  <testcase classname="Day_029_PageObjectModel1.TC01_Add_Nationalities" name="Test3" time="37.881"/>
  <testcase classname="Day_029_PageObjectModel1.TC01_Add_Nationalities" name="Test3" time="29.041"/>
  <testcase classname="Day_029_PageObjectModel1.TC01_Add_Nationalities" name="Test3" time="10.342"/>
</testsuite> <!-- Day_029_PageObjectModel1.TC01_Add_Nationalities -->
