<?xml version="1.0" encoding="UTF-8"?>
<!-- Generated by org.testng.reporters.JUnitReportReporter -->
<testsuite hostname="NANI" failures="0" tests="1" name="practice1.javascriptexecutor" time="50.571" errors="0" timestamp="2022-05-29T14:01:12 IST" skipped="0">
  <testcase classname="practice1.javascriptexecutor" name="Login" time="50.571"/>
  <system-out/>
</testsuite> <!-- practice1.javascriptexecutor -->
