<?xml version="1.0" encoding="UTF-8"?>
<!-- Generated by org.testng.reporters.JUnitReportReporter -->
<testsuite hostname="NANI" failures="0" tests="1" name="PFM.addnationalities123" time="150.858" errors="0" timestamp="2022-06-11T14:13:46 IST" skipped="0">
  <testcase classname="PFM.addnationalities123" name="Bookaflight_ticket" time="150.858"/>
  <system-out/>
</testsuite> <!-- PFM.addnationalities123 -->
