<?xml version="1.0" encoding="UTF-8"?>
<!-- Generated by org.testng.reporters.JUnitReportReporter -->
<testsuite hostname="NANI" failures="0" tests="1" name="Java_OOPS.Test1" time="0.009" errors="0" timestamp="2022-05-18T11:11:29 IST" skipped="0">
  <testcase classname="Java_OOPS.Test1" name="f" time="0.009"/>
  <system-out/>
</testsuite> <!-- Java_OOPS.Test1 -->
