<?xml version="1.0" encoding="UTF-8"?>
<!-- Generated by org.testng.reporters.JUnitReportReporter -->
<testsuite hostname="Saryu-PC" failures="0" tests="1" name="Day_022_Action_class.Facebook3" time="120.960" errors="0" timestamp="05 Nov 2019 01:51:09 GMT" skipped="0">
  <testcase classname="Day_022_Action_class.Facebook3" name="b_verifyHomepageTitle" time="120.960"/>
</testsuite> <!-- Day_022_Action_class.Facebook3 -->
