<?xml version="1.0" encoding="UTF-8"?>
<!-- Generated by org.testng.reporters.JUnitReportReporter -->
<testsuite hostname="DESKTOP-BDCU2EV" failures="0" tests="1" name="Day_024_Advanced_Xpaths.TC004_Text" time="14.344" errors="0" timestamp="2022-02-08T09:54:12 IST" skipped="0">
  <testcase classname="Day_024_Advanced_Xpaths.TC004_Text" name="Test1" time="14.344"/>
  <system-out/>
</testsuite> <!-- Day_024_Advanced_Xpaths.TC004_Text -->
