<?xml version="1.0" encoding="UTF-8"?>
<!-- Generated by org.testng.reporters.JUnitReportReporter -->
<testsuite hostname="Sudhakar-PC" failures="0" tests="1" name="RestAssured3.SoapRequest2" time="6.294" errors="0" timestamp="05 May 2019 09:43:19 GMT" skipped="0">
  <testcase classname="RestAssured3.SoapRequest2" name="postMethod" time="6.294"/>
</testsuite> <!-- RestAssured3.SoapRequest2 -->
