<?xml version="1.0" encoding="UTF-8"?>
<!-- Generated by org.testng.reporters.JUnitReportReporter -->
<testsuite hostname="NANI" failures="0" tests="1" name="Day_030_Page_Factory.addnationalities123" time="13.674" errors="0" timestamp="2022-06-04T14:03:12 IST" skipped="0">
  <testcase classname="Day_030_Page_Factory.addnationalities123" name="Bookaflight_ticket" time="13.674"/>
  <system-out/>
</testsuite> <!-- Day_030_Page_Factory.addnationalities123 -->
