<?xml version="1.0" encoding="UTF-8"?>
<!-- Generated by org.testng.reporters.JUnitReportReporter -->
<testsuite hostname="NANI" failures="0" tests="1" name="Day_022_Action_class.TC04_Drag_And_Drop" time="23.595" errors="0" timestamp="2022-05-19T15:48:42 IST" skipped="0">
  <testcase classname="Day_022_Action_class.TC04_Drag_And_Drop" name="Login_Test" time="23.595"/>
  <system-out/>
</testsuite> <!-- Day_022_Action_class.TC04_Drag_And_Drop -->
