<?xml version="1.0" encoding="UTF-8"?>
<!-- Generated by org.testng.reporters.JUnitReportReporter -->
<testsuite hostname="NANI" failures="0" tests="1" name="Day_006_TestNG_DataProvider_Lab2.TC03_Login_Static_Paarameters1" time="0.000" errors="0" timestamp="2022-05-27T13:25:49 IST" skipped="1">
  <testcase classname="Day_006_TestNG_DataProvider_Lab2.TC03_Login_Static_Paarameters1" name="Login_Test" time="0.000">
    <skipped/>
  </testcase> <!-- Login_Test -->
  <system-out/>
</testsuite> <!-- Day_006_TestNG_DataProvider_Lab2.TC03_Login_Static_Paarameters1 -->
