<?xml version="1.0" encoding="UTF-8"?>
<!-- Generated by org.testng.reporters.JUnitReportReporter -->
<testsuite hostname="Sudhakar-PC" failures="0" tests="1" name="Fareesa_OrangeHRM.OrangeHRMLogin" time="20.610" errors="0" timestamp="11 Sep 2019 14:03:24 GMT" skipped="0">
  <testcase classname="Fareesa_OrangeHRM.OrangeHRMLogin" name="Login1" time="20.610"/>
</testsuite> <!-- Fareesa_OrangeHRM.OrangeHRMLogin -->
