<?xml version="1.0" encoding="UTF-8"?>
<!-- Generated by org.testng.reporters.JUnitReportReporter -->
<testsuite hostname="admin-PC" failures="0" tests="2" name="HTMLReport.ParllalTestingTestNG" time="125.702" errors="0" timestamp="27 Jul 2019 16:54:01 GMT" skipped="0">
  <testcase classname="HTMLReport.ParllalTestingTestNG" name="Test4" time="62.719"/>
  <testcase classname="HTMLReport.ParllalTestingTestNG" name="Test3" time="62.983"/>
</testsuite> <!-- HTMLReport.ParllalTestingTestNG -->
