<?xml version="1.0" encoding="UTF-8"?>
<!-- Generated by org.testng.reporters.JUnitReportReporter -->
<testsuite hostname="NANI" failures="0" tests="1" name="Day_009_Extent_Reports.ExtentReport_Test" time="16.217" errors="0" timestamp="2022-06-20T12:12:47 IST" skipped="0">
  <testcase classname="Day_009_Extent_Reports.ExtentReport_Test" name="Report3_Test" time="16.217"/>
  <system-out/>
</testsuite> <!-- Day_009_Extent_Reports.ExtentReport_Test -->
