<?xml version="1.0" encoding="UTF-8"?>
<!-- Generated by org.testng.reporters.JUnitReportReporter -->
<testsuite hostname="Sudhakar-PC" failures="0" tests="1" name="Advanced_Xpaths.TC01_contains" time="17.593" errors="0" timestamp="2019-10-12T05:17:39 IST" skipped="0">
  <testcase classname="Advanced_Xpaths.TC01_contains" name="Test1" time="17.593"/>
</testsuite> <!-- Advanced_Xpaths.TC01_contains -->
