<?xml version="1.0" encoding="UTF-8"?>
<!-- Generated by org.testng.reporters.JUnitReportReporter -->
<testsuite hostname="Saryu-PC" failures="0" tests="1" name="Day_40_Key_Word_Driven.DriverScript" time="23.166" errors="0" timestamp="2019-12-17T07:11:03 IST" skipped="0">
  <testcase classname="Day_40_Key_Word_Driven.DriverScript" name="mainTest" time="23.166"/>
</testsuite> <!-- Day_40_Key_Word_Driven.DriverScript -->
