<?xml version="1.0" encoding="UTF-8"?>
<!-- Generated by org.testng.reporters.JUnitReportReporter -->
<testsuite hostname="NANI" failures="0" tests="1" name="practice1.TC03_Login_Static_Paarameters" time="19.266" errors="0" timestamp="2022-05-25T16:02:33 IST" skipped="0">
  <testcase classname="practice1.TC03_Login_Static_Paarameters" name="Login_Test" time="19.266"/>
  <system-out/>
</testsuite> <!-- practice1.TC03_Login_Static_Paarameters -->
