<?xml version="1.0" encoding="UTF-8"?>
<!-- Generated by org.testng.reporters.JUnitReportReporter -->
<testsuite hostname="DESKTOP-VL2N6EH" failures="0" tests="3" name="Day_42_Method_Overriding1.TC01_Employee" time="0.031" errors="0" timestamp="2020-02-29T07:04:21 IST" skipped="0">
  <testcase classname="Day_42_Method_Overriding1.TC01_Employee" name="Test1" time="0.016"/>
  <testcase classname="Day_42_Method_Overriding1.TC01_Employee" name="Test1" time="0.015"/>
  <testcase classname="Day_42_Method_Overriding1.TC01_Employee" name="Test1" time="0.000"/>
</testsuite> <!-- Day_42_Method_Overriding1.TC01_Employee -->
