<?xml version="1.0" encoding="UTF-8"?>
<!-- Generated by org.testng.reporters.JUnitReportReporter -->
<testsuite hostname="NANI" failures="0" tests="1" name="Day_31Jan2022.TC01_Add_Skills_Excel3" time="0.000" errors="0" timestamp="2022-05-31T11:07:34 IST" skipped="1">
  <testcase classname="Day_31Jan2022.TC01_Add_Skills_Excel3" name="SkillsTest" time="0.000">
    <skipped/>
  </testcase> <!-- SkillsTest -->
  <system-out/>
</testsuite> <!-- Day_31Jan2022.TC01_Add_Skills_Excel3 -->
