<?xml version="1.0" encoding="UTF-8"?>
<!-- Generated by org.testng.reporters.JUnitReportReporter -->
<testsuite hostname="admin-PC" failures="0" tests="3" name="Nationality.mercurydata2" time="102.205" errors="0" timestamp="18 Jul 2019 22:20:05 GMT" skipped="0">
  <testcase classname="Nationality.mercurydata2" name="Test1" time="49.467"/>
  <testcase classname="Nationality.mercurydata2" name="Test1" time="22.176"/>
  <testcase classname="Nationality.mercurydata2" name="Test1" time="30.562"/>
</testsuite> <!-- Nationality.mercurydata2 -->
