<?xml version="1.0" encoding="UTF-8"?>
<!-- Generated by org.testng.reporters.JUnitReportReporter -->
<testsuite hostname="admin-PC" failures="0" tests="1" name="Pavan2.OrangeHRM5" time="23.854" errors="0" timestamp="31 Jul 2019 01:05:37 GMT" skipped="0">
  <testcase classname="Pavan2.OrangeHRM5" name="Test2" time="23.854"/>
</testsuite> <!-- Pavan2.OrangeHRM5 -->
