<?xml version="1.0" encoding="UTF-8"?>
<!-- Generated by org.testng.reporters.JUnitReportReporter -->
<testsuite hostname="DESKTOP-VL2N6EH" failures="0" tests="1" name="Day_011_Katalon_Recorder.TC01_Test2" time="20.855" errors="0" timestamp="2020-02-21T20:22:39 IST" skipped="0">
  <testcase classname="Day_011_Katalon_Recorder.TC01_Test2" name="TC01_Report_Test" time="20.855"/>
</testsuite> <!-- Day_011_Katalon_Recorder.TC01_Test2 -->
