<?xml version="1.0" encoding="UTF-8"?>
<!-- Generated by org.testng.reporters.JUnitReportReporter -->
<testsuite hostname="NANI" failures="0" tests="1" name="pom.Add_Jobs" time="59.480" errors="0" timestamp="2022-06-08T16:46:59 IST" skipped="0">
  <testcase classname="pom.Add_Jobs" name="Test3" time="59.480"/>
  <system-out/>
</testsuite> <!-- pom.Add_Jobs -->
