<?xml version="1.0" encoding="UTF-8"?>
<!-- Generated by org.testng.reporters.JUnitReportReporter -->
<testsuite hostname="admin-PC" failures="0" tests="1" name="Nationality.Reporter3" time="19.581" errors="0" timestamp="27 Jul 2019 14:30:55 GMT" skipped="0">
  <testcase classname="Nationality.Reporter3" name="Test1" time="19.581"/>
</testsuite> <!-- Nationality.Reporter3 -->
