<?xml version="1.0" encoding="UTF-8"?>
<!-- Generated by org.testng.reporters.JUnitReportReporter -->
<testsuite hostname="NANI" failures="0" tests="1" name="Day_026_TakeScreenShot.Test1" time="21.761" errors="0" timestamp="2022-06-08T14:10:01 IST" skipped="0">
  <testcase classname="Day_026_TakeScreenShot.Test1" name="TC01_Report_Test" time="21.761"/>
  <system-out/>
</testsuite> <!-- Day_026_TakeScreenShot.Test1 -->
