<?xml version="1.0" encoding="UTF-8"?>
<!-- Generated by org.testng.reporters.JUnitReportReporter -->
<testsuite hostname="NANI" failures="0" tests="1" name="practice1.actionsclass" time="29.368" errors="0" timestamp="2022-06-02T23:21:10 IST" skipped="0">
  <testcase classname="practice1.actionsclass" name="Login_Test" time="29.368"/>
  <system-out/>
</testsuite> <!-- practice1.actionsclass -->
