<?xml version="1.0" encoding="UTF-8"?>
<!-- Generated by org.testng.reporters.JUnitReportReporter -->
<testsuite hostname="Saryu-PC" failures="0" tests="1" name="Day_003_Locators.TC01_Locators" time="27.810" errors="0" timestamp="2019-11-12T19:50:31 IST" skipped="0">
  <testcase classname="Day_003_Locators.TC01_Locators" name="Test2" time="27.810"/>
</testsuite> <!-- Day_003_Locators.TC01_Locators -->
