<?xml version="1.0" encoding="UTF-8"?>
<!-- Generated by org.testng.reporters.JUnitReportReporter -->
<testsuite hostname="Saryu-PC" failures="0" tests="1" name="Day_001_Demo.TC07_IEtestforDesiredCapabilities" time="24.065" errors="0" timestamp="2019-11-14T22:00:16 IST" skipped="0">
  <testcase classname="Day_001_Demo.TC07_IEtestforDesiredCapabilities" name="Login_Test" time="24.065"/>
</testsuite> <!-- Day_001_Demo.TC07_IEtestforDesiredCapabilities -->
