<?xml version="1.0" encoding="UTF-8"?>
<!-- Generated by org.testng.reporters.JUnitReportReporter -->
<testsuite hostname="NANI" failures="0" tests="1" name="ABC_Demo122.TC01_Simple_Interest" time="0.018" errors="0" timestamp="2022-06-13T19:53:24 IST" skipped="0">
  <testcase classname="ABC_Demo122.TC01_Simple_Interest" name="Test1_SimpleInterest" time="0.018"/>
  <system-out/>
</testsuite> <!-- ABC_Demo122.TC01_Simple_Interest -->
