<?xml version="1.0" encoding="UTF-8"?>
<!-- Generated by org.testng.reporters.JUnitReportReporter -->
<testsuite hostname="NANI" failures="0" tests="1" name="Day_011_Katalon_Recorder.AddJobs" time="62.976" errors="0" timestamp="2022-06-17T11:46:09 IST" skipped="0">
  <testcase classname="Day_011_Katalon_Recorder.AddJobs" name="testUntitledTestCase" time="62.976"/>
  <system-out/>
</testsuite> <!-- Day_011_Katalon_Recorder.AddJobs -->
