<?xml version="1.0" encoding="UTF-8"?>
<!-- Generated by org.testng.reporters.JUnitReportReporter -->
<testsuite hostname="NANI" failures="0" tests="1" name="Day_36_Desired_Capabilities.IEtestforDesiredCapabilities" time="52.708" errors="0" timestamp="2022-05-31T11:39:33 IST" skipped="0">
  <testcase classname="Day_36_Desired_Capabilities.IEtestforDesiredCapabilities" name="Open_OrangeHRM" time="52.708"/>
  <system-out/>
</testsuite> <!-- Day_36_Desired_Capabilities.IEtestforDesiredCapabilities -->
