<?xml version="1.0" encoding="UTF-8"?>
<!-- Generated by org.testng.reporters.JUnitReportReporter -->
<testsuite hostname="DESKTOP-BDCU2EV" failures="0" tests="1" name="Day_011_Katalon_Recorder.TC09" time="21.935" errors="0" timestamp="2022-03-02T10:38:14 IST" skipped="0">
  <testcase classname="Day_011_Katalon_Recorder.TC09" name="testUntitledTestCase" time="21.935"/>
  <system-out/>
</testsuite> <!-- Day_011_Katalon_Recorder.TC09 -->
