<?xml version="1.0" encoding="UTF-8"?>
<!-- Generated by org.testng.reporters.JUnitReportReporter -->
<testsuite hostname="Sudhakar-PC" failures="0" tests="1" name="RestAssured2.RegistrationSuccessful" time="5.549" errors="0" timestamp="03 May 2019 14:54:58 GMT" skipped="0">
  <testcase classname="RestAssured2.RegistrationSuccessful" name="submitForm" time="5.549"/>
</testsuite> <!-- RestAssured2.RegistrationSuccessful -->
