<?xml version="1.0" encoding="UTF-8"?>
<!-- Generated by org.testng.reporters.JUnitReportReporter -->
<testsuite hostname="DESKTOP-VL2N6EH" failures="0" tests="3" name="Day_42_Method_Overriding.OrangeHRM_DataProvider_Lab1" time="0.032" errors="0" timestamp="2020-02-29T06:10:06 IST" skipped="0">
  <testcase classname="Day_42_Method_Overriding.OrangeHRM_DataProvider_Lab1" name="Test1" time="0.016"/>
  <testcase classname="Day_42_Method_Overriding.OrangeHRM_DataProvider_Lab1" name="Test1" time="0.016"/>
  <testcase classname="Day_42_Method_Overriding.OrangeHRM_DataProvider_Lab1" name="Test1" time="0.000"/>
</testsuite> <!-- Day_42_Method_Overriding.OrangeHRM_DataProvider_Lab1 -->
