<?xml version="1.0" encoding="UTF-8"?>
<!-- Generated by org.testng.reporters.JUnitReportReporter -->
<testsuite hostname="Sudhakar-PC" failures="0" tests="1" name="Frames.Switch_Frame_By_WebElement" time="14.935" errors="0" timestamp="04 Oct 2019 00:26:52 GMT" skipped="0">
  <testcase classname="Frames.Switch_Frame_By_WebElement" name="Login_Test" time="14.935"/>
</testsuite> <!-- Frames.Switch_Frame_By_WebElement -->
