<?xml version="1.0" encoding="UTF-8"?>
<!-- Generated by org.testng.reporters.JUnitReportReporter -->
<testsuite hostname="DESKTOP-BDCU2EV" failures="0" tests="1" name="ABC_Demo123.TC01_Add_jobs4_Methods_Prameters" time="15.068" errors="0" timestamp="2022-05-10T09:54:30 IST" skipped="0">
  <testcase classname="ABC_Demo123.TC01_Add_jobs4_Methods_Prameters" name="JobsTest" time="15.068"/>
  <system-out/>
</testsuite> <!-- ABC_Demo123.TC01_Add_jobs4_Methods_Prameters -->
