<?xml version="1.0" encoding="UTF-8"?>
<!-- Generated by org.testng.reporters.JUnitReportReporter -->
<testsuite hostname="NANI" failures="0" tests="1" name="Day_019_Frames.FrameByIndex" time="13.659" errors="0" timestamp="2022-06-13T12:31:06 IST" skipped="0">
  <testcase classname="Day_019_Frames.FrameByIndex" name="Login_Test" time="13.659"/>
  <system-out/>
</testsuite> <!-- Day_019_Frames.FrameByIndex -->
