<?xml version="1.0" encoding="UTF-8"?>
<!-- Generated by org.testng.reporters.JUnitReportReporter -->
<testsuite hostname="Saryu-PC" failures="0" tests="1" name="Day_028_WebTable_Examples.TC01_Add_Nationalities" time="23.941" errors="0" timestamp="2019-12-17T06:17:09 IST" skipped="0">
  <testcase classname="Day_028_WebTable_Examples.TC01_Add_Nationalities" name="TC01_Nationality" time="23.941"/>
</testsuite> <!-- Day_028_WebTable_Examples.TC01_Add_Nationalities -->
