<?xml version="1.0" encoding="UTF-8"?>
<!-- Generated by org.testng.reporters.JUnitReportReporter -->
<testsuite hostname="NANI" failures="0" tests="1" name="Day_025_ExcelUtil_Apache_POI.TC01_Excel_Test_xls" time="75.631" errors="0" timestamp="2022-06-09T11:54:02 IST" skipped="0">
  <testcase classname="Day_025_ExcelUtil_Apache_POI.TC01_Excel_Test_xls" name="hello" time="75.631"/>
  <system-out/>
</testsuite> <!-- Day_025_ExcelUtil_Apache_POI.TC01_Excel_Test_xls -->
