<?xml version="1.0" encoding="UTF-8"?>
<!-- Generated by org.testng.reporters.JUnitReportReporter -->
<testsuite hostname="Saryu-PC" failures="0" tests="1" name="Day_002_Java.TC07_WebElement_isDisplayed" time="9.186" errors="0" timestamp="2019-11-14T05:49:49 IST" skipped="0">
  <testcase classname="Day_002_Java.TC07_WebElement_isDisplayed" name="login_test" time="9.186"/>
</testsuite> <!-- Day_002_Java.TC07_WebElement_isDisplayed -->
