<?xml version="1.0" encoding="UTF-8"?>
<!-- Generated by org.testng.reporters.JUnitReportReporter -->
<testsuite hostname="NANI" failures="0" tests="2" name="Day_029_PageObjectModel1.TC01_Add_Jobs" time="12.220" errors="0" timestamp="2022-06-08T14:42:54 IST" skipped="0">
  <testcase classname="Day_029_PageObjectModel1.TC01_Add_Jobs" name="Test3" time="8.225"/>
  <system-out/>
  <testcase classname="Day_029_PageObjectModel1.TC01_Add_Jobs" name="Test3" time="3.995"/>
  <system-out/>
</testsuite> <!-- Day_029_PageObjectModel1.TC01_Add_Jobs -->
