<?xml version="1.0" encoding="UTF-8"?>
<!-- Generated by org.testng.reporters.JUnitReportReporter -->
<testsuite hostname="Saryu-PC" failures="0" tests="1" name="First_Demo1.TC01_Login" time="21.099" errors="0" timestamp="2019-11-11T19:41:22 IST" skipped="0">
  <testcase classname="First_Demo1.TC01_Login" name="loginTest1" time="21.099"/>
</testsuite> <!-- First_Demo1.TC01_Login -->
