<?xml version="1.0" encoding="UTF-8"?>
<!-- Generated by org.testng.reporters.JUnitReportReporter -->
<testsuite hostname="admin-PC" failures="0" tests="1" name="Pavan1.Highlight10" time="64.658" errors="0" timestamp="30 Jul 2019 00:45:23 GMT" skipped="0">
  <testcase classname="Pavan1.Highlight10" name="Test1" time="64.658"/>
</testsuite> <!-- Pavan1.Highlight10 -->
