<?xml version="1.0" encoding="UTF-8"?>
<!-- Generated by org.testng.reporters.JUnitReportReporter -->
<testsuite hostname="admin-PC" failures="0" tests="1" name="TestNG_DataProvider_Lab1.Mercury_DataProvider_Lab1" time="55.474" errors="0" timestamp="27 Aug 2019 15:30:58 GMT" skipped="0">
  <testcase classname="TestNG_DataProvider_Lab1.Mercury_DataProvider_Lab1" name="Test1" time="55.474"/>
</testsuite> <!-- TestNG_DataProvider_Lab1.Mercury_DataProvider_Lab1 -->
