<?xml version="1.0" encoding="UTF-8"?>
<!-- Generated by org.testng.reporters.JUnitReportReporter -->
<testsuite hostname="Sudhakar-PC" failures="0" tests="1" name="First_Anusha.TC03_Login_Static_Paarameters" time="49.800" errors="0" timestamp="24 Sep 2019 00:44:44 GMT" skipped="0">
  <testcase classname="First_Anusha.TC03_Login_Static_Paarameters" name="Login_Test" time="49.800"/>
</testsuite> <!-- First_Anusha.TC03_Login_Static_Paarameters -->
