<?xml version="1.0" encoding="UTF-8"?>
<!-- Generated by org.testng.reporters.JUnitReportReporter -->
<testsuite hostname="NANI" failures="0" tests="1" name="Day_001_Demo.TC01_Login5" time="0.012" errors="0" timestamp="2022-05-14T10:39:25 IST" skipped="0">
  <testcase classname="Day_001_Demo.TC01_Login5" name="f" time="0.012"/>
  <system-out/>
</testsuite> <!-- Day_001_Demo.TC01_Login5 -->
