<?xml version="1.0" encoding="UTF-8"?>
<!-- Generated by org.testng.reporters.JUnitReportReporter -->
<testsuite hostname="admin-PC" failures="0" tests="1" name="Pavan2.ScreenShot_Example" time="54.255" errors="0" timestamp="02 Aug 2019 00:39:20 GMT" skipped="0">
  <testcase classname="Pavan2.ScreenShot_Example" name="Test3" time="54.255"/>
</testsuite> <!-- Pavan2.ScreenShot_Example -->
