<?xml version="1.0" encoding="UTF-8"?>
<!-- Generated by org.testng.reporters.JUnitReportReporter -->
<testsuite hostname="Saryu-PC" failures="0" tests="1" name="Day_001_Demo.TC06_Driver_get_Commands" time="14.957" errors="0" timestamp="2019-11-14T21:43:08 IST" skipped="0">
  <testcase classname="Day_001_Demo.TC06_Driver_get_Commands" name="login_test" time="14.957"/>
</testsuite> <!-- Day_001_Demo.TC06_Driver_get_Commands -->
