<?xml version="1.0" encoding="UTF-8"?>
<!-- Generated by org.testng.reporters.JUnitReportReporter -->
<testsuite hostname="Sudhakar-PC" failures="0" tests="1" name="FAQS.DEF" time="0.034" errors="0" timestamp="07 Jun 2019 02:01:42 GMT" skipped="0">
  <testcase classname="FAQS.DEF" name="main" time="0.034"/>
</testsuite> <!-- FAQS.DEF -->
