<?xml version="1.0" encoding="UTF-8"?>
<!-- Generated by org.testng.reporters.JUnitReportReporter -->
<testsuite hostname="NANI" failures="0" tests="1" name="Day_024_Advanced_Xpaths.TC006_Following" time="17.088" errors="0" timestamp="2022-06-07T21:21:34 IST" skipped="0">
  <testcase classname="Day_024_Advanced_Xpaths.TC006_Following" name="Test1" time="17.088"/>
  <system-out/>
</testsuite> <!-- Day_024_Advanced_Xpaths.TC006_Following -->
