<?xml version="1.0" encoding="UTF-8"?>
<!-- Generated by org.testng.reporters.JUnitReportReporter -->
<testsuite hostname="Sudhakar-PC" failures="0" tests="1" name="RestAssured3.RetrieveSpecificEmployee" time="4.292" errors="0" timestamp="04 May 2019 11:55:15 GMT" skipped="0">
  <testcase classname="RestAssured3.RetrieveSpecificEmployee" name="retrieveSpecificEmployee" time="4.292"/>
</testsuite> <!-- RestAssured3.RetrieveSpecificEmployee -->
