<?xml version="1.0" encoding="UTF-8"?>
<!-- Generated by org.testng.reporters.JUnitReportReporter -->
<testsuite hostname="Saryu-PC" failures="0" tests="1" name="Day_023_File_Upload_Download.DeleteFile" time="24.095" errors="0" timestamp="2019-11-09T14:00:31 IST" skipped="0">
  <testcase classname="Day_023_File_Upload_Download.DeleteFile" name="File_Download" time="24.095"/>
</testsuite> <!-- Day_023_File_Upload_Download.DeleteFile -->
