<?xml version="1.0" encoding="UTF-8"?>
<!-- Generated by org.testng.reporters.JUnitReportReporter -->
<testsuite hostname="Sudhakar-PC" failures="0" tests="1" name="Advanced_Xpaths.TC01_Login_Orange" time="101.380" errors="0" timestamp="2019-10-12T04:57:06 IST" skipped="0">
  <testcase classname="Advanced_Xpaths.TC01_Login_Orange" name="Test1" time="101.380"/>
</testsuite> <!-- Advanced_Xpaths.TC01_Login_Orange -->
