<?xml version="1.0" encoding="UTF-8"?>
<!-- Generated by org.testng.reporters.JUnitReportReporter -->
<testsuite hostname="NANI" failures="0" tests="1" name="Day_027_Alerts.AlertDemo" time="28.087" errors="0" timestamp="2022-05-19T15:49:29 IST" skipped="0">
  <testcase classname="Day_027_Alerts.AlertDemo" name="testWebAlert" time="28.087"/>
  <system-out/>
</testsuite> <!-- Day_027_Alerts.AlertDemo -->
