<?xml version="1.0" encoding="UTF-8"?>
<!-- Generated by org.testng.reporters.JUnitReportReporter -->
<testsuite hostname="NANI" failures="0" tests="1" name="ABC_Demo14.TC01_Add_Skills2" time="22.629" errors="0" timestamp="2022-05-25T19:08:56 IST" skipped="0">
  <testcase classname="ABC_Demo14.TC01_Add_Skills2" name="SkillsTest" time="22.629"/>
  <system-out/>
</testsuite> <!-- ABC_Demo14.TC01_Add_Skills2 -->
