<?xml version="1.0" encoding="UTF-8"?>
<!-- Generated by org.testng.reporters.JUnitReportReporter -->
<testsuite hostname="admin-PC" failures="0" tests="4" name="Pavan2.BrowserTesting_DataProvider2" time="44.513" errors="0" timestamp="06 Aug 2019 00:15:27 GMT" skipped="0">
  <testcase classname="Pavan2.BrowserTesting_DataProvider2" name="Test3" time="5.278"/>
  <testcase classname="Pavan2.BrowserTesting_DataProvider2" name="Test3" time="7.464"/>
  <testcase classname="Pavan2.BrowserTesting_DataProvider2" name="Test3" time="25.675"/>
  <testcase classname="Pavan2.BrowserTesting_DataProvider2" name="Test3" time="6.096"/>
</testsuite> <!-- Pavan2.BrowserTesting_DataProvider2 -->
