<?xml version="1.0" encoding="UTF-8"?>
<!-- Generated by org.testng.reporters.JUnitReportReporter -->
<testsuite hostname="NANI" failures="0" tests="1" name="Day_033_TestNG_Annotations.TC02" time="0.006" errors="0" timestamp="2022-06-15T14:07:40 IST" skipped="0">
  <testcase classname="Day_033_TestNG_Annotations.TC02" name="f" time="0.006"/>
  <system-out/>
</testsuite> <!-- Day_033_TestNG_Annotations.TC02 -->
