<?xml version="1.0" encoding="UTF-8"?>
<!-- Generated by org.testng.reporters.JUnitReportReporter -->
<testsuite hostname="NANI" failures="0" tests="1" name="practice1.advancexpath" time="33.978" errors="0" timestamp="2022-06-09T12:49:57 IST" skipped="0">
  <testcase classname="practice1.advancexpath" name="MainMethod" time="33.978"/>
  <system-out/>
</testsuite> <!-- practice1.advancexpath -->
