<?xml version="1.0" encoding="UTF-8"?>
<!-- Generated by org.testng.reporters.JUnitReportReporter -->
<testsuite hostname="NANI" failures="0" tests="1" name="ABC_Demo114.TC01_Login" time="37.466" errors="0" timestamp="2022-06-09T14:47:25 IST" skipped="0">
  <testcase classname="ABC_Demo114.TC01_Login" name="LoginTest" time="37.466"/>
  <system-out/>
</testsuite> <!-- ABC_Demo114.TC01_Login -->
