<?xml version="1.0" encoding="UTF-8"?>
<!-- Generated by org.testng.reporters.JUnitReportReporter -->
<testsuite hostname="DESKTOP-VL2N6EH" failures="0" tests="1" name="ReadAPI.TC01_File_Read_Employees_Json" time="1.371" errors="0" timestamp="2020-03-02T06:19:22 IST" skipped="0">
  <testcase classname="ReadAPI.TC01_File_Read_Employees_Json" name="FirstExample" time="1.371"/>
</testsuite> <!-- ReadAPI.TC01_File_Read_Employees_Json -->
