<?xml version="1.0" encoding="UTF-8"?>
<!-- Generated by org.testng.reporters.JUnitReportReporter -->
<testsuite hostname="Sudhakar-PC" failures="0" tests="1" name="RestAssured3.GetmethodEx" time="5.196" errors="0" timestamp="04 May 2019 11:48:12 GMT" skipped="0">
  <testcase classname="RestAssured3.GetmethodEx" name="filterUser" time="5.196"/>
</testsuite> <!-- RestAssured3.GetmethodEx -->
