<?xml version="1.0" encoding="UTF-8"?>
<!-- Generated by org.testng.reporters.JUnitReportReporter -->
<testsuite hostname="Sudhakar-PC" failures="0" tests="1" name="First_Anitha.TC01_Add_Nationality" time="30.888" errors="0" timestamp="10 Sep 2019 15:24:56 GMT" skipped="0">
  <testcase classname="First_Anitha.TC01_Add_Nationality" name="LoginTest" time="30.888"/>
</testsuite> <!-- First_Anitha.TC01_Add_Nationality -->
