<?xml version="1.0" encoding="UTF-8"?>
<!-- Generated by org.testng.reporters.JUnitReportReporter -->
<testsuite hostname="Sudhakar-PC" failures="0" tests="1" name="Pavan2.WindlowsExam" time="60.024" errors="0" timestamp="23 Sep 2019 23:56:52 GMT" skipped="0">
  <testcase classname="Pavan2.WindlowsExam" name="Openapp" time="60.024"/>
</testsuite> <!-- Pavan2.WindlowsExam -->
