<?xml version="1.0" encoding="UTF-8"?>
<!-- Generated by org.testng.reporters.JUnitReportReporter -->
<testsuite hostname="admin-PC" failures="0" tests="1" name="PageObjectModel_MercuryTests.Highlight3" time="56.765" errors="0" timestamp="21 Jul 2019 04:35:10 GMT" skipped="0">
  <testcase classname="PageObjectModel_MercuryTests.Highlight3" name="Test1" time="56.765"/>
</testsuite> <!-- PageObjectModel_MercuryTests.Highlight3 -->
