<?xml version="1.0" encoding="UTF-8"?>
<!-- Generated by org.testng.reporters.JUnitReportReporter -->
<testsuite hostname="NANI" failures="0" tests="1" name="Day_023_File_Upload_Download.fileuploadfromexcel" time="53.645" errors="0" timestamp="2022-06-08T15:37:23 IST" skipped="0">
  <testcase classname="Day_023_File_Upload_Download.fileuploadfromexcel" name="AddEmployee_call_allmethods" time="53.645"/>
  <system-out/>
</testsuite> <!-- Day_023_File_Upload_Download.fileuploadfromexcel -->
