<?xml version="1.0" encoding="UTF-8"?>
<!-- Generated by org.testng.reporters.JUnitReportReporter -->
<testsuite hostname="Saryu-PC" failures="0" tests="1" name="Day_002_Java.TC01_Login_125" time="30.859" errors="0" timestamp="26 Oct 2019 11:18:39 GMT" skipped="0">
  <testcase classname="Day_002_Java.TC01_Login_125" name="Test5" time="30.859"/>
</testsuite> <!-- Day_002_Java.TC01_Login_125 -->
