<?xml version="1.0" encoding="UTF-8"?>
<!-- Generated by org.testng.reporters.JUnitReportReporter -->
<testsuite hostname="Saryu-PC" failures="0" tests="1" name="Day_005_TestNG_DataProvider_Lab1.Test5" time="19.493" errors="0" timestamp="16 Oct 2019 10:21:39 GMT" skipped="0">
  <testcase classname="Day_005_TestNG_DataProvider_Lab1.Test5" name="Test1" time="19.493"/>
</testsuite> <!-- Day_005_TestNG_DataProvider_Lab1.Test5 -->
