<?xml version="1.0" encoding="UTF-8"?>
<!-- Generated by org.testng.reporters.JUnitReportReporter -->
<testsuite hostname="NANI" failures="0" tests="4" name="practice1.Data_provider_with_nonstatic_parameters" time="199.228" errors="0" timestamp="2022-05-28T17:23:45 IST" skipped="0">
  <testcase classname="practice1.Data_provider_with_nonstatic_parameters" name="SkillsTest" time="98.537"/>
  <system-out/>
  <testcase classname="practice1.Data_provider_with_nonstatic_parameters" name="SkillsTest" time="40.632"/>
  <system-out/>
  <testcase classname="practice1.Data_provider_with_nonstatic_parameters" name="SkillsTest" time="33.285"/>
  <system-out/>
  <testcase classname="practice1.Data_provider_with_nonstatic_parameters" name="SkillsTest" time="26.774"/>
  <system-out/>
</testsuite> <!-- practice1.Data_provider_with_nonstatic_parameters -->
