<?xml version="1.0" encoding="UTF-8"?>
<!-- Generated by org.testng.reporters.JUnitReportReporter -->
<testsuite hostname="NANI" failures="0" tests="1" name="Day_025_ExcelUtil_Apache_POI.ExcelTest_xlsx" time="62.255" errors="0" timestamp="2022-06-09T12:19:21 IST" skipped="0">
  <testcase classname="Day_025_ExcelUtil_Apache_POI.ExcelTest_xlsx" name="hello" time="62.255"/>
  <system-out/>
</testsuite> <!-- Day_025_ExcelUtil_Apache_POI.ExcelTest_xlsx -->
