<?xml version="1.0" encoding="UTF-8"?>
<!-- Generated by org.testng.reporters.JUnitReportReporter -->
<testsuite hostname="Sudhakar-PC" failures="0" tests="2" name="TestNG_Paraneters1.BrowserTesting_DataProvider3" time="57.253" errors="0" timestamp="17 Sep 2019 15:22:54 GMT" skipped="0">
  <testcase classname="TestNG_Paraneters1.BrowserTesting_DataProvider3" name="Test3" time="10.099"/>
  <testcase classname="TestNG_Paraneters1.BrowserTesting_DataProvider3" name="Test3" time="47.154"/>
</testsuite> <!-- TestNG_Paraneters1.BrowserTesting_DataProvider3 -->
