<?xml version="1.0" encoding="UTF-8"?>
<!-- Generated by org.testng.reporters.JUnitReportReporter -->
<testsuite hostname="NANI" failures="0" tests="1" name="Abhishake_Demo_Feb29.TC01_Login_Parameters" time="37.117" errors="0" timestamp="2022-05-13T15:29:09 IST" skipped="0">
  <testcase classname="Abhishake_Demo_Feb29.TC01_Login_Parameters" name="logintest" time="37.117"/>
  <system-out/>
</testsuite> <!-- Abhishake_Demo_Feb29.TC01_Login_Parameters -->
