<?xml version="1.0" encoding="UTF-8"?>
<!-- Generated by org.testng.reporters.JUnitReportReporter -->
<testsuite hostname="DESKTOP-VL2N6EH" failures="0" tests="1" name="ABC_Demo10.TC01_Login_NonStatic_Methods" time="22.382" errors="0" timestamp="2020-02-25T20:02:20 IST" skipped="0">
  <testcase classname="ABC_Demo10.TC01_Login_NonStatic_Methods" name="logintest" time="22.382"/>
</testsuite> <!-- ABC_Demo10.TC01_Login_NonStatic_Methods -->
