<?xml version="1.0" encoding="UTF-8"?>
<!-- Generated by org.testng.reporters.JUnitReportReporter -->
<testsuite hostname="NANI" failures="0" tests="1" name="Day_024_Advanced_Xpaths.TC003_OR_AND" time="32.645" errors="0" timestamp="2022-06-21T21:10:05 IST" skipped="0">
  <testcase classname="Day_024_Advanced_Xpaths.TC003_OR_AND" name="Test1" time="32.645"/>
  <system-out/>
</testsuite> <!-- Day_024_Advanced_Xpaths.TC003_OR_AND -->
