<?xml version="1.0" encoding="UTF-8"?>
<!-- Generated by org.testng.reporters.JUnitReportReporter -->
<testsuite hostname="NANI" failures="0" tests="1" name="Day_008_Emailable_Report.TestExample2_Browser" time="346.454" errors="0" timestamp="2022-06-03T19:36:48 IST" skipped="0">
  <testcase classname="Day_008_Emailable_Report.TestExample2_Browser" name="Test2" time="346.454"/>
  <system-out>
    <![CDATA[Pass- open Orangehrm
Pass- Enter User Name
Pass- Enter Password
Pass- Click on Signin]]>
  </system-out>
</testsuite> <!-- Day_008_Emailable_Report.TestExample2_Browser -->
