<?xml version="1.0" encoding="UTF-8"?>
<!-- Generated by org.testng.reporters.JUnitReportReporter -->
<testsuite hostname="DESKTOP-BDCU2EV" failures="0" tests="1" name="ABC_Demo6.TC01_Login" time="11.492" errors="0" timestamp="2022-02-04T11:06:02 IST" skipped="0">
  <testcase classname="ABC_Demo6.TC01_Login" name="GlobalVariables" time="11.492"/>
  <system-out/>
</testsuite> <!-- ABC_Demo6.TC01_Login -->
