<?xml version="1.0" encoding="UTF-8"?>
<!-- Generated by org.testng.reporters.JUnitReportReporter -->
<testsuite hostname="Saryu-PC" failures="0" tests="1" name="demmo.shyamd" time="17.660" errors="0" timestamp="30 Oct 2019 07:02:57 GMT" skipped="0">
  <testcase classname="demmo.shyamd" name="Login_Test" time="17.660"/>
</testsuite> <!-- demmo.shyamd -->
