<?xml version="1.0" encoding="UTF-8"?>
<!-- Generated by org.testng.reporters.JUnitReportReporter -->
<testsuite hostname="DESKTOP-VL2N6EH" failures="0" tests="2" name="ABC_Demo1.TC03_Login_Static_Paarameters2" time="42.561" errors="0" timestamp="2020-02-07T20:15:19 IST" skipped="0">
  <testcase classname="ABC_Demo1.TC03_Login_Static_Paarameters2" name="Login_Test" time="22.628"/>
  <testcase classname="ABC_Demo1.TC03_Login_Static_Paarameters2" name="Login_Test" time="19.933"/>
</testsuite> <!-- ABC_Demo1.TC03_Login_Static_Paarameters2 -->
