<?xml version="1.0" encoding="UTF-8"?>
<!-- Generated by org.testng.reporters.JUnitReportReporter -->
<testsuite hostname="DESKTOP-BDCU2EV" failures="0" tests="1" name="Day_024_Advanced_Xpaths.TC008_Child" time="21.923" errors="0" timestamp="2022-02-25T10:03:16 IST" skipped="0">
  <testcase classname="Day_024_Advanced_Xpaths.TC008_Child" name="Test1" time="21.923"/>
  <system-out/>
</testsuite> <!-- Day_024_Advanced_Xpaths.TC008_Child -->
