<?xml version="1.0" encoding="UTF-8"?>
<!-- Generated by org.testng.reporters.JUnitReportReporter -->
<testsuite hostname="admin-PC" failures="0" tests="2" name="Nationality.Highlight8" time="41.860" errors="0" timestamp="26 Jul 2019 15:26:01 GMT" skipped="0">
  <testcase classname="Nationality.Highlight8" name="Test2" time="22.161"/>
  <testcase classname="Nationality.Highlight8" name="Test1" time="19.699"/>
</testsuite> <!-- Nationality.Highlight8 -->
