<?xml version="1.0" encoding="UTF-8"?>
<!-- Generated by org.testng.reporters.JUnitReportReporter -->
<testsuite hostname="NANI" failures="0" tests="1" name="Day_022_Action_class.TC01_Mouse_Hover_Action" time="19.961" errors="0" timestamp="2022-05-19T10:55:20 IST" skipped="0">
  <testcase classname="Day_022_Action_class.TC01_Mouse_Hover_Action" name="Login_Test" time="19.961"/>
  <system-out/>
</testsuite> <!-- Day_022_Action_class.TC01_Mouse_Hover_Action -->
