<?xml version="1.0" encoding="UTF-8"?>
<!-- Generated by org.testng.reporters.JUnitReportReporter -->
<testsuite hostname="admin-PC" failures="0" tests="1" name="Reporter_Example.Report2" time="167.738" errors="0" timestamp="05 Sep 2019 01:16:32 GMT" skipped="0">
  <testcase classname="Reporter_Example.Report2" name="Test1" time="167.738"/>
</testsuite> <!-- Reporter_Example.Report2 -->
