<?xml version="1.0" encoding="UTF-8"?>
<!-- Generated by org.testng.reporters.JUnitReportReporter -->
<testsuite hostname="DESKTOP-VL2N6EH" failures="0" tests="1" name="Day_024_Advanced_Xpaths.TC010_Following_Siblings" time="8.382" errors="0" timestamp="2020-02-03T21:21:48 IST" skipped="0">
  <testcase classname="Day_024_Advanced_Xpaths.TC010_Following_Siblings" name="Test1" time="8.382"/>
</testsuite> <!-- Day_024_Advanced_Xpaths.TC010_Following_Siblings -->
