<?xml version="1.0" encoding="UTF-8"?>
<!-- Generated by org.testng.reporters.JUnitReportReporter -->
<testsuite hostname="admin-PC" failures="0" tests="1" name="Pavan1.mercurytest" time="36.734" errors="0" timestamp="10 Aug 2019 04:59:23 GMT" skipped="0">
  <testcase classname="Pavan1.mercurytest" name="Test1" time="36.734"/>
</testsuite> <!-- Pavan1.mercurytest -->
