<?xml version="1.0" encoding="UTF-8"?>
<!-- Generated by org.testng.reporters.JUnitReportReporter -->
<testsuite hostname="NANI" failures="0" tests="2" name="ABC_DataProvider.TC01_Add_Skills6" time="6.261" errors="0" timestamp="2022-06-02T17:27:03 IST" skipped="0">
  <testcase classname="ABC_DataProvider.TC01_Add_Skills6" name="SkillsTest" time="3.455"/>
  <system-out/>
  <testcase classname="ABC_DataProvider.TC01_Add_Skills6" name="SkillsTest" time="2.806"/>
  <system-out/>
</testsuite> <!-- ABC_DataProvider.TC01_Add_Skills6 -->
