<?xml version="1.0" encoding="UTF-8"?>
<!-- Generated by org.testng.reporters.JUnitReportReporter -->
<testsuite hostname="Saryu-PC" failures="0" tests="1" name="FirstDemo1.TC01_Mercury" time="13.540" errors="0" timestamp="2019-11-16T15:16:44 IST" skipped="0">
  <testcase classname="FirstDemo1.TC01_Mercury" name="Test1" time="13.540"/>
</testsuite> <!-- FirstDemo1.TC01_Mercury -->
