<?xml version="1.0" encoding="UTF-8"?>
<!-- Generated by org.testng.reporters.JUnitReportReporter -->
<testsuite hostname="NANI" failures="0" tests="1" name="Day_002_Java.TC03_Login_Static_Paarameters" time="54.630" errors="0" timestamp="2022-05-15T11:26:14 IST" skipped="0">
  <testcase classname="Day_002_Java.TC03_Login_Static_Paarameters" name="Login_Test" time="54.630"/>
  <system-out/>
</testsuite> <!-- Day_002_Java.TC03_Login_Static_Paarameters -->
