<?xml version="1.0" encoding="UTF-8"?>
<!-- Generated by org.testng.reporters.JUnitReportReporter -->
<testsuite hostname="DESKTOP-BDCU2EV" failures="0" tests="1" name="Day_008_Emailable_Report.TestExample2" time="9.678" errors="0" timestamp="2022-02-03T09:45:56 IST" skipped="0">
  <testcase classname="Day_008_Emailable_Report.TestExample2" name="Test2" time="9.678"/>
  <system-out>
    <![CDATA[Pass- open Orangehrm1
Pass- Enter User Name1
Pass- Enter Password1
Pass- Click on Signin1]]>
  </system-out>
</testsuite> <!-- Day_008_Emailable_Report.TestExample2 -->
