<?xml version="1.0" encoding="UTF-8"?>
<!-- Generated by org.testng.reporters.JUnitReportReporter -->
<testsuite hostname="Sudhakar-PC" failures="0" tests="1" name="RestAssured3.SoapRequest3" time="1.719" errors="0" timestamp="05 May 2019 11:10:37 GMT" skipped="0">
  <testcase classname="RestAssured3.SoapRequest3" name="initializeUsingWithAndGetChildren" time="1.719"/>
</testsuite> <!-- RestAssured3.SoapRequest3 -->
