<?xml version="1.0" encoding="UTF-8"?>
<!-- Generated by org.testng.reporters.JUnitReportReporter -->
<testsuite hostname="Sudhakar-PC" failures="0" tests="1" name="RestAssured2.City2" time="5.686" errors="0" timestamp="30 Apr 2019 15:36:00 GMT" skipped="0">
  <testcase classname="RestAssured2.City2" name="WeatherMessageBody" time="5.686"/>
</testsuite> <!-- RestAssured2.City2 -->
