<?xml version="1.0" encoding="UTF-8"?>
<!-- Generated by org.testng.reporters.JUnitReportReporter -->
<testsuite hostname="admin-PC" failures="0" tests="1" name="Pavan1.OrangeHRM3" time="57.280" errors="0" timestamp="30 Jul 2019 14:07:51 GMT" skipped="0">
  <testcase classname="Pavan1.OrangeHRM3" name="Test2" time="57.280"/>
</testsuite> <!-- Pavan1.OrangeHRM3 -->
