<?xml version="1.0" encoding="UTF-8"?>
<!-- Generated by org.testng.reporters.JUnitReportReporter -->
<testsuite hostname="NANI" failures="0" tests="1" name="Day_002_Java.TC02_Login_NonStatic_Example" time="90.118" errors="0" timestamp="2022-05-15T11:07:14 IST" skipped="0">
  <testcase classname="Day_002_Java.TC02_Login_NonStatic_Example" name="Login_Test" time="90.118"/>
  <system-out/>
</testsuite> <!-- Day_002_Java.TC02_Login_NonStatic_Example -->
