<?xml version="1.0" encoding="UTF-8"?>
<!-- Generated by org.testng.reporters.JUnitReportReporter -->
<testsuite hostname="admin-PC" failures="0" tests="1" name="Nationality.Report2" time="67.465" errors="0" timestamp="27 Jul 2019 05:52:47 GMT" skipped="0">
  <testcase classname="Nationality.Report2" name="Test1" time="67.465"/>
</testsuite> <!-- Nationality.Report2 -->
