<?xml version="1.0" encoding="UTF-8"?>
<!-- Generated by org.testng.reporters.JUnitReportReporter -->
<testsuite hostname="Sudhakar-PC" failures="0" tests="1" name="Java_Script_Executer.JavaSE_Ver_pixcel" time="20.761" errors="0" timestamp="20 Sep 2019 22:20:44 GMT" skipped="0">
  <testcase classname="Java_Script_Executer.JavaSE_Ver_pixcel" name="Login" time="20.761"/>
</testsuite> <!-- Java_Script_Executer.JavaSE_Ver_pixcel -->
