<?xml version="1.0" encoding="UTF-8"?>
<!-- Generated by org.testng.reporters.JUnitReportReporter -->
<testsuite hostname="Saryu-PC" failures="0" tests="1" name="demo11.demo11" time="15.935" errors="0" timestamp="30 Oct 2019 06:40:13 GMT" skipped="0">
  <testcase classname="demo11.demo11" name="Login_Test" time="15.935"/>
</testsuite> <!-- demo11.demo11 -->
