<?xml version="1.0" encoding="UTF-8"?>
<!-- Generated by org.testng.reporters.JUnitReportReporter -->
<testsuite hostname="NANI" failures="0" tests="1" name="practice1.TC01_Web_Element_Border_Helighter" time="15.498" errors="0" timestamp="2022-05-25T16:00:19 IST" skipped="0">
  <testcase classname="practice1.TC01_Web_Element_Border_Helighter" name="Login_Test" time="15.498"/>
  <system-out/>
</testsuite> <!-- practice1.TC01_Web_Element_Border_Helighter -->
