<?xml version="1.0" encoding="UTF-8"?>
<!-- Generated by org.testng.reporters.JUnitReportReporter -->
<testsuite hostname="Sudhakar-PC" failures="0" tests="1" name="ScreenShot.TC01_Test2" time="38.092" errors="0" timestamp="08 Oct 2019 04:01:28 GMT" skipped="0">
  <testcase classname="ScreenShot.TC01_Test2" name="TC01_Report_Test" time="38.092"/>
</testsuite> <!-- ScreenShot.TC01_Test2 -->
