<?xml version="1.0" encoding="UTF-8"?>
<!-- Generated by org.testng.reporters.JUnitReportReporter -->
<testsuite hostname="DESKTOP-BDCU2EV" failures="0" tests="1" name="ABC_Demo123.TC01_Add_jobs3" time="15.591" errors="0" timestamp="2022-05-10T09:22:06 IST" skipped="0">
  <testcase classname="ABC_Demo123.TC01_Add_jobs3" name="JobsTest" time="15.591"/>
  <system-out/>
</testsuite> <!-- ABC_Demo123.TC01_Add_jobs3 -->
