<?xml version="1.0" encoding="UTF-8"?>
<!-- Generated by org.testng.reporters.JUnitReportReporter -->
<testsuite hostname="DESKTOP-BDCU2EV" failures="0" tests="1" name="ABC_Demo121.TC01_Login" time="10.223" errors="0" timestamp="2022-05-06T10:09:00 IST" skipped="0">
  <testcase classname="ABC_Demo121.TC01_Login" name="LoginTest" time="10.223"/>
  <system-out/>
</testsuite> <!-- ABC_Demo121.TC01_Login -->
