<?xml version="1.0" encoding="UTF-8"?>
<!-- Generated by org.testng.reporters.JUnitReportReporter -->
<testsuite hostname="NANI" failures="0" tests="1" name="Day_003_Locators.TC02_name" time="49.617" errors="0" timestamp="2022-05-15T19:10:37 IST" skipped="0">
  <testcase classname="Day_003_Locators.TC02_name" name="Test2" time="49.617"/>
  <system-out/>
</testsuite> <!-- Day_003_Locators.TC02_name -->
