<?xml version="1.0" encoding="UTF-8"?>
<!-- Generated by org.testng.reporters.JUnitReportReporter -->
<testsuite hostname="NANI" failures="0" tests="1" name="Day_35_Execute_Failed_TestCases.TC01_Add_Skills" time="13.370" errors="0" timestamp="2022-05-31T11:12:36 IST" skipped="0">
  <testcase classname="Day_35_Execute_Failed_TestCases.TC01_Add_Skills" name="Open_Mercury" time="13.370"/>
  <system-out/>
</testsuite> <!-- Day_35_Execute_Failed_TestCases.TC01_Add_Skills -->
