<?xml version="1.0" encoding="UTF-8"?>
<!-- Generated by org.testng.reporters.JUnitReportReporter -->
<testsuite hostname="Sudhakar-PC" failures="0" tests="1" name="Java_Script_Executer.JavaSE_Hor_pixcel" time="138.209" errors="0" timestamp="20 Sep 2019 22:31:59 GMT" skipped="0">
  <testcase classname="Java_Script_Executer.JavaSE_Hor_pixcel" name="ScrollHorizontally" time="138.209"/>
</testsuite> <!-- Java_Script_Executer.JavaSE_Hor_pixcel -->
