<?xml version="1.0" encoding="UTF-8"?>
<!-- Generated by org.testng.reporters.JUnitReportReporter -->
<testsuite hostname="admin-PC" failures="0" tests="1" name="TestNGUtil.TestNGXML3" time="14.241" errors="0" timestamp="16 Jul 2019 23:53:37 GMT" skipped="0">
  <testcase classname="TestNGUtil.TestNGXML3" name="TestNG_Generate" time="14.241"/>
</testsuite> <!-- TestNGUtil.TestNGXML3 -->
