<?xml version="1.0" encoding="UTF-8"?>
<!-- Generated by org.testng.reporters.JUnitReportReporter -->
<testsuite hostname="NANI" failures="0" tests="3" name="Day_014_ParallelMethods.AllTests" time="197.257" errors="0" timestamp="2022-05-31T10:53:48 IST" skipped="0">
  <testcase classname="Day_014_ParallelMethods.AllTests" name="TC01_Test1" time="67.954"/>
  <system-out/>
  <testcase classname="Day_014_ParallelMethods.AllTests" name="OrangeHRM" time="70.477"/>
  <system-out/>
  <testcase classname="Day_014_ParallelMethods.AllTests" name="Mercury" time="58.826"/>
  <system-out/>
</testsuite> <!-- Day_014_ParallelMethods.AllTests -->
