<?xml version="1.0" encoding="UTF-8"?>
<!-- Generated by org.testng.reporters.JUnitReportReporter -->
<testsuite hostname="DESKTOP-VL2N6EH" failures="0" tests="1" name="Day_42_Method_Overriding1.Student" time="0.017" errors="0" timestamp="2020-03-01T04:48:34 IST" skipped="0">
  <testcase classname="Day_42_Method_Overriding1.Student" name="Test1" time="0.017"/>
</testsuite> <!-- Day_42_Method_Overriding1.Student -->
