<?xml version="1.0" encoding="UTF-8"?>
<!-- Generated by org.testng.reporters.JUnitReportReporter -->
<testsuite hostname="Sudhakar-PC" failures="0" tests="1" name="Employee.ExportEmployees" time="151.973" errors="0" timestamp="28 Apr 2019 02:32:26 GMT" skipped="0">
  <testcase classname="Employee.ExportEmployees" name="ExportAllEmployees" time="151.973"/>
</testsuite> <!-- Employee.ExportEmployees -->
