<?xml version="1.0" encoding="UTF-8"?>
<!-- Generated by org.testng.reporters.JUnitReportReporter -->
<testsuite hostname="Saryu-PC" failures="0" tests="1" name="First_Demo234.TC01_Login" time="15.848" errors="0" timestamp="28 Oct 2019 12:29:16 GMT" skipped="0">
  <testcase classname="First_Demo234.TC01_Login" name="Test1" time="15.848"/>
</testsuite> <!-- First_Demo234.TC01_Login -->
