<?xml version="1.0" encoding="UTF-8"?>
<!-- Generated by org.testng.reporters.JUnitReportReporter -->
<testsuite hostname="Sudhakar-PC" failures="0" tests="1" name="Frames.FrameByIndex" time="41.943" errors="0" timestamp="04 Oct 2019 00:09:50 GMT" skipped="0">
  <testcase classname="Frames.FrameByIndex" name="Login_Test" time="41.943"/>
</testsuite> <!-- Frames.FrameByIndex -->
