<?xml version="1.0" encoding="UTF-8"?>
<!-- Generated by org.testng.reporters.JUnitReportReporter -->
<testsuite hostname="admin-PC" failures="0" tests="1" name="Parallal.TestsExample2" time="70.395" errors="0" timestamp="28 Jul 2019 00:48:09 GMT" skipped="0">
  <testcase classname="Parallal.TestsExample2" name="Test3" time="70.395"/>
</testsuite> <!-- Parallal.TestsExample2 -->
