<?xml version="1.0" encoding="UTF-8"?>
<!-- Generated by org.testng.reporters.JUnitReportReporter -->
<testsuite hostname="NANI" failures="0" tests="1" name="Day_022_Action_class.TC01_Action_single_user_interaction_action" time="13.725" errors="0" timestamp="2022-05-19T10:53:33 IST" skipped="0">
  <testcase classname="Day_022_Action_class.TC01_Action_single_user_interaction_action" name="Login_Test" time="13.725"/>
  <system-out/>
</testsuite> <!-- Day_022_Action_class.TC01_Action_single_user_interaction_action -->
