<?xml version="1.0" encoding="UTF-8"?>
<!-- Generated by org.testng.reporters.JUnitReportReporter -->
<testsuite hostname="NANI" failures="0" tests="1" name="practice1.email_reporter" time="23.297" errors="0" timestamp="2022-05-25T19:41:49 IST" skipped="0">
  <testcase classname="practice1.email_reporter" name="Test1" time="23.297"/>
  <system-out>
    <![CDATA[Pass- open Orangehrm
Pass- Enter User Name
Pass- Enter Password
Pass- Click on Signin
Pass- Click on Signin
Pass- Click on Signin
Pass- Click on Signin
Pass- Click on Signin
Pass- enter on Skill
Pass- Enter on Skill1
Pass- enter on sales
Pass- Click on Signin]]>
  </system-out>
</testsuite> <!-- practice1.email_reporter -->
