<?xml version="1.0" encoding="UTF-8"?>
<!-- Generated by org.testng.reporters.JUnitReportReporter -->
<testsuite hostname="Saryu-PC" failures="0" tests="1" name="Day_022_Action_class.TC01_Mouse_Hover_Action2" time="18.563" errors="0" timestamp="2019-11-11T16:44:38 IST" skipped="0">
  <testcase classname="Day_022_Action_class.TC01_Mouse_Hover_Action2" name="Login_Test" time="18.563"/>
</testsuite> <!-- Day_022_Action_class.TC01_Mouse_Hover_Action2 -->
