<?xml version="1.0" encoding="UTF-8"?>
<!-- Generated by org.testng.reporters.JUnitReportReporter -->
<testsuite hostname="admin-PC" failures="0" tests="4" name="Vamsi.BrowserTesting_DataProvider_location" time="60.551" errors="0" timestamp="04 Aug 2019 13:30:18 GMT" skipped="0">
  <testcase classname="Vamsi.BrowserTesting_DataProvider_location" name="Test3" time="30.652"/>
  <testcase classname="Vamsi.BrowserTesting_DataProvider_location" name="Test3" time="10.005"/>
  <testcase classname="Vamsi.BrowserTesting_DataProvider_location" name="Test3" time="9.530"/>
  <testcase classname="Vamsi.BrowserTesting_DataProvider_location" name="Test3" time="10.364"/>
</testsuite> <!-- Vamsi.BrowserTesting_DataProvider_location -->
