<?xml version="1.0" encoding="UTF-8"?>
<!-- Generated by org.testng.reporters.JUnitReportReporter -->
<testsuite hostname="NANI" failures="0" tests="1" name="Day_024_Advanced_Xpaths.TC005_Contains" time="18.356" errors="0" timestamp="2022-06-07T21:22:23 IST" skipped="0">
  <testcase classname="Day_024_Advanced_Xpaths.TC005_Contains" name="Test1" time="18.356"/>
  <system-out/>
</testsuite> <!-- Day_024_Advanced_Xpaths.TC005_Contains -->
