<?xml version="1.0" encoding="UTF-8"?>
<!-- Generated by org.testng.reporters.JUnitReportReporter -->
<testsuite hostname="DESKTOP-BDCU2EV" failures="0" tests="1" name="Day_37_BrokenLinks.BrokenLinks" time="11.096" errors="0" timestamp="2022-04-30T09:32:47 IST" skipped="0">
  <testcase classname="Day_37_BrokenLinks.BrokenLinks" name="Open_OrangeHRM" time="11.096"/>
  <system-out/>
</testsuite> <!-- Day_37_BrokenLinks.BrokenLinks -->
