<?xml version="1.0" encoding="UTF-8"?>
<!-- Generated by org.testng.reporters.JUnitReportReporter -->
<testsuite hostname="NANI" failures="0" tests="2" name="Day_034_TestNG_Listeners.TestCases" time="11.085" errors="0" timestamp="2022-06-20T12:24:10 IST" skipped="0">
  <testcase classname="Day_034_TestNG_Listeners.TestCases" name="Test2" time="0.038"/>
  <system-out>
    <![CDATA[The name of the testcase Passed is :Test2]]>
  </system-out>
  <testcase classname="Day_034_TestNG_Listeners.TestCases" name="Test1" time="11.047"/>
  <system-out>
    <![CDATA[The name of the testcase Passed is :Test1]]>
  </system-out>
</testsuite> <!-- Day_034_TestNG_Listeners.TestCases -->
