<?xml version="1.0" encoding="UTF-8"?>
<!-- Generated by org.testng.reporters.JUnitReportReporter -->
<testsuite hostname="NANI" failures="0" tests="1" name="ABC_Demo123.TC01_Add_jobs" time="43.251" errors="0" timestamp="2022-05-13T14:49:36 IST" skipped="0">
  <testcase classname="ABC_Demo123.TC01_Add_jobs" name="JobsTest" time="43.251"/>
  <system-out/>
</testsuite> <!-- ABC_Demo123.TC01_Add_jobs -->
