<?xml version="1.0" encoding="UTF-8"?>
<!-- Generated by org.testng.reporters.JUnitReportReporter -->
<testsuite hostname="DESKTOP-BDCU2EV" failures="0" tests="1" name="Day_011_Katalon_Recorder.TC08" time="15.101" errors="0" timestamp="2022-03-02T10:29:30 IST" skipped="0">
  <testcase classname="Day_011_Katalon_Recorder.TC08" name="testUntitledTestCase" time="15.101"/>
  <system-out/>
</testsuite> <!-- Day_011_Katalon_Recorder.TC08 -->
