<?xml version="1.0" encoding="UTF-8"?>
<!-- Generated by org.testng.reporters.JUnitReportReporter -->
<testsuite hostname="DESKTOP-BDCU2EV" failures="0" tests="1" name="Feb5_2021.TC04_Login_NonStatic" time="21.334" errors="0" timestamp="2022-02-05T09:54:56 IST" skipped="0">
  <testcase classname="Feb5_2021.TC04_Login_NonStatic" name="Login_Test" time="21.334"/>
  <system-out/>
</testsuite> <!-- Feb5_2021.TC04_Login_NonStatic -->
