<?xml version="1.0" encoding="UTF-8"?>
<!-- Generated by org.testng.reporters.JUnitReportReporter -->
<testsuite hostname="Saryu-PC" failures="0" tests="2" name="Day_005_TestNG_DataProvider_Lab1.TC03_Login_Static_Paarameters" time="39.047" errors="0" timestamp="2019-11-15T06:18:26 IST" skipped="0">
  <testcase classname="Day_005_TestNG_DataProvider_Lab1.TC03_Login_Static_Paarameters" name="Login_Test" time="21.245"/>
  <testcase classname="Day_005_TestNG_DataProvider_Lab1.TC03_Login_Static_Paarameters" name="Login_Test" time="17.802"/>
</testsuite> <!-- Day_005_TestNG_DataProvider_Lab1.TC03_Login_Static_Paarameters -->
