<?xml version="1.0" encoding="UTF-8"?>
<!-- Generated by org.testng.reporters.JUnitReportReporter -->
<testsuite hostname="NANI" failures="0" tests="1" name="ABC_Demo17.TC02_Add_Jobs_Parameters_NonStatic" time="48.478" errors="0" timestamp="2022-05-27T10:35:30 IST" skipped="0">
  <testcase classname="ABC_Demo17.TC02_Add_Jobs_Parameters_NonStatic" name="jobsAddTest" time="48.478"/>
  <system-out/>
</testsuite> <!-- ABC_Demo17.TC02_Add_Jobs_Parameters_NonStatic -->
