<?xml version="1.0" encoding="UTF-8"?>
<!-- Generated by org.testng.reporters.JUnitReportReporter -->
<testsuite hostname="NANI" failures="0" tests="1" name="Day_016_MultipleSuites.MercuryTest" time="52.355" errors="0" timestamp="2022-06-09T17:37:31 IST" skipped="0">
  <testcase classname="Day_016_MultipleSuites.MercuryTest" name="Open_Mercury" time="52.355"/>
  <system-out/>
</testsuite> <!-- Day_016_MultipleSuites.MercuryTest -->
