<?xml version="1.0" encoding="UTF-8"?>
<!-- Generated by org.testng.reporters.JUnitReportReporter -->
<testsuite hostname="Sudhakar-PC" failures="0" tests="1" name="ParallelTests.MercuryTest" time="14.122" errors="0" timestamp="18 Sep 2019 15:12:12 GMT" skipped="0">
  <testcase classname="ParallelTests.MercuryTest" name="Open_Mercury" time="14.122"/>
</testsuite> <!-- ParallelTests.MercuryTest -->
