<?xml version="1.0" encoding="UTF-8"?>
<!-- Generated by org.testng.reporters.JUnitReportReporter -->
<testsuite hostname="NANI" failures="0" tests="1" name="ABC_Demo119.TC01_Add_Numbers" time="0.015" errors="0" timestamp="2022-06-13T19:37:09 IST" skipped="0">
  <testcase classname="ABC_Demo119.TC01_Add_Numbers" name="Test1" time="0.015"/>
  <system-out/>
</testsuite> <!-- ABC_Demo119.TC01_Add_Numbers -->
