<?xml version="1.0" encoding="UTF-8"?>
<!-- Generated by org.testng.reporters.JUnitReportReporter -->
<testsuite hostname="NANI" failures="0" tests="1" name="BasicLogin.NonStaticMethods" time="19.295" errors="0" timestamp="2022-05-15T10:43:02 IST" skipped="0">
  <testcase classname="BasicLogin.NonStaticMethods" name="CallallMethods" time="19.295"/>
  <system-out/>
</testsuite> <!-- BasicLogin.NonStaticMethods -->
