<?xml version="1.0" encoding="UTF-8"?>
<!-- Generated by org.testng.reporters.JUnitReportReporter -->
<testsuite hostname="Sudhakar-PC" failures="0" tests="1" name="First_Demo3.Test1" time="94.377" errors="0" timestamp="06 Oct 2019 09:36:56 GMT" skipped="0">
  <testcase classname="First_Demo3.Test1" name="Login" time="94.377"/>
</testsuite> <!-- First_Demo3.Test1 -->
