<?xml version="1.0" encoding="UTF-8"?>
<!-- Generated by org.testng.reporters.JUnitReportReporter -->
<testsuite hostname="DESKTOP-VL2N6EH" failures="0" tests="1" name="Abhishake_Demo_Feb29.TC01_Login_Static_Parameters" time="27.789" errors="0" timestamp="2020-02-29T12:34:08 IST" skipped="0">
  <testcase classname="Abhishake_Demo_Feb29.TC01_Login_Static_Parameters" name="logintest" time="27.789"/>
</testsuite> <!-- Abhishake_Demo_Feb29.TC01_Login_Static_Parameters -->
