<?xml version="1.0" encoding="UTF-8"?>
<!-- Generated by org.testng.reporters.JUnitReportReporter -->
<testsuite hostname="NANI" failures="0" tests="1" name="Day_025_ExcelUtil_Apache_POI.TC05_Excel_Test_xlsx" time="58.538" errors="0" timestamp="2022-06-13T11:45:47 IST" skipped="0">
  <testcase classname="Day_025_ExcelUtil_Apache_POI.TC05_Excel_Test_xlsx" name="hello" time="58.538"/>
  <system-out/>
</testsuite> <!-- Day_025_ExcelUtil_Apache_POI.TC05_Excel_Test_xlsx -->
