<?xml version="1.0" encoding="UTF-8"?>
<!-- Generated by org.testng.reporters.JUnitReportReporter -->
<testsuite hostname="Sudhakar-PC" failures="0" tests="1" name="First_Demo.TC01_Login2" time="37.944" errors="0" timestamp="2019-10-15T05:52:20 IST" skipped="0">
  <testcase classname="First_Demo.TC01_Login2" name="login_test" time="37.944"/>
</testsuite> <!-- First_Demo.TC01_Login2 -->
