<?xml version="1.0" encoding="UTF-8"?>
<!-- Generated by org.testng.reporters.JUnitReportReporter -->
<testsuite hostname="Sudhakar-PC" failures="0" tests="1" name="RestAssured3.SoapRequest8" time="3.668" errors="0" timestamp="14 May 2019 00:23:43 GMT" skipped="0">
  <testcase classname="RestAssured3.SoapRequest8" name="listCountries" time="3.668"/>
</testsuite> <!-- RestAssured3.SoapRequest8 -->
