<?xml version="1.0" encoding="UTF-8"?>
<!-- Generated by org.testng.reporters.JUnitReportReporter -->
<testsuite hostname="NANI" failures="0" tests="1" name="Day_005_TestNG_DataProvider_Lab1.Skills" time="11.801" errors="0" timestamp="2022-05-29T15:34:55 IST" skipped="0">
  <testcase classname="Day_005_TestNG_DataProvider_Lab1.Skills" name="Test1" time="11.801"/>
  <system-out/>
</testsuite> <!-- Day_005_TestNG_DataProvider_Lab1.Skills -->
