<?xml version="1.0" encoding="UTF-8"?>
<!-- Generated by org.testng.reporters.JUnitReportReporter -->
<testsuite hostname="DESKTOP-VL2N6EH" failures="0" tests="2" name="Abhishake_Demo_Feb29.TC01_Login_Static_Parameters_Day6" time="83.914" errors="0" timestamp="2020-02-29T12:58:54 IST" skipped="0">
  <testcase classname="Abhishake_Demo_Feb29.TC01_Login_Static_Parameters_Day6" name="logintest" time="42.826"/>
  <testcase classname="Abhishake_Demo_Feb29.TC01_Login_Static_Parameters_Day6" name="logintest" time="41.088"/>
</testsuite> <!-- Abhishake_Demo_Feb29.TC01_Login_Static_Parameters_Day6 -->
