<?xml version="1.0" encoding="UTF-8"?>
<!-- Generated by org.testng.reporters.JUnitReportReporter -->
<testsuite hostname="NANI" failures="0" tests="1" name="Day_023_File_Upload_Download.TC04_FileDownLoad" time="85.963" errors="0" timestamp="2022-06-08T07:15:44 IST" skipped="0">
  <testcase classname="Day_023_File_Upload_Download.TC04_FileDownLoad" name="File_Download" time="85.963"/>
  <system-out/>
</testsuite> <!-- Day_023_File_Upload_Download.TC04_FileDownLoad -->
