<?xml version="1.0" encoding="UTF-8"?>
<!-- Generated by org.testng.reporters.JUnitReportReporter -->
<testsuite hostname="Saryu-PC" failures="0" tests="1" name="Day_002_Java.TC01_Add_Nationa" time="25.578" errors="0" timestamp="26 Oct 2019 14:03:13 GMT" skipped="0">
  <testcase classname="Day_002_Java.TC01_Add_Nationa" name="test1" time="25.578"/>
</testsuite> <!-- Day_002_Java.TC01_Add_Nationa -->
