<?xml version="1.0" encoding="UTF-8"?>
<!-- Generated by org.testng.reporters.JUnitReportReporter -->
<testsuite hostname="NANI" failures="0" tests="2" name="Day_007_TestNG_DataProvider_Lab3.TC02_Login_Static_Paarameters" time="79.361" errors="0" timestamp="2022-06-13T14:53:31 IST" skipped="0">
  <testcase classname="Day_007_TestNG_DataProvider_Lab3.TC02_Login_Static_Paarameters" name="Login_Test" time="44.278"/>
  <system-out/>
  <testcase classname="Day_007_TestNG_DataProvider_Lab3.TC02_Login_Static_Paarameters" name="Login_Test" time="35.083"/>
  <system-out/>
</testsuite> <!-- Day_007_TestNG_DataProvider_Lab3.TC02_Login_Static_Paarameters -->
