<?xml version="1.0" encoding="UTF-8"?>
<!-- Generated by org.testng.reporters.JUnitReportReporter -->
<testsuite hostname="Saryu-PC" failures="0" tests="1" name="Day_024_Advanced_Xpaths.TC010_Following_Siblings2" time="15.227" errors="0" timestamp="07 Nov 2019 14:19:19 GMT" skipped="0">
  <testcase classname="Day_024_Advanced_Xpaths.TC010_Following_Siblings2" name="Test1" time="15.227"/>
</testsuite> <!-- Day_024_Advanced_Xpaths.TC010_Following_Siblings2 -->
