<?xml version="1.0" encoding="UTF-8"?>
<!-- Generated by org.testng.reporters.JUnitReportReporter -->
<testsuite hostname="Saryu-PC" failures="0" tests="1" name="Day_002_Java.TC01_Login1" time="11.825" errors="0" timestamp="2019-11-13T04:09:15 IST" skipped="0">
  <testcase classname="Day_002_Java.TC01_Login1" name="Login_Test" time="11.825"/>
</testsuite> <!-- Day_002_Java.TC01_Login1 -->
