<?xml version="1.0" encoding="UTF-8"?>
<!-- Generated by org.testng.reporters.JUnitReportReporter -->
<testsuite hostname="DESKTOP-BDCU2EV" failures="0" tests="1" name="Day_020_Multiple_Windows.TC01_Open_Three_Tabs" time="9.647" errors="0" timestamp="2022-04-30T09:50:35 IST" skipped="0">
  <testcase classname="Day_020_Multiple_Windows.TC01_Open_Three_Tabs" name="Login_Test" time="9.647"/>
  <system-out/>
</testsuite> <!-- Day_020_Multiple_Windows.TC01_Open_Three_Tabs -->
