<?xml version="1.0" encoding="UTF-8"?>
<!-- Generated by org.testng.reporters.JUnitReportReporter -->
<testsuite hostname="NANI" failures="0" tests="1" name="Day_016_ParallelClasses.MercuryTest" time="14.687" errors="0" timestamp="2022-05-30T11:43:58 IST" skipped="0">
  <testcase classname="Day_016_ParallelClasses.MercuryTest" name="Open_Mercury" time="14.687"/>
  <system-out/>
</testsuite> <!-- Day_016_ParallelClasses.MercuryTest -->
