<?xml version="1.0" encoding="UTF-8"?>
<!-- Generated by org.testng.reporters.JUnitReportReporter -->
<testsuite hostname="NANI" failures="0" tests="1" name="Day_001_Demo.TC07_IE_Test" time="1.018" errors="1" timestamp="2022-06-13T11:22:11 IST" skipped="0">
  <testcase classname="Day_001_Demo.TC07_IE_Test" name="Login_Test" time="1.018">
    <error message="java.net.UnknownHostException: selenium-release.storage.googleapis.com" type="io.github.bonigarcia.wdm.WebDriverManagerException">
      <![CDATA[io.github.bonigarcia.wdm.WebDriverManagerException: java.net.UnknownHostException: selenium-release.storage.googleapis.com
at io.github.bonigarcia.wdm.WebDriverManager.handleException(WebDriverManager.java:723)
at io.github.bonigarcia.wdm.WebDriverManager.manage(WebDriverManager.java:548)
at io.github.bonigarcia.wdm.WebDriverManager.handleException(WebDriverManager.java:720)
at io.github.bonigarcia.wdm.WebDriverManager.manage(WebDriverManager.java:548)
at io.github.bonigarcia.wdm.WebDriverManager.setup(WebDriverManager.java:260)
at Day_001_Demo.TC07_IE_Test.Login_Test(TC07_IE_Test.java:21)
at java.base/jdk.internal.reflect.NativeMethodAccessorImpl.invoke0(Native Method)
at java.base/jdk.internal.reflect.NativeMethodAccessorImpl.invoke(NativeMethodAccessorImpl.java:77)
at java.base/jdk.internal.reflect.DelegatingMethodAccessorImpl.invoke(DelegatingMethodAccessorImpl.java:43)
at java.base/java.lang.reflect.Method.invoke(Method.java:568)
at org.testng.internal.MethodInvocationHelper.invokeMethod(MethodInvocationHelper.java:133)
at org.testng.internal.TestInvoker.invokeMethod(TestInvoker.java:598)
at org.testng.internal.TestInvoker.invokeTestMethod(TestInvoker.java:173)
at org.testng.internal.MethodRunner.runInSequence(MethodRunner.java:46)
at org.testng.internal.TestInvoker$MethodInvocationAgent.invoke(TestInvoker.java:824)
at org.testng.internal.TestInvoker.invokeTestMethods(TestInvoker.java:146)
at org.testng.internal.TestMethodWorker.invokeTestMethods(TestMethodWorker.java:146)
at org.testng.internal.TestMethodWorker.run(TestMethodWorker.java:128)
at java.base/java.util.ArrayList.forEach(ArrayList.java:1511)
at org.testng.TestRunner.privateRun(TestRunner.java:794)
at org.testng.TestRunner.run(TestRunner.java:596)
at org.testng.SuiteRunner.runTest(SuiteRunner.java:377)
at org.testng.SuiteRunner.runSequentially(SuiteRunner.java:371)
at org.testng.SuiteRunner.privateRun(SuiteRunner.java:332)
at org.testng.SuiteRunner.run(SuiteRunner.java:276)
at org.testng.SuiteRunnerWorker.runSuite(SuiteRunnerWorker.java:53)
at org.testng.SuiteRunnerWorker.run(SuiteRunnerWorker.java:96)
at org.testng.TestNG.runSuitesSequentially(TestNG.java:1212)
at org.testng.TestNG.runSuitesLocally(TestNG.java:1134)
at org.testng.TestNG.runSuites(TestNG.java:1063)
at org.testng.TestNG.run(TestNG.java:1031)
at org.testng.remote.AbstractRemoteTestNG.run(AbstractRemoteTestNG.java:115)
at org.testng.remote.RemoteTestNG.initAndRun(RemoteTestNG.java:251)
at org.testng.remote.RemoteTestNG.main(RemoteTestNG.java:77)
Caused by: java.net.UnknownHostException: selenium-release.storage.googleapis.com
at java.base/java.net.InetAddress$CachedAddresses.get(InetAddress.java:801)
at java.base/java.net.InetAddress.getAllByName0(InetAddress.java:1509)
at java.base/java.net.InetAddress.getAllByName(InetAddress.java:1367)
at java.base/java.net.InetAddress.getAllByName(InetAddress.java:1301)
at org.apache.http.impl.conn.SystemDefaultDnsResolver.resolve(SystemDefaultDnsResolver.java:45)
at org.apache.http.impl.conn.DefaultHttpClientConnectionOperator.connect(DefaultHttpClientConnectionOperator.java:112)
at org.apache.http.impl.conn.PoolingHttpClientConnectionManager.connect(PoolingHttpClientConnectionManager.java:359)
at org.apache.http.impl.execchain.MainClientExec.establishRoute(MainClientExec.java:381)
at org.apache.http.impl.execchain.MainClientExec.execute(MainClientExec.java:237)
at org.apache.http.impl.execchain.ProtocolExec.execute(ProtocolExec.java:185)
at org.apache.http.impl.execchain.RetryExec.execute(RetryExec.java:89)
at org.apache.http.impl.execchain.RedirectExec.execute(RedirectExec.java:111)
at org.apache.http.impl.client.InternalHttpClient.doExecute(InternalHttpClient.java:185)
at org.apache.http.impl.client.CloseableHttpClient.execute(CloseableHttpClient.java:83)
at org.apache.http.impl.client.CloseableHttpClient.execute(CloseableHttpClient.java:108)
at io.github.bonigarcia.wdm.HttpClient.execute(HttpClient.java:159)
at io.github.bonigarcia.wdm.WebDriverManager.getDriversFromXml(WebDriverManager.java:1017)
at io.github.bonigarcia.wdm.InternetExplorerDriverManager.getDrivers(InternetExplorerDriverManager.java:77)
at io.github.bonigarcia.wdm.WebDriverManager.filterCandidateUrls(WebDriverManager.java:739)
at io.github.bonigarcia.wdm.WebDriverManager.manage(WebDriverManager.java:534)
... 32 more
]]>
    </error>
  </testcase> <!-- Login_Test -->
  <system-out/>
</testsuite> <!-- Day_001_Demo.TC07_IE_Test -->
