<?xml version="1.0" encoding="UTF-8"?>
<!-- Generated by org.testng.reporters.JUnitReportReporter -->
<testsuite hostname="NANI" failures="0" tests="1" name="Day_011_Katalon_Recorder.NewTest" time="24.348" errors="0" timestamp="2022-05-29T15:36:31 IST" skipped="0">
  <testcase classname="Day_011_Katalon_Recorder.NewTest" name="f" time="24.348"/>
  <system-out/>
</testsuite> <!-- Day_011_Katalon_Recorder.NewTest -->
