<?xml version="1.0" encoding="UTF-8"?>
<!-- Generated by org.testng.reporters.JUnitReportReporter -->
<testsuite hostname="Saryu-PC" failures="0" tests="1" name="Day_023_File_Upload_Download.TC01_AddPhoto_Existing_Employee" time="60.723" errors="0" timestamp="2019-11-09T13:39:51 IST" skipped="0">
  <testcase classname="Day_023_File_Upload_Download.TC01_AddPhoto_Existing_Employee" name="AddEmployee_call_allmethods" time="60.723"/>
</testsuite> <!-- Day_023_File_Upload_Download.TC01_AddPhoto_Existing_Employee -->
