<?xml version="1.0" encoding="UTF-8"?>
<!-- Generated by org.testng.reporters.JUnitReportReporter -->
<testsuite hostname="NANI" failures="0" tests="1" name="Day_003_Locators.TC03_xpath" time="24.918" errors="0" timestamp="2022-05-15T19:07:53 IST" skipped="0">
  <testcase classname="Day_003_Locators.TC03_xpath" name="Test2" time="24.918"/>
  <system-out/>
</testsuite> <!-- Day_003_Locators.TC03_xpath -->
