<?xml version="1.0" encoding="UTF-8"?>
<!-- Generated by org.testng.reporters.JUnitReportReporter -->
<testsuite hostname="NANI" failures="0" tests="1" name="Day_029_PageObjectModel1.TC01_Add_Skills" time="0.000" errors="0" timestamp="2022-06-03T16:55:59 IST" skipped="1">
  <testcase classname="Day_029_PageObjectModel1.TC01_Add_Skills" name="Test3" time="0.000">
    <skipped/>
  </testcase> <!-- Test3 -->
  <system-out/>
</testsuite> <!-- Day_029_PageObjectModel1.TC01_Add_Skills -->
