<?xml version="1.0" encoding="UTF-8"?>
<!-- Generated by org.testng.reporters.JUnitReportReporter -->
<testsuite hostname="DESKTOP-BDCU2EV" failures="0" tests="1" name="ABC_Demo17.TC02_Add_Skills_Static" time="15.991" errors="0" timestamp="2022-03-15T09:30:05 IST" skipped="0">
  <testcase classname="ABC_Demo17.TC02_Add_Skills_Static" name="SkillsTest" time="15.991"/>
  <system-out/>
</testsuite> <!-- ABC_Demo17.TC02_Add_Skills_Static -->
