<?xml version="1.0" encoding="UTF-8"?>
<!-- Generated by org.testng.reporters.JUnitReportReporter -->
<testsuite hostname="NANI" failures="0" tests="3" name="Day_007_TestNG_DataProvider_Lab3.Dataprovider_with_parameters" time="51.260" errors="0" timestamp="2022-05-27T10:56:30 IST" skipped="0">
  <testcase classname="Day_007_TestNG_DataProvider_Lab3.Dataprovider_with_parameters" name="SkillsTest" time="16.871"/>
  <system-out/>
  <testcase classname="Day_007_TestNG_DataProvider_Lab3.Dataprovider_with_parameters" name="SkillsTest" time="15.640"/>
  <system-out/>
  <testcase classname="Day_007_TestNG_DataProvider_Lab3.Dataprovider_with_parameters" name="SkillsTest" time="18.749"/>
  <system-out/>
</testsuite> <!-- Day_007_TestNG_DataProvider_Lab3.Dataprovider_with_parameters -->
