<?xml version="1.0" encoding="UTF-8"?>
<!-- Generated by org.testng.reporters.JUnitReportReporter -->
<testsuite hostname="NANI" failures="0" tests="6" name="Day_017_Priorities_Test.TC01_Priority_Order" time="41.612" errors="0" timestamp="2022-06-17T12:04:06 IST" skipped="0">
  <testcase classname="Day_017_Priorities_Test.TC01_Priority_Order" name="Test1_OpenChromeBrowser" time="2.809"/>
  <system-out/>
  <testcase classname="Day_017_Priorities_Test.TC01_Priority_Order" name="Test2_OpenOrangeHRM" time="14.416"/>
  <system-out/>
  <testcase classname="Day_017_Priorities_Test.TC01_Priority_Order" name="Test3_Login" time="15.603"/>
  <system-out/>
  <testcase classname="Day_017_Priorities_Test.TC01_Priority_Order" name="Test4_Addnatialities" time="6.341"/>
  <system-out/>
  <testcase classname="Day_017_Priorities_Test.TC01_Priority_Order" name="Test5_Logout" time="2.254"/>
  <system-out/>
  <testcase classname="Day_017_Priorities_Test.TC01_Priority_Order" name="Test6_closebrowser" time="0.189"/>
  <system-out/>
</testsuite> <!-- Day_017_Priorities_Test.TC01_Priority_Order -->
