<?xml version="1.0" encoding="UTF-8"?>
<!-- Generated by org.testng.reporters.JUnitReportReporter -->
<testsuite hostname="DESKTOP-BDCU2EV" failures="0" tests="1" name="ABC_Demo17.TC02_Add_Jobs_Parameters" time="17.431" errors="0" timestamp="2022-03-15T09:37:56 IST" skipped="0">
  <testcase classname="ABC_Demo17.TC02_Add_Jobs_Parameters" name="jobsAddTest" time="17.431"/>
  <system-out/>
</testsuite> <!-- ABC_Demo17.TC02_Add_Jobs_Parameters -->
