<?xml version="1.0" encoding="UTF-8"?>
<!-- Generated by org.testng.reporters.JUnitReportReporter -->
<testsuite hostname="Saryu-PC" failures="0" tests="1" name="Day_024_Advanced_Xpaths.TC08_Child" time="13.398" errors="0" timestamp="18 Oct 2019 23:34:29 GMT" skipped="0">
  <testcase classname="Day_024_Advanced_Xpaths.TC08_Child" name="Test1" time="13.398"/>
</testsuite> <!-- Day_024_Advanced_Xpaths.TC08_Child -->
