<?xml version="1.0" encoding="UTF-8"?>
<!-- Generated by org.testng.reporters.JUnitReportReporter -->
<testsuite hostname="NANI" failures="0" tests="1" name="Day_031_FailedTestCases.MercuryTest" time="12.255" errors="0" timestamp="2022-05-30T12:34:41 IST" skipped="0">
  <testcase classname="Day_031_FailedTestCases.MercuryTest" name="Open_Mercury" time="12.255"/>
  <system-out/>
</testsuite> <!-- Day_031_FailedTestCases.MercuryTest -->
