<?xml version="1.0" encoding="UTF-8"?>
<!-- Generated by org.testng.reporters.JUnitReportReporter -->
<testsuite hostname="NANI" failures="0" tests="1" name="Day_021_Java_Script_Executer.TC02_Send_Keys" time="29.933" errors="0" timestamp="2022-05-31T12:59:09 IST" skipped="0">
  <testcase classname="Day_021_Java_Script_Executer.TC02_Send_Keys" name="Login" time="29.933"/>
  <system-out/>
</testsuite> <!-- Day_021_Java_Script_Executer.TC02_Send_Keys -->
