<?xml version="1.0" encoding="UTF-8"?>
<!-- Generated by org.testng.reporters.JUnitReportReporter -->
<testsuite hostname="NANI" failures="0" tests="1" name="practice1.alerts" time="28.347" errors="0" timestamp="2022-05-29T13:48:03 IST" skipped="0">
  <testcase classname="practice1.alerts" name="testWebAlert" time="28.347"/>
  <system-out/>
</testsuite> <!-- practice1.alerts -->
