<?xml version="1.0" encoding="UTF-8"?>
<!-- Generated by org.testng.reporters.JUnitReportReporter -->
<testsuite hostname="DESKTOP-VL2N6EH" failures="0" tests="1" name="Day_43_Smart_Search.TC015_ToolTip" time="21.689" errors="0" timestamp="2020-02-09T08:03:38 IST" skipped="0">
  <testcase classname="Day_43_Smart_Search.TC015_ToolTip" name="Test1" time="21.689"/>
</testsuite> <!-- Day_43_Smart_Search.TC015_ToolTip -->
