<?xml version="1.0" encoding="UTF-8"?>
<!-- Generated by org.testng.reporters.JUnitReportReporter -->
<testsuite hostname="admin-PC" failures="0" tests="1" name="TestNGUtil.TestNGMainClass5" time="56.088" errors="0" timestamp="15 Jul 2019 16:07:16 GMT" skipped="0">
  <testcase classname="TestNGUtil.TestNGMainClass5" name="TCMAIN" time="56.088"/>
</testsuite> <!-- TestNGUtil.TestNGMainClass5 -->
