<?xml version="1.0" encoding="UTF-8"?>
<!-- Generated by org.testng.reporters.JUnitReportReporter -->
<testsuite hostname="NANI" failures="0" tests="1" name="Day_033_TestNG_Annotations.NewTest" time="0.008" errors="0" timestamp="2022-06-15T13:09:17 IST" skipped="0">
  <testcase classname="Day_033_TestNG_Annotations.NewTest" name="MainTest" time="0.008"/>
  <system-out/>
</testsuite> <!-- Day_033_TestNG_Annotations.NewTest -->
