<?xml version="1.0" encoding="UTF-8"?>
<!-- Generated by org.testng.reporters.JUnitReportReporter -->
<testsuite hostname="DESKTOP-VL2N6EH" failures="0" tests="1" name="Day_025_ExcelUtil_Apache_POI.TC06_Excel_Test_xlsx" time="42.832" errors="0" timestamp="2020-02-29T10:40:03 IST" skipped="0">
  <testcase classname="Day_025_ExcelUtil_Apache_POI.TC06_Excel_Test_xlsx" name="hello" time="42.832"/>
</testsuite> <!-- Day_025_ExcelUtil_Apache_POI.TC06_Excel_Test_xlsx -->
