<?xml version="1.0" encoding="UTF-8"?>
<!-- Generated by org.testng.reporters.JUnitReportReporter -->
<testsuite hostname="Sudhakar-PC" failures="0" tests="1" name="First_Demo5.TC01_Login_Orange" time="95.069" errors="0" timestamp="11 Oct 2019 16:38:54 GMT" skipped="0">
  <testcase classname="First_Demo5.TC01_Login_Orange" name="Test1" time="95.069"/>
</testsuite> <!-- First_Demo5.TC01_Login_Orange -->
