<?xml version="1.0" encoding="UTF-8"?>
<!-- Generated by org.testng.reporters.JUnitReportReporter -->
<testsuite hostname="Saryu-PC" failures="0" tests="1" name="FirstDemo1.TC01_Login" time="9.952" errors="0" timestamp="2019-11-27T09:04:42 IST" skipped="0">
  <testcase classname="FirstDemo1.TC01_Login" name="Test1" time="9.952"/>
</testsuite> <!-- FirstDemo1.TC01_Login -->
