<?xml version="1.0" encoding="UTF-8"?>
<!-- Generated by org.testng.reporters.JUnitReportReporter -->
<testsuite hostname="NANI" failures="0" tests="1" name="sateeh.NewTest1Test" time="14.168" errors="0" timestamp="2022-05-24T13:39:24 IST" skipped="0">
  <testcase classname="sateeh.NewTest1Test" name="Login_Test" time="14.168"/>
  <system-out/>
</testsuite> <!-- sateeh.NewTest1Test -->
