<?xml version="1.0" encoding="UTF-8"?>
<!-- Generated by org.testng.reporters.JUnitReportReporter -->
<testsuite hostname="Sudhakar-PC" failures="0" tests="3" name="Nationality.Usermanage_Users" time="154.080" errors="0" timestamp="09 Jul 2019 07:52:24 GMT" skipped="0">
  <testcase classname="Nationality.Usermanage_Users" name="Usermanage_Users_call_allmethods" time="19.391"/>
  <testcase classname="Nationality.Usermanage_Users" name="Usermanage_Users_call_allmethods" time="116.973"/>
  <testcase classname="Nationality.Usermanage_Users" name="Usermanage_Users_call_allmethods" time="17.716"/>
</testsuite> <!-- Nationality.Usermanage_Users -->
