<?xml version="1.0" encoding="UTF-8"?>
<!-- Generated by org.testng.reporters.JUnitReportReporter -->
<testsuite hostname="NANI" failures="0" tests="1" name="ABC_Demo115.TC01_Login" time="36.441" errors="0" timestamp="2022-06-13T15:43:19 IST" skipped="0">
  <testcase classname="ABC_Demo115.TC01_Login" name="LoginTest" time="36.441"/>
  <system-out/>
</testsuite> <!-- ABC_Demo115.TC01_Login -->
