<?xml version="1.0" encoding="UTF-8"?>
<!-- Generated by org.testng.reporters.JUnitReportReporter -->
<testsuite hostname="DESKTOP-BDCU2EV" failures="0" tests="1" name="Day_023_File_Upload_Download.TC02_AddPhoto_Existing_Employee" time="24.065" errors="0" timestamp="2022-02-18T09:53:04 IST" skipped="0">
  <testcase classname="Day_023_File_Upload_Download.TC02_AddPhoto_Existing_Employee" name="AddEmployee_call_allmethods" time="24.065"/>
  <system-out/>
</testsuite> <!-- Day_023_File_Upload_Download.TC02_AddPhoto_Existing_Employee -->
