<?xml version="1.0" encoding="UTF-8"?>
<!-- Generated by org.testng.reporters.JUnitReportReporter -->
<testsuite hostname="NANI" failures="0" tests="2" name="ABC_Demo9.TC01_Login_Test_With_Methods" time="39.775" errors="0" timestamp="2022-05-27T13:02:01 IST" skipped="0">
  <testcase classname="ABC_Demo9.TC01_Login_Test_With_Methods" name="SkillsTest" time="22.402"/>
  <system-out/>
  <testcase classname="ABC_Demo9.TC01_Login_Test_With_Methods" name="SkillsTest" time="17.373"/>
  <system-out/>
</testsuite> <!-- ABC_Demo9.TC01_Login_Test_With_Methods -->
