<?xml version="1.0" encoding="UTF-8"?>
<!-- Generated by org.testng.reporters.JUnitReportReporter -->
<testsuite hostname="NANI" failures="0" tests="1" name="Day_022_Action_class.TC02_Double_Click" time="15.055" errors="0" timestamp="2022-05-19T10:56:19 IST" skipped="0">
  <testcase classname="Day_022_Action_class.TC02_Double_Click" name="Login_Test" time="15.055"/>
  <system-out/>
</testsuite> <!-- Day_022_Action_class.TC02_Double_Click -->
