<?xml version="1.0" encoding="UTF-8"?>
<!-- Generated by org.testng.reporters.JUnitReportReporter -->
<testsuite hostname="NANI" failures="0" tests="1" name="Day_001_Demo.TC02_GitHub_Chrome" time="290.497" errors="0" timestamp="2022-05-31T11:25:34 IST" skipped="0">
  <testcase classname="Day_001_Demo.TC02_GitHub_Chrome" name="login_test" time="290.497"/>
  <system-out/>
</testsuite> <!-- Day_001_Demo.TC02_GitHub_Chrome -->
