<?xml version="1.0" encoding="UTF-8"?>
<!-- Generated by org.testng.reporters.JUnitReportReporter -->
<testsuite hostname="DESKTOP-BDCU2EV" failures="0" tests="1" name="Login_Test.NewTest" time="8.068" errors="0" timestamp="2022-02-03T10:57:43 IST" skipped="0">
  <testcase classname="Login_Test.NewTest" name="LoginMethod" time="8.068"/>
  <system-out/>
</testsuite> <!-- Login_Test.NewTest -->
