<?xml version="1.0" encoding="UTF-8"?>
<!-- Generated by org.testng.reporters.JUnitReportReporter -->
<testsuite hostname="NANI" failures="0" tests="1" name="Day_008_Emailable_Report.TestExample" time="19.399" errors="0" timestamp="2022-05-25T11:43:26 IST" skipped="0">
  <testcase classname="Day_008_Emailable_Report.TestExample" name="Test1" time="19.399"/>
  <system-out>
    <![CDATA[Pass- open Orangehrm
Pass- Enter User Name
Pass- Enter Password
Pass- Click on Signin]]>
  </system-out>
</testsuite> <!-- Day_008_Emailable_Report.TestExample -->
