<?xml version="1.0" encoding="UTF-8"?>
<!-- Generated by org.testng.reporters.JUnitReportReporter -->
<testsuite hostname="DESKTOP-VL2N6EH" failures="0" tests="1" name="Day_025_ExcelUtil_Apache_POI.TC03_Excel_Test_xls" time="1.769" errors="0" timestamp="2020-02-29T10:15:31 IST" skipped="0">
  <testcase classname="Day_025_ExcelUtil_Apache_POI.TC03_Excel_Test_xls" name="hello" time="1.769"/>
</testsuite> <!-- Day_025_ExcelUtil_Apache_POI.TC03_Excel_Test_xls -->
