<?xml version="1.0" encoding="UTF-8"?>
<!-- Generated by org.testng.reporters.JUnitReportReporter -->
<testsuite hostname="DESKTOP-VL2N6EH" failures="0" tests="2" name="Day_42_Method_Overriding.TC01_Test" time="32.736" errors="0" timestamp="2020-02-09T06:08:41 IST" skipped="0">
  <testcase classname="Day_42_Method_Overriding.TC01_Test" name="Test2" time="16.356"/>
  <testcase classname="Day_42_Method_Overriding.TC01_Test" name="Test1" time="16.380"/>
</testsuite> <!-- Day_42_Method_Overriding.TC01_Test -->
