<?xml version="1.0" encoding="UTF-8"?>
<!-- Generated by org.testng.reporters.JUnitReportReporter -->
<testsuite hostname="NANI" failures="0" tests="1" name="Day_020_Multiple_Windows.TC01_Open_New_Tab" time="15.238" errors="0" timestamp="2022-05-25T16:21:58 IST" skipped="0">
  <testcase classname="Day_020_Multiple_Windows.TC01_Open_New_Tab" name="Login_Test" time="15.238"/>
  <system-out/>
</testsuite> <!-- Day_020_Multiple_Windows.TC01_Open_New_Tab -->
