<?xml version="1.0" encoding="UTF-8"?>
<!-- Generated by org.testng.reporters.JUnitReportReporter -->
<testsuite hostname="DESKTOP-BDCU2EV" failures="0" tests="2" name="Day_31Jan2022.TC01_Add_Skills_Excel2" time="29.454" errors="0" timestamp="2022-02-28T13:02:42 IST" skipped="0">
  <testcase classname="Day_31Jan2022.TC01_Add_Skills_Excel2" name="SkillsTest" time="10.426"/>
  <system-out/>
  <testcase classname="Day_31Jan2022.TC01_Add_Skills_Excel2" name="SkillsTest" time="19.028"/>
  <system-out/>
</testsuite> <!-- Day_31Jan2022.TC01_Add_Skills_Excel2 -->
