<?xml version="1.0" encoding="UTF-8"?>
<!-- Generated by org.testng.reporters.JUnitReportReporter -->
<testsuite hostname="DESKTOP-VL2N6EH" failures="0" tests="1" name="Day_018_Waits.TC02_Fluent_Wait" time="17.427" errors="0" timestamp="2020-01-27T20:57:26 IST" skipped="0">
  <testcase classname="Day_018_Waits.TC02_Fluent_Wait" name="Login_Test1" time="17.427"/>
</testsuite> <!-- Day_018_Waits.TC02_Fluent_Wait -->
