<?xml version="1.0" encoding="UTF-8"?>
<!-- Generated by org.testng.reporters.JUnitReportReporter -->
<testsuite hostname="DESKTOP-BDCU2EV" failures="0" tests="1" name="ABC_Demo116.TC01_Login" time="14.203" errors="0" timestamp="2022-03-17T10:07:46 IST" skipped="0">
  <testcase classname="ABC_Demo116.TC01_Login" name="LoginTest" time="14.203"/>
  <system-out/>
</testsuite> <!-- ABC_Demo116.TC01_Login -->
