<?xml version="1.0" encoding="UTF-8"?>
<!-- Generated by org.testng.reporters.JUnitReportReporter -->
<testsuite hostname="NANI" failures="0" tests="1" name="DAY045_CSS_Selectors.TC01_ID" time="17.387" errors="0" timestamp="2022-06-08T08:02:03 IST" skipped="0">
  <testcase classname="DAY045_CSS_Selectors.TC01_ID" name="Test2" time="17.387"/>
  <system-out/>
</testsuite> <!-- DAY045_CSS_Selectors.TC01_ID -->
