<?xml version="1.0" encoding="UTF-8"?>
<!-- Generated by org.testng.reporters.JUnitReportReporter -->
<testsuite hostname="Sudhakar-PC" failures="0" tests="1" name="First_Demo1.TC01_Test" time="31.227" errors="0" timestamp="21 Sep 2019 06:33:36 GMT" skipped="0">
  <testcase classname="First_Demo1.TC01_Test" name="TC01Login" time="31.227"/>
</testsuite> <!-- First_Demo1.TC01_Test -->
