<?xml version="1.0" encoding="UTF-8"?>
<!-- Generated by org.testng.reporters.JUnitReportReporter -->
<testsuite hostname="admin-PC" failures="0" tests="1" name="StaticMethods_Example.Test_StaticMethods" time="146.757" errors="0" timestamp="30 Aug 2019 22:22:12 GMT" skipped="0">
  <testcase classname="StaticMethods_Example.Test_StaticMethods" name="TC01_Add_Nationalitiess" time="146.757"/>
</testsuite> <!-- StaticMethods_Example.Test_StaticMethods -->
