<?xml version="1.0" encoding="UTF-8"?>
<!-- Generated by org.testng.reporters.JUnitReportReporter -->
<testsuite hostname="NANI" failures="0" tests="1" name="practice1.Dataproviderwithexcelfile" time="0.000" errors="0" timestamp="2022-06-15T15:18:03 IST" skipped="1">
  <testcase classname="practice1.Dataproviderwithexcelfile" name="SkillsTest" time="0.000">
    <skipped/>
  </testcase> <!-- SkillsTest -->
  <system-out/>
</testsuite> <!-- practice1.Dataproviderwithexcelfile -->
