<?xml version="1.0" encoding="UTF-8"?>
<!-- Generated by org.testng.reporters.JUnitReportReporter -->
<testsuite hostname="DESKTOP-BDCU2EV" failures="0" tests="3" name="Feb5_2021.TC04_Login_DataProvider" time="61.656" errors="0" timestamp="2022-02-05T10:14:04 IST" skipped="0">
  <testcase classname="Feb5_2021.TC04_Login_DataProvider" name="Login_Test" time="20.951"/>
  <system-out/>
  <testcase classname="Feb5_2021.TC04_Login_DataProvider" name="Login_Test" time="20.682"/>
  <system-out/>
  <testcase classname="Feb5_2021.TC04_Login_DataProvider" name="Login_Test" time="20.023"/>
  <system-out/>
</testsuite> <!-- Feb5_2021.TC04_Login_DataProvider -->
