<?xml version="1.0" encoding="UTF-8"?>
<!-- Generated by org.testng.reporters.JUnitReportReporter -->
<testsuite hostname="NANI" failures="0" tests="4" name="ABC_DataProvider.TC01_Add_Skills4" time="95.578" errors="0" timestamp="2022-05-29T14:42:42 IST" skipped="0">
  <testcase classname="ABC_DataProvider.TC01_Add_Skills4" name="SkillsTest" time="18.702"/>
  <system-out/>
  <testcase classname="ABC_DataProvider.TC01_Add_Skills4" name="SkillsTest" time="24.423"/>
  <system-out/>
  <testcase classname="ABC_DataProvider.TC01_Add_Skills4" name="SkillsTest" time="26.683"/>
  <system-out/>
  <testcase classname="ABC_DataProvider.TC01_Add_Skills4" name="SkillsTest" time="25.770"/>
  <system-out/>
</testsuite> <!-- ABC_DataProvider.TC01_Add_Skills4 -->
