<?xml version="1.0" encoding="UTF-8"?>
<!-- Generated by org.testng.reporters.JUnitReportReporter -->
<testsuite hostname="DESKTOP-VL2N6EH" failures="0" tests="1" name="ABC_Demo5.TC01_Login" time="15.250" errors="0" timestamp="2020-02-05T20:32:43 IST" skipped="0">
  <testcase classname="ABC_Demo5.TC01_Login" name="loginTest" time="15.250"/>
</testsuite> <!-- ABC_Demo5.TC01_Login -->
