<?xml version="1.0" encoding="UTF-8"?>
<!-- Generated by org.testng.reporters.JUnitReportReporter -->
<testsuite hostname="NANI" failures="0" tests="1" name="Day_39_Date_Time_Picker.Timepicker" time="31.572" errors="0" timestamp="2022-06-18T00:18:15 IST" skipped="0">
  <testcase classname="Day_39_Date_Time_Picker.Timepicker" name="f" time="31.572"/>
  <system-out/>
</testsuite> <!-- Day_39_Date_Time_Picker.Timepicker -->
