<?xml version="1.0" encoding="UTF-8"?>
<!-- Generated by org.testng.reporters.JUnitReportReporter -->
<testsuite hostname="DESKTOP-BDCU2EV" failures="0" tests="1" name="Day_026_TakeScreenShot.Test6" time="24.537" errors="0" timestamp="2022-03-02T09:55:06 IST" skipped="0">
  <testcase classname="Day_026_TakeScreenShot.Test6" name="AddNationalitiess" time="24.537"/>
  <system-out/>
</testsuite> <!-- Day_026_TakeScreenShot.Test6 -->
