<?xml version="1.0" encoding="UTF-8"?>
<!-- Generated by org.testng.reporters.JUnitReportReporter -->
<testsuite hostname="NANI" failures="0" tests="1" name="Day_003_Locators.TC04_linkText" time="40.108" errors="0" timestamp="2022-05-15T19:11:43 IST" skipped="0">
  <testcase classname="Day_003_Locators.TC04_linkText" name="testTC02" time="40.108"/>
  <system-out/>
</testsuite> <!-- Day_003_Locators.TC04_linkText -->
