<?xml version="1.0" encoding="UTF-8"?>
<!-- Generated by org.testng.reporters.JUnitReportReporter -->
<testsuite hostname="DESKTOP-VL2N6EH" failures="0" tests="1" name="ABC_Demo9.TC01_Login_Test" time="18.267" errors="0" timestamp="2020-02-23T12:40:14 IST" skipped="0">
  <testcase classname="ABC_Demo9.TC01_Login_Test" name="Login_Test1" time="18.267"/>
</testsuite> <!-- ABC_Demo9.TC01_Login_Test -->
