<?xml version="1.0" encoding="UTF-8"?>
<!-- Generated by org.testng.reporters.JUnitReportReporter -->
<testsuite hostname="Saryu-PC" failures="0" tests="1" name="Day_003_Locators.TC01_cssSelector" time="21.395" errors="0" timestamp="2019-12-17T01:05:28 IST" skipped="0">
  <testcase classname="Day_003_Locators.TC01_cssSelector" name="Test2" time="21.395"/>
</testsuite> <!-- Day_003_Locators.TC01_cssSelector -->
