<?xml version="1.0" encoding="UTF-8"?>
<!-- Generated by org.testng.reporters.JUnitReportReporter -->
<testsuite hostname="admin-PC" failures="0" tests="1" name="Nationality.Highlight2" time="16.143" errors="0" timestamp="17 Jul 2019 15:13:08 GMT" skipped="0">
  <testcase classname="Nationality.Highlight2" name="Test1" time="16.143"/>
</testsuite> <!-- Nationality.Highlight2 -->
