<?xml version="1.0" encoding="UTF-8"?>
<!-- Generated by org.testng.reporters.JUnitReportReporter -->
<testsuite hostname="admin-PC" failures="0" tests="1" name="TestNGUtil.TestNGXML" time="1.824" errors="0" timestamp="15 Jul 2019 14:01:04 GMT" skipped="0">
  <testcase classname="TestNGUtil.TestNGXML" name="TestNG_Generate" time="1.824"/>
</testsuite> <!-- TestNGUtil.TestNGXML -->
