<?xml version="1.0" encoding="UTF-8"?>
<!-- Generated by org.testng.reporters.JUnitReportReporter -->
<testsuite hostname="DESKTOP-BDCU2EV" failures="0" tests="1" name="ABC_Demo123.TC01_Add_Education_Non_Static" time="14.198" errors="0" timestamp="2022-05-10T09:29:14 IST" skipped="0">
  <testcase classname="ABC_Demo123.TC01_Add_Education_Non_Static" name="EducationTest" time="14.198"/>
  <system-out/>
</testsuite> <!-- ABC_Demo123.TC01_Add_Education_Non_Static -->
