<?xml version="1.0" encoding="UTF-8"?>
<!-- Generated by org.testng.reporters.JUnitReportReporter -->
<testsuite hostname="Sudhakar-PC" failures="0" tests="1" name="Employee.AddEmpDataProvider6" time="158.603" errors="0" timestamp="07 Jul 2019 22:41:57 GMT" skipped="0">
  <testcase classname="Employee.AddEmpDataProvider6" name="AddEmployee_call_allmethods" time="158.603"/>
</testsuite> <!-- Employee.AddEmpDataProvider6 -->
