<?xml version="1.0" encoding="UTF-8"?>
<!-- Generated by org.testng.reporters.JUnitReportReporter -->
<testsuite hostname="Saryu-PC" failures="0" tests="1" name="Day_024_Advanced_Xpaths.TC06_Following_Siblings" time="9.567" errors="0" timestamp="18 Oct 2019 23:08:59 GMT" skipped="0">
  <testcase classname="Day_024_Advanced_Xpaths.TC06_Following_Siblings" name="Test1" time="9.567"/>
</testsuite> <!-- Day_024_Advanced_Xpaths.TC06_Following_Siblings -->
