<?xml version="1.0" encoding="UTF-8"?>
<!-- Generated by org.testng.reporters.JUnitReportReporter -->
<testsuite hostname="Sudhakar-PC" failures="0" tests="1" name="First_Demo9.TC01_Add_Nationality" time="116.445" errors="0" timestamp="2019-10-14T08:55:00 IST" skipped="0">
  <testcase classname="First_Demo9.TC01_Add_Nationality" name="Test1" time="116.445"/>
</testsuite> <!-- First_Demo9.TC01_Add_Nationality -->
