<?xml version="1.0" encoding="UTF-8"?>
<!-- Generated by org.testng.reporters.JUnitReportReporter -->
<testsuite hostname="Saryu-PC" failures="0" tests="1" name="Day_023_File_Upload_Download.FileDownLoad" time="37.779" errors="0" timestamp="2019-11-09T13:59:03 IST" skipped="0">
  <testcase classname="Day_023_File_Upload_Download.FileDownLoad" name="File_Download" time="37.779"/>
</testsuite> <!-- Day_023_File_Upload_Download.FileDownLoad -->
