<?xml version="1.0" encoding="UTF-8"?>
<!-- Generated by org.testng.reporters.JUnitReportReporter -->
<testsuite hostname="DESKTOP-BDCU2EV" failures="0" tests="1" name="ABC_Demo17.TC01_Highlight_WebElement" time="17.553" errors="0" timestamp="2022-03-14T09:36:33 IST" skipped="0">
  <testcase classname="ABC_Demo17.TC01_Highlight_WebElement" name="NationalitiesTest" time="17.553"/>
  <system-out/>
</testsuite> <!-- ABC_Demo17.TC01_Highlight_WebElement -->
