<?xml version="1.0" encoding="UTF-8"?>
<!-- Generated by org.testng.reporters.JUnitReportReporter -->
<testsuite hostname="NANI" failures="0" tests="2" name="Day_014_ParallelMethods.OrangeHRMTest2" time="23.470" errors="0" timestamp="2022-05-30T15:54:36 IST" skipped="0">
  <testcase classname="Day_014_ParallelMethods.OrangeHRMTest2" name="TC02_Test2" time="4.746"/>
  <system-out/>
  <testcase classname="Day_014_ParallelMethods.OrangeHRMTest2" name="TC01_Test1" time="18.724"/>
  <system-out/>
</testsuite> <!-- Day_014_ParallelMethods.OrangeHRMTest2 -->
