<?xml version="1.0" encoding="UTF-8"?>
<!-- Generated by org.testng.reporters.JUnitReportReporter -->
<testsuite hostname="NANI" failures="0" tests="4" name="practice1.Dataprovider_with_static_parameters" time="108.226" errors="0" timestamp="2022-05-29T13:44:00 IST" skipped="0">
  <testcase classname="practice1.Dataprovider_with_static_parameters" name="SkillsTest" time="30.949"/>
  <system-out/>
  <testcase classname="practice1.Dataprovider_with_static_parameters" name="SkillsTest" time="23.498"/>
  <system-out/>
  <testcase classname="practice1.Dataprovider_with_static_parameters" name="SkillsTest" time="24.991"/>
  <system-out/>
  <testcase classname="practice1.Dataprovider_with_static_parameters" name="SkillsTest" time="28.788"/>
  <system-out/>
</testsuite> <!-- practice1.Dataprovider_with_static_parameters -->
