<?xml version="1.0" encoding="UTF-8"?>
<!-- Generated by org.testng.reporters.JUnitReportReporter -->
<testsuite hostname="admin-PC" failures="0" tests="2" name="Pavan2.Mercury_OrangeHRM_Parllal" time="142.042" errors="0" timestamp="30 Jul 2019 16:08:06 GMT" skipped="0">
  <testcase classname="Pavan2.Mercury_OrangeHRM_Parllal" name="Test1" time="71.171"/>
  <testcase classname="Pavan2.Mercury_OrangeHRM_Parllal" name="Test2" time="70.871"/>
</testsuite> <!-- Pavan2.Mercury_OrangeHRM_Parllal -->
