<?xml version="1.0" encoding="UTF-8"?>
<!-- Generated by org.testng.reporters.JUnitReportReporter -->
<testsuite hostname="NANI" failures="0" tests="1" name="Day_002_Java.TC06_WebElement_isDisplayed" time="12.027" errors="0" timestamp="2022-05-15T11:33:56 IST" skipped="0">
  <testcase classname="Day_002_Java.TC06_WebElement_isDisplayed" name="login_test" time="12.027"/>
  <system-out/>
</testsuite> <!-- Day_002_Java.TC06_WebElement_isDisplayed -->
