<?xml version="1.0" encoding="UTF-8"?>
<!-- Generated by org.testng.reporters.JUnitReportReporter -->
<testsuite hostname="DESKTOP-VL2N6EH" failures="0" tests="1" name="ABC_Demo3.TC01_Test" time="9.046" errors="0" timestamp="2020-02-04T20:03:49 IST" skipped="0">
  <testcase classname="ABC_Demo3.TC01_Test" name="LoginTest" time="9.046"/>
</testsuite> <!-- ABC_Demo3.TC01_Test -->
