<?xml version="1.0" encoding="UTF-8"?>
<!-- Generated by org.testng.reporters.JUnitReportReporter -->
<testsuite hostname="NANI" failures="0" tests="2" name="ABC_DataProvider.TC01_Add_Skills5" time="57.951" errors="0" timestamp="2022-06-02T17:29:45 IST" skipped="0">
  <testcase classname="ABC_DataProvider.TC01_Add_Skills5" name="SkillsTest" time="28.395"/>
  <system-out/>
  <testcase classname="ABC_DataProvider.TC01_Add_Skills5" name="SkillsTest" time="29.556"/>
  <system-out/>
</testsuite> <!-- ABC_DataProvider.TC01_Add_Skills5 -->
