<?xml version="1.0" encoding="UTF-8"?>
<!-- Generated by org.testng.reporters.JUnitReportReporter -->
<testsuite hostname="NANI" failures="0" tests="1" name="Day_023_File_Upload_Download.TC06_AddPhoto_New_Employee" time="0.000" errors="0" timestamp="2022-06-07T13:55:08 IST" skipped="1">
  <testcase classname="Day_023_File_Upload_Download.TC06_AddPhoto_New_Employee" name="AddEmployee_call_allmethods" time="0.000">
    <skipped/>
  </testcase> <!-- AddEmployee_call_allmethods -->
  <system-out/>
</testsuite> <!-- Day_023_File_Upload_Download.TC06_AddPhoto_New_Employee -->
