<?xml version="1.0" encoding="UTF-8"?>
<!-- Generated by org.testng.reporters.JUnitReportReporter -->
<testsuite hostname="Saryu-PC" failures="0" tests="1" name="Day_002_Java.TC01_Login999" time="25.417" errors="0" timestamp="2019-11-11T20:07:24 IST" skipped="0">
  <testcase classname="Day_002_Java.TC01_Login999" name="loginTest1" time="25.417"/>
</testsuite> <!-- Day_002_Java.TC01_Login999 -->
