<?xml version="1.0" encoding="UTF-8"?>
<!-- Generated by org.testng.reporters.JUnitReportReporter -->
<testsuite hostname="Sudhakar-PC" failures="0" tests="1" name="Reporter_Example_Word.Report2" time="64.799" errors="0" timestamp="11 Sep 2019 21:17:57 GMT" skipped="0">
  <testcase classname="Reporter_Example_Word.Report2" name="Test1" time="64.799"/>
</testsuite> <!-- Reporter_Example_Word.Report2 -->
