<?xml version="1.0" encoding="UTF-8"?>
<!-- Generated by org.testng.reporters.JUnitReportReporter -->
<testsuite hostname="Sudhakar-PC" failures="0" tests="1" name="File_Upload_Download.AddEmpDataProvider4" time="47.701" errors="0" timestamp="20 Sep 2019 01:58:54 GMT" skipped="0">
  <testcase classname="File_Upload_Download.AddEmpDataProvider4" name="AddEmployee_call_allmethods" time="47.701"/>
</testsuite> <!-- File_Upload_Download.AddEmpDataProvider4 -->
