<?xml version="1.0" encoding="UTF-8"?>
<!-- Generated by org.testng.reporters.JUnitReportReporter -->
<testsuite hostname="Saryu-PC" failures="0" tests="1" name="Day_014_ParallelClasses.MercuryTest" time="13.947" errors="0" timestamp="02 Nov 2019 00:31:52 GMT" skipped="0">
  <testcase classname="Day_014_ParallelClasses.MercuryTest" name="Open_Mercury" time="13.947"/>
</testsuite> <!-- Day_014_ParallelClasses.MercuryTest -->
