<?xml version="1.0" encoding="UTF-8"?>
<!-- Generated by org.testng.reporters.JUnitReportReporter -->
<testsuite hostname="DESKTOP-BDCU2EV" failures="0" tests="1" name="Day_028_WebTable_Examples.ExportEmployees" time="77.736" errors="0" timestamp="2022-05-06T11:33:32 IST" skipped="0">
  <testcase classname="Day_028_WebTable_Examples.ExportEmployees" name="ExportAllEmployees" time="77.736"/>
  <system-out/>
</testsuite> <!-- Day_028_WebTable_Examples.ExportEmployees -->
