<?xml version="1.0" encoding="UTF-8"?>
<!-- Generated by org.testng.reporters.JUnitReportReporter -->
<testsuite hostname="NANI" failures="0" tests="1" name="Day_002_Java.TC08_WebElement_isSelected" time="25.768" errors="0" timestamp="2022-05-15T11:37:33 IST" skipped="0">
  <testcase classname="Day_002_Java.TC08_WebElement_isSelected" name="login_test" time="25.768"/>
  <system-out/>
</testsuite> <!-- Day_002_Java.TC08_WebElement_isSelected -->
