<?xml version="1.0" encoding="UTF-8"?>
<!-- Generated by org.testng.reporters.JUnitReportReporter -->
<testsuite hostname="Sudhakar-PC" failures="0" tests="1" name="First_Demo2.TC01_Login" time="42.092" errors="0" timestamp="28 Sep 2019 05:42:49 GMT" skipped="0">
  <testcase classname="First_Demo2.TC01_Login" name="test1" time="42.092"/>
</testsuite> <!-- First_Demo2.TC01_Login -->
