<?xml version="1.0" encoding="UTF-8"?>
<!-- Generated by org.testng.reporters.JUnitReportReporter -->
<testsuite hostname="NANI" failures="0" tests="1" name="ABC_Demo112.TC01_Addition" time="0.010" errors="0" timestamp="2022-05-25T19:25:04 IST" skipped="0">
  <testcase classname="ABC_Demo112.TC01_Addition" name="Addition" time="0.010"/>
  <system-out/>
</testsuite> <!-- ABC_Demo112.TC01_Addition -->
