<?xml version="1.0" encoding="UTF-8"?>
<!-- Generated by org.testng.reporters.JUnitReportReporter -->
<testsuite hostname="admin-PC" failures="0" tests="2" name="HTMLReport.Highlight8" time="40.121" errors="0" timestamp="26 Jul 2019 15:32:02 GMT" skipped="0">
  <testcase classname="HTMLReport.Highlight8" name="Test4" time="19.058"/>
  <testcase classname="HTMLReport.Highlight8" name="Test3" time="21.063"/>
</testsuite> <!-- HTMLReport.Highlight8 -->
