<?xml version="1.0" encoding="UTF-8"?>
<!-- Generated by org.testng.reporters.JUnitReportReporter -->
<testsuite hostname="NANI" failures="0" tests="1" name="Day_002_Java.TC07_WebElement_isEnabled" time="25.812" errors="0" timestamp="2022-05-15T11:35:08 IST" skipped="0">
  <testcase classname="Day_002_Java.TC07_WebElement_isEnabled" name="login_test" time="25.812"/>
  <system-out/>
</testsuite> <!-- Day_002_Java.TC07_WebElement_isEnabled -->
