<?xml version="1.0" encoding="UTF-8"?>
<!-- Generated by org.testng.reporters.JUnitReportReporter -->
<testsuite hostname="NANI" failures="0" tests="1" name="Day_023_File_Upload_Download.TC04_FileDownLoad2" time="49.623" errors="0" timestamp="2022-06-08T07:36:04 IST" skipped="0">
  <testcase classname="Day_023_File_Upload_Download.TC04_FileDownLoad2" name="File_Download" time="49.623"/>
  <system-out/>
</testsuite> <!-- Day_023_File_Upload_Download.TC04_FileDownLoad2 -->
