<?xml version="1.0" encoding="UTF-8"?>
<!-- Generated by org.testng.reporters.JUnitReportReporter -->
<testsuite hostname="Sudhakar-PC" failures="0" tests="1" name="RestAssured3.SoapRequest5" time="5.891" errors="0" timestamp="08 May 2019 02:08:25 GMT" skipped="0">
  <testcase classname="RestAssured3.SoapRequest5" name="listCountries" time="5.891"/>
</testsuite> <!-- RestAssured3.SoapRequest5 -->
