<?xml version="1.0" encoding="UTF-8"?>
<!-- Generated by org.testng.reporters.JUnitReportReporter -->
<testsuite hostname="DESKTOP-BDCU2EV" failures="0" tests="1" name="ABC_Demo123.TC01_Add_Education_Static" time="14.896" errors="0" timestamp="2022-05-10T09:31:25 IST" skipped="0">
  <testcase classname="ABC_Demo123.TC01_Add_Education_Static" name="EducationTest" time="14.896"/>
  <system-out/>
</testsuite> <!-- ABC_Demo123.TC01_Add_Education_Static -->
