<?xml version="1.0" encoding="UTF-8"?>
<!-- Generated by org.testng.reporters.JUnitReportReporter -->
<testsuite hostname="NANI" failures="0" tests="1" name="practice.Homepage123" time="53.020" errors="0" timestamp="2022-06-13T19:06:51 IST" skipped="0">
  <testcase classname="practice.Homepage123" name="openBrowser" time="53.020"/>
  <system-out/>
</testsuite> <!-- practice.Homepage123 -->
