<?xml version="1.0" encoding="UTF-8"?>
<!-- Generated by org.testng.reporters.JUnitReportReporter -->
<testsuite hostname="Sudhakar-PC" failures="0" tests="1" name="Java_Script_Executer.JavaSE_Hori_pixcel" time="28.631" errors="0" timestamp="20 Sep 2019 22:15:26 GMT" skipped="0">
  <testcase classname="Java_Script_Executer.JavaSE_Hori_pixcel" name="Login" time="28.631"/>
</testsuite> <!-- Java_Script_Executer.JavaSE_Hori_pixcel -->
