<?xml version="1.0" encoding="UTF-8"?>
<!-- Generated by org.testng.reporters.JUnitReportReporter -->
<testsuite hostname="NANI" failures="0" tests="3" name="Day_005_TestNG_DataProvider_Lab1.TC01_Add_jobs4_Methods_Prameters" time="82.841" errors="0" timestamp="2022-05-23T13:56:04 IST" skipped="0">
  <testcase classname="Day_005_TestNG_DataProvider_Lab1.TC01_Add_jobs4_Methods_Prameters" name="JobsTest" time="28.847"/>
  <system-out/>
  <testcase classname="Day_005_TestNG_DataProvider_Lab1.TC01_Add_jobs4_Methods_Prameters" name="JobsTest" time="18.312"/>
  <system-out/>
  <testcase classname="Day_005_TestNG_DataProvider_Lab1.TC01_Add_jobs4_Methods_Prameters" name="JobsTest" time="35.682"/>
  <system-out/>
</testsuite> <!-- Day_005_TestNG_DataProvider_Lab1.TC01_Add_jobs4_Methods_Prameters -->
