<?xml version="1.0" encoding="UTF-8"?>
<!-- Generated by org.testng.reporters.JUnitReportReporter -->
<testsuite hostname="NANI" failures="0" tests="1" name="Day_002_Java.TC02_Login_Static" time="207.108" errors="0" timestamp="2022-05-15T11:23:30 IST" skipped="0">
  <testcase classname="Day_002_Java.TC02_Login_Static" name="Login_Test" time="207.108"/>
  <system-out/>
</testsuite> <!-- Day_002_Java.TC02_Login_Static -->
