<?xml version="1.0" encoding="UTF-8"?>
<!-- Generated by org.testng.reporters.JUnitReportReporter -->
<testsuite hostname="DESKTOP-VL2N6EH" failures="0" tests="1" name="ABC_Demo2.TC01_Login" time="9.661" errors="0" timestamp="2020-02-04T19:59:25 IST" skipped="0">
  <testcase classname="ABC_Demo2.TC01_Login" name="Login_Test" time="9.661"/>
</testsuite> <!-- ABC_Demo2.TC01_Login -->
