<?xml version="1.0" encoding="UTF-8"?>
<!-- Generated by org.testng.reporters.JUnitReportReporter -->
<testsuite hostname="Sudhakar-PC" failures="0" tests="1" name="Waits.TC04_Thread_Sleep" time="31.986" errors="0" timestamp="19 Sep 2019 01:25:17 GMT" skipped="0">
  <testcase classname="Waits.TC04_Thread_Sleep" name="Login_Test" time="31.986"/>
</testsuite> <!-- Waits.TC04_Thread_Sleep -->
