<?xml version="1.0" encoding="UTF-8"?>
<!-- Generated by org.testng.reporters.JUnitReportReporter -->
<testsuite hostname="Saryu-PC" failures="0" tests="1" name="Day_001_Demo.TC01_Login3" time="13.712" errors="0" timestamp="02 Nov 2019 04:20:26 GMT" skipped="0">
  <testcase classname="Day_001_Demo.TC01_Login3" name="login_test" time="13.712"/>
</testsuite> <!-- Day_001_Demo.TC01_Login3 -->
