<?xml version="1.0" encoding="UTF-8"?>
<!-- Generated by org.testng.reporters.JUnitReportReporter -->
<testsuite hostname="admin-PC" failures="0" tests="1" name="Pavan2.BrowserTesting" time="19.807" errors="0" timestamp="03 Aug 2019 10:39:24 GMT" skipped="0">
  <testcase classname="Pavan2.BrowserTesting" name="Test3" time="19.807"/>
</testsuite> <!-- Pavan2.BrowserTesting -->
