<?xml version="1.0" encoding="UTF-8"?>
<!-- Generated by org.testng.reporters.JUnitReportReporter -->
<testsuite hostname="DESKTOP-BDCU2EV" failures="0" tests="1" name="ABC_Demo14.TC01_Add_Skills" time="14.291" errors="0" timestamp="2022-05-11T09:29:24 IST" skipped="0">
  <testcase classname="ABC_Demo14.TC01_Add_Skills" name="SkillsTest" time="14.291"/>
  <system-out/>
</testsuite> <!-- ABC_Demo14.TC01_Add_Skills -->
