<?xml version="1.0" encoding="UTF-8"?>
<!-- Generated by org.testng.reporters.JUnitReportReporter -->
<testsuite hostname="NANI" failures="0" tests="1" name="Day_023_File_Upload_Download.FileUploadsucess" time="113.705" errors="0" timestamp="2022-06-08T06:32:40 IST" skipped="0">
  <testcase classname="Day_023_File_Upload_Download.FileUploadsucess" name="File_upload" time="113.705"/>
  <system-out/>
</testsuite> <!-- Day_023_File_Upload_Download.FileUploadsucess -->
