<?xml version="1.0" encoding="UTF-8"?>
<!-- Generated by org.testng.reporters.JUnitReportReporter -->
<testsuite hostname="NANI" failures="0" tests="1" name="Day_003_Locators.TC07_className" time="35.709" errors="0" timestamp="2022-05-16T09:10:53 IST" skipped="0">
  <testcase classname="Day_003_Locators.TC07_className" name="Test2" time="35.709"/>
  <system-out/>
</testsuite> <!-- Day_003_Locators.TC07_className -->
