<?xml version="1.0" encoding="UTF-8"?>
<!-- Generated by org.testng.reporters.JUnitReportReporter -->
<testsuite hostname="Sudhakar-PC" failures="0" tests="2" name="ParallelMethods.AllTests" time="39.173" errors="0" timestamp="18 Sep 2019 13:52:20 GMT" skipped="0">
  <testcase classname="ParallelMethods.AllTests" name="Mercury" time="18.800"/>
  <testcase classname="ParallelMethods.AllTests" name="OrangeHRM" time="20.373"/>
</testsuite> <!-- ParallelMethods.AllTests -->
