<?xml version="1.0" encoding="UTF-8"?>
<!-- Generated by org.testng.reporters.JUnitReportReporter -->
<testsuite hostname="NANI" failures="0" tests="2" name="Day_033_TestNG_Annotations.AllTests" time="0.015" errors="0" timestamp="2022-06-15T14:09:22 IST" skipped="0">
  <testcase classname="Day_033_TestNG_Annotations.AllTests" name="Test100" time="0.004"/>
  <system-out/>
  <testcase classname="Day_033_TestNG_Annotations.AllTests" name="MainTest" time="0.011"/>
  <system-out/>
</testsuite> <!-- Day_033_TestNG_Annotations.AllTests -->
