<?xml version="1.0" encoding="UTF-8"?>
<!-- Generated by org.testng.reporters.JUnitReportReporter -->
<testsuite hostname="DESKTOP-BDCU2EV" failures="0" tests="1" name="Day_026_TakeScreenShot.Test4" time="8.424" errors="0" timestamp="2022-04-22T09:41:20 IST" skipped="0">
  <testcase classname="Day_026_TakeScreenShot.Test4" name="AddNationalitiess" time="8.424"/>
  <system-out/>
</testsuite> <!-- Day_026_TakeScreenShot.Test4 -->
