<?xml version="1.0" encoding="UTF-8"?>
<!-- Generated by org.testng.reporters.JUnitReportReporter -->
<testsuite hostname="Saryu-PC" failures="0" tests="1" name="First_Demo12.TC01_Login" time="19.860" errors="0" timestamp="26 Oct 2019 13:54:16 GMT" skipped="0">
  <testcase classname="First_Demo12.TC01_Login" name="Test1" time="19.860"/>
</testsuite> <!-- First_Demo12.TC01_Login -->
