<?xml version="1.0" encoding="UTF-8"?>
<!-- Generated by org.testng.reporters.JUnitReportReporter -->
<testsuite hostname="DESKTOP-VL2N6EH" failures="0" tests="3" name="Abhishake_Demo_Feb29.TC01_Login_Static_Parameters_Day005" time="127.060" errors="0" timestamp="2020-02-29T12:50:58 IST" skipped="0">
  <testcase classname="Abhishake_Demo_Feb29.TC01_Login_Static_Parameters_Day005" name="logintest" time="47.439"/>
  <testcase classname="Abhishake_Demo_Feb29.TC01_Login_Static_Parameters_Day005" name="logintest" time="41.699"/>
  <testcase classname="Abhishake_Demo_Feb29.TC01_Login_Static_Parameters_Day005" name="logintest" time="37.922"/>
</testsuite> <!-- Abhishake_Demo_Feb29.TC01_Login_Static_Parameters_Day005 -->
