<?xml version="1.0" encoding="UTF-8"?>
<!-- Generated by org.testng.reporters.JUnitReportReporter -->
<testsuite hostname="NANI" failures="0" tests="1" name="ABC_Demo114.numberofhyperlinks" time="233.739" errors="0" timestamp="2022-06-09T14:56:58 IST" skipped="0">
  <testcase classname="ABC_Demo114.numberofhyperlinks" name="LoginTest" time="233.739"/>
  <system-out/>
</testsuite> <!-- ABC_Demo114.numberofhyperlinks -->
