<?xml version="1.0" encoding="UTF-8"?>
<!-- Generated by org.testng.reporters.JUnitReportReporter -->
<testsuite hostname="DESKTOP-VL2N6EH" failures="0" tests="1" name="Day044_Return_Values.TC002_Return_Multiple_Values" time="0.019" errors="0" timestamp="2020-03-01T04:45:12 IST" skipped="0">
  <testcase classname="Day044_Return_Values.TC002_Return_Multiple_Values" name="Test1" time="0.019"/>
</testsuite> <!-- Day044_Return_Values.TC002_Return_Multiple_Values -->
