<?xml version="1.0" encoding="UTF-8"?>
<!-- Generated by org.testng.reporters.JUnitReportReporter -->
<testsuite hostname="NANI" failures="0" tests="1" name="Basic_Login.NewTest" time="16.124" errors="0" timestamp="2022-05-25T12:08:39 IST" skipped="0">
  <testcase classname="Basic_Login.NewTest" name="MainMethod" time="16.124"/>
  <system-out/>
</testsuite> <!-- Basic_Login.NewTest -->
