<?xml version="1.0" encoding="UTF-8"?>
<!-- Generated by org.testng.reporters.JUnitReportReporter -->
<testsuite hostname="Saryu-PC" failures="0" tests="2" name="Day_016_ParallelMethods.AllTests" time="37.045" errors="0" timestamp="02 Nov 2019 00:47:20 GMT" skipped="0">
  <testcase classname="Day_016_ParallelMethods.AllTests" name="OrangeHRM" time="20.905"/>
  <testcase classname="Day_016_ParallelMethods.AllTests" name="Mercury" time="16.140"/>
</testsuite> <!-- Day_016_ParallelMethods.AllTests -->
