<?xml version="1.0" encoding="UTF-8"?>
<!-- Generated by org.testng.reporters.JUnitReportReporter -->
<testsuite hostname="Sudhakar-PC" failures="0" tests="1" name="Social_Media.TC02_Way2SMS" time="0.000" errors="0" timestamp="14 Sep 2019 16:16:40 GMT" skipped="1">
  <testcase classname="Social_Media.TC02_Way2SMS" name="Test3" time="0.000">
    <skipped/>
  </testcase> <!-- Test3 -->
</testsuite> <!-- Social_Media.TC02_Way2SMS -->
