<?xml version="1.0" encoding="UTF-8"?>
<!-- Generated by org.testng.reporters.JUnitReportReporter -->
<testsuite hostname="DESKTOP-VL2N6EH" failures="0" tests="1" name="Day_40_Key_Word_Driven1.TC01_Nationality" time="27.275" errors="0" timestamp="2020-02-21T21:26:53 IST" skipped="0">
  <testcase classname="Day_40_Key_Word_Driven1.TC01_Nationality" name="TC01_Test" time="27.275"/>
</testsuite> <!-- Day_40_Key_Word_Driven1.TC01_Nationality -->
