<?xml version="1.0" encoding="UTF-8"?>
<!-- Generated by org.testng.reporters.JUnitReportReporter -->
<testsuite hostname="admin-PC" failures="0" tests="1" name="Nationality.Locators" time="35.704" errors="0" timestamp="02 Aug 2019 01:40:52 GMT" skipped="0">
  <testcase classname="Nationality.Locators" name="Test1" time="35.704"/>
</testsuite> <!-- Nationality.Locators -->
