<?xml version="1.0" encoding="UTF-8"?>
<!-- Generated by org.testng.reporters.JUnitReportReporter -->
<testsuite hostname="admin-PC" failures="0" tests="2" name="Nationality.Highlight9" time="107.859" errors="0" timestamp="26 Jul 2019 15:21:55 GMT" skipped="0">
  <testcase classname="Nationality.Highlight9" name="Test2" time="71.405"/>
  <testcase classname="Nationality.Highlight9" name="Test1" time="36.454"/>
</testsuite> <!-- Nationality.Highlight9 -->
