<?xml version="1.0" encoding="UTF-8"?>
<!-- Generated by org.testng.reporters.JUnitReportReporter -->
<testsuite hostname="DESKTOP-VL2N6EH" failures="0" tests="1" name="ABC_Demo5.TC01_Login_Static" time="17.486" errors="0" timestamp="2020-02-06T19:52:25 IST" skipped="0">
  <testcase classname="ABC_Demo5.TC01_Login_Static" name="loginTest" time="17.486"/>
</testsuite> <!-- ABC_Demo5.TC01_Login_Static -->
