<?xml version="1.0" encoding="UTF-8"?>
<!-- Generated by org.testng.reporters.JUnitReportReporter -->
<testsuite hostname="Saryu-PC" failures="0" tests="1" name="Day_002_Java.TC01_Add_Nationa_NonStatic" time="25.470" errors="0" timestamp="26 Oct 2019 14:13:56 GMT" skipped="0">
  <testcase classname="Day_002_Java.TC01_Add_Nationa_NonStatic" name="test1" time="25.470"/>
</testsuite> <!-- Day_002_Java.TC01_Add_Nationa_NonStatic -->
