<?xml version="1.0" encoding="UTF-8"?>
<!-- Generated by org.testng.reporters.JUnitReportReporter -->
<testsuite hostname="DESKTOP-BDCU2EV" failures="0" tests="1" name="Day_024_Advanced_Xpaths.TC002_Relative_Xpath" time="6.361" errors="0" timestamp="2022-02-08T09:36:10 IST" skipped="0">
  <testcase classname="Day_024_Advanced_Xpaths.TC002_Relative_Xpath" name="Test1" time="6.361"/>
  <system-out/>
</testsuite> <!-- Day_024_Advanced_Xpaths.TC002_Relative_Xpath -->
