<?xml version="1.0" encoding="UTF-8"?>
<!-- Generated by org.testng.reporters.JUnitReportReporter -->
<testsuite hostname="NANI" failures="0" tests="1" name="Day_031_FailedTestCases.OrangeHRMTest" time="7.900" errors="0" timestamp="2022-05-30T12:33:15 IST" skipped="0">
  <testcase classname="Day_031_FailedTestCases.OrangeHRMTest" name="Open_OrangeHRM" time="7.900"/>
  <system-out/>
</testsuite> <!-- Day_031_FailedTestCases.OrangeHRMTest -->
