<?xml version="1.0" encoding="UTF-8"?>
<!-- Generated by org.testng.reporters.JUnitReportReporter -->
<testsuite hostname="DESKTOP-BDCU2EV" failures="0" tests="1" name="Day_011_Katalon_Recorder.NewTest1" time="15.225" errors="0" timestamp="2022-05-07T10:46:20 IST" skipped="0">
  <testcase classname="Day_011_Katalon_Recorder.NewTest1" name="testUntitledTestCase" time="15.225"/>
  <system-out/>
</testsuite> <!-- Day_011_Katalon_Recorder.NewTest1 -->
