<?xml version="1.0" encoding="UTF-8"?>
<!-- Generated by org.testng.reporters.JUnitReportReporter -->
<testsuite hostname="NANI" failures="0" tests="1" name="Day_016_MultipleSuites.OrangeHRMTest" time="18.366" errors="0" timestamp="2022-06-09T17:37:31 IST" skipped="0">
  <testcase classname="Day_016_MultipleSuites.OrangeHRMTest" name="Open_OrangeHRM" time="18.366"/>
  <system-out/>
</testsuite> <!-- Day_016_MultipleSuites.OrangeHRMTest -->
