<?xml version="1.0" encoding="UTF-8"?>
<!-- Generated by org.testng.reporters.JUnitReportReporter -->
<testsuite hostname="admin-PC" failures="0" tests="1" name="Reporter_Example1.Report3" time="68.267" errors="0" timestamp="31 Aug 2019 09:39:28 GMT" skipped="0">
  <testcase classname="Reporter_Example1.Report3" name="Report3_Test" time="68.267"/>
</testsuite> <!-- Reporter_Example1.Report3 -->
