<?xml version="1.0" encoding="UTF-8"?>
<!-- Generated by org.testng.reporters.JUnitReportReporter -->
<testsuite hostname="Saryu-PC" failures="0" tests="1" name="Day_002_Java.TC01_Login_123" time="16.691" errors="0" timestamp="26 Oct 2019 11:04:56 GMT" skipped="0">
  <testcase classname="Day_002_Java.TC01_Login_123" name="Test5" time="16.691"/>
</testsuite> <!-- Day_002_Java.TC01_Login_123 -->
