<?xml version="1.0" encoding="UTF-8"?>
<!-- Generated by org.testng.reporters.JUnitReportReporter -->
<testsuite hostname="admin-PC" failures="0" tests="3" name="Nationality.MercuryDataProvider2" time="100.006" errors="0" timestamp="10 Aug 2019 06:35:32 GMT" skipped="0">
  <testcase classname="Nationality.MercuryDataProvider2" name="Test1" time="60.403"/>
  <testcase classname="Nationality.MercuryDataProvider2" name="Test1" time="18.870"/>
  <testcase classname="Nationality.MercuryDataProvider2" name="Test1" time="20.733"/>
</testsuite> <!-- Nationality.MercuryDataProvider2 -->
