<?xml version="1.0" encoding="UTF-8"?>
<!-- Generated by org.testng.reporters.JUnitReportReporter -->
<testsuite hostname="NANI" failures="0" tests="1" name="practice1.FileUpload" time="48.301" errors="0" timestamp="2022-06-08T16:40:56 IST" skipped="0">
  <testcase classname="practice1.FileUpload" name="File_upload" time="48.301"/>
  <system-out/>
</testsuite> <!-- practice1.FileUpload -->
