<?xml version="1.0" encoding="UTF-8"?>
<!-- Generated by org.testng.reporters.JUnitReportReporter -->
<testsuite hostname="DESKTOP-BDCU2EV" failures="0" tests="1" name="ABC_Demo119.TC02_Multiplication" time="0.068" errors="0" timestamp="2022-05-06T09:45:13 IST" skipped="0">
  <testcase classname="ABC_Demo119.TC02_Multiplication" name="Test2Mul" time="0.068"/>
  <system-out/>
</testsuite> <!-- ABC_Demo119.TC02_Multiplication -->
