<?xml version="1.0" encoding="UTF-8"?>
<!-- Generated by org.testng.reporters.JUnitReportReporter -->
<testsuite hostname="NANI" failures="0" tests="1" name="Day_025_ExcelUtil_Apache_POI.TC04_Excel_Test_xlsx" time="1.433" errors="0" timestamp="2022-06-09T15:14:23 IST" skipped="0">
  <testcase classname="Day_025_ExcelUtil_Apache_POI.TC04_Excel_Test_xlsx" name="hello" time="1.433"/>
  <system-out/>
</testsuite> <!-- Day_025_ExcelUtil_Apache_POI.TC04_Excel_Test_xlsx -->
