<?xml version="1.0" encoding="UTF-8"?>
<!-- Generated by org.testng.reporters.JUnitReportReporter -->
<testsuite hostname="DESKTOP-VL2N6EH" failures="0" tests="1" name="Day_024_Advanced_Xpaths.TC012_self" time="13.565" errors="0" timestamp="2020-02-21T19:11:57 IST" skipped="0">
  <testcase classname="Day_024_Advanced_Xpaths.TC012_self" name="Test1" time="13.565"/>
</testsuite> <!-- Day_024_Advanced_Xpaths.TC012_self -->
