<?xml version="1.0" encoding="UTF-8"?>
<!-- Generated by org.testng.reporters.JUnitReportReporter -->
<testsuite hostname="DESKTOP-BDCU2EV" failures="0" tests="1" name="DAY045_CSS_Selectors.TC02_Class" time="9.935" errors="0" timestamp="2022-04-30T09:18:19 IST" skipped="0">
  <testcase classname="DAY045_CSS_Selectors.TC02_Class" name="Test2" time="9.935"/>
  <system-out/>
</testsuite> <!-- DAY045_CSS_Selectors.TC02_Class -->
