<?xml version="1.0" encoding="UTF-8"?>
<!-- Generated by org.testng.reporters.JUnitReportReporter -->
<testsuite hostname="admin-PC" failures="0" tests="1" name="Nationality.TakeScreenShot" time="33.765" errors="0" timestamp="20 Jul 2019 15:11:55 GMT" skipped="0">
  <testcase classname="Nationality.TakeScreenShot" name="Test11" time="33.765"/>
</testsuite> <!-- Nationality.TakeScreenShot -->
