<?xml version="1.0" encoding="UTF-8"?>
<!-- Generated by org.testng.reporters.JUnitReportReporter -->
<testsuite hostname="Sudhakar-PC" failures="0" tests="3" name="Employee.AddEmpDataProvider4" time="150.332" errors="0" timestamp="28 Apr 2019 02:17:14 GMT" skipped="0">
  <testcase classname="Employee.AddEmpDataProvider4" name="AddEmployee_call_allmethods" time="55.759"/>
  <testcase classname="Employee.AddEmpDataProvider4" name="AddEmployee_call_allmethods" time="46.039"/>
  <testcase classname="Employee.AddEmpDataProvider4" name="AddEmployee_call_allmethods" time="48.534"/>
</testsuite> <!-- Employee.AddEmpDataProvider4 -->
