<?xml version="1.0" encoding="UTF-8"?>
<!-- Generated by org.testng.reporters.JUnitReportReporter -->
<testsuite hostname="admin-PC" failures="0" tests="3" name="Nationality.Usermanage_Users" time="52.886" errors="0" timestamp="15 Jul 2019 16:07:14 GMT" skipped="0">
  <testcase classname="Nationality.Usermanage_Users" name="Usermanage_Users_call_allmethods" time="4.100"/>
  <testcase classname="Nationality.Usermanage_Users" name="Usermanage_Users_call_allmethods" time="44.126"/>
  <testcase classname="Nationality.Usermanage_Users" name="Usermanage_Users_call_allmethods" time="4.660"/>
</testsuite> <!-- Nationality.Usermanage_Users -->
