<?xml version="1.0" encoding="UTF-8"?>
<!-- Generated by org.testng.reporters.JUnitReportReporter -->
<testsuite hostname="admin-PC" failures="0" tests="3" name="Nationality.Qua_Skills" time="58.119" errors="0" timestamp="15 Jul 2019 15:48:00 GMT" skipped="0">
  <testcase classname="Nationality.Qua_Skills" name="Qua_Skills_call_allmethods" time="50.220"/>
  <testcase classname="Nationality.Qua_Skills" name="Qua_Skills_call_allmethods" time="4.576"/>
  <testcase classname="Nationality.Qua_Skills" name="Qua_Skills_call_allmethods" time="3.323"/>
</testsuite> <!-- Nationality.Qua_Skills -->
