<?xml version="1.0" encoding="UTF-8"?>
<!-- Generated by org.testng.reporters.JUnitReportReporter -->
<testsuite hostname="Sudhakar-PC" failures="0" tests="1" name="Employee.ExportEmployees" time="39.446" errors="0" timestamp="28 Apr 2019 02:17:14 GMT" skipped="0">
  <testcase classname="Employee.ExportEmployees" name="ExportAllEmployees" time="39.446"/>
</testsuite> <!-- Employee.ExportEmployees -->
