<?xml version="1.0" encoding="UTF-8"?>
<!-- Generated by org.testng.reporters.JUnitReportReporter -->
<testsuite hostname="Saryu-PC" failures="0" tests="1" name="TestCases.TC01_Add_Employee" time="8.394" errors="0" timestamp="25 Oct 2019 23:52:13 GMT" skipped="0">
  <testcase classname="TestCases.TC01_Add_Employee" name="PIM_Employeelist_call_allmethods" time="8.394"/>
</testsuite> <!-- TestCases.TC01_Add_Employee -->
