<?xml version="1.0" encoding="UTF-8"?>
<!-- Generated by org.testng.reporters.JUnitReportReporter -->
<testsuite hostname="admin-PC" failures="0" tests="2" name="Nationality.Nationality" time="44.679" errors="0" timestamp="16 Jul 2019 23:44:59 GMT" skipped="0">
  <testcase classname="Nationality.Nationality" name="Nationality_call_allmethods" time="40.396"/>
  <testcase classname="Nationality.Nationality" name="Nationality_call_allmethods" time="4.283"/>
</testsuite> <!-- Nationality.Nationality -->
