<?xml version="1.0" encoding="UTF-8"?>
<!-- Generated by org.testng.reporters.JUnitReportReporter -->
<testsuite hostname="Sudhakar-PC" failures="0" tests="3" name="TestNGUtil.Test8" time="263.122" errors="0" timestamp="06 Apr 2019 06:35:44 GMT" skipped="0">
  <testcase classname="TestNGUtil.Test8" name="ExportEmployees" time="84.048"/>
  <testcase classname="TestNGUtil.Test8" name="AddEmp_datadriventest1" time="139.862"/>
  <testcase classname="TestNGUtil.Test8" name="EmployeeSearch" time="39.212"/>
</testsuite> <!-- TestNGUtil.Test8 -->
