<?xml version="1.0" encoding="UTF-8"?>
<!-- Generated by org.testng.reporters.JUnitReportReporter -->
<testsuite hostname="sudhakar-PC" failures="0" tests="3" name="SamSung.Test8" time="229.721" errors="0" timestamp="17 Mar 2019 23:45:15 GMT" skipped="0">
  <testcase classname="SamSung.Test8" name="TC01" time="76.101"/>
  <testcase classname="SamSung.Test8" name="TC02" time="77.116"/>
  <testcase classname="SamSung.Test8" name="TC03" time="76.504"/>
</testsuite> <!-- SamSung.Test8 -->
