<?xml version="1.0" encoding="UTF-8"?>
<!-- Generated by org.testng.reporters.JUnitReportReporter -->
<testsuite hostname="Saryu-PC" failures="0" tests="1" name="TestCases.TC01_Add_Admin_Users" time="26.155" errors="0" timestamp="26 Aug 2019 02:35:20 GMT" skipped="0">
  <testcase classname="TestCases.TC01_Add_Admin_Users" name="Admin_Users_call_allmethods" time="26.155"/>
</testsuite> <!-- TestCases.TC01_Add_Admin_Users -->
