<?xml version="1.0" encoding="UTF-8"?>
<!-- Generated by org.testng.reporters.JUnitReportReporter -->
<testsuite hostname="Saryu-PC" failures="0" tests="1" name="TestCases.TC01_Add_Nationality" time="8.178" errors="0" timestamp="23 Aug 2019 07:04:36 GMT" skipped="0">
  <testcase classname="TestCases.TC01_Add_Nationality" name="Nationality_call_allmethods" time="8.178"/>
</testsuite> <!-- TestCases.TC01_Add_Nationality -->
