<?xml version="1.0" encoding="UTF-8"?>
<!-- Generated by org.testng.reporters.JUnitReportReporter -->
<testsuite hostname="Saryu-PC" failures="0" tests="1" name="Day_015_ParallelTests.OrangeHRMTest" time="13.140" errors="0" timestamp="05 Dec 2019 22:24:42 GMT" skipped="0">
  <testcase classname="Day_015_ParallelTests.OrangeHRMTest" name="Open_OrangeHRM" time="13.140"/>
</testsuite> <!-- Day_015_ParallelTests.OrangeHRMTest -->
