<?xml version="1.0" encoding="UTF-8"?>
<!-- Generated by org.testng.reporters.JUnitReportReporter -->
<testsuite hostname="Saryu-PC" failures="0" tests="1" name="Day_015_ParallelTests.MercuryTest" time="11.667" errors="0" timestamp="05 Dec 2019 22:24:42 GMT" skipped="0">
  <testcase classname="Day_015_ParallelTests.MercuryTest" name="Open_Mercury" time="11.667"/>
</testsuite> <!-- Day_015_ParallelTests.MercuryTest -->
